----part 1 start----
[ 1971-04-18T20:02:48.636        0:  1174:  1174 I/KernelSU        ] ksud::cli: command: PostFsData
[ 1971-04-18T20:02:48.643        0:  1174:  1174 I/KernelSU        ] ksud::utils: safemode: false
[ 1971-04-18T20:02:48.643        0:  1174:  1174 I/KernelSU        ] ksud::utils: kernel_safemode: false
[ 1971-04-18T20:02:48.643        0:  1174:  1174 I/KernelSU        ] ksud::module: /data/adb/post-fs-data.d not exists, skip
[ 1971-04-18T20:02:48.726        0:  1174:  1174 I/KernelSU        ] ksud::module: load policy: /data/adb/modules/zygisksu/sepolicy.rule
[ 1971-04-18T20:02:48.739        0:  1174:  1174 W/KernelSU        ] ksud::sepolicy: apply sepolicy batch partially succeeded: 19/21
[ 1971-04-18T20:02:48.740        0:  1174:  1174 I/KernelSU        ] ksud::module: load policy: /data/adb/modules/zygisk_lsposed/sepolicy.rule
[ 1971-04-18T20:02:48.751        0:  1174:  1174 I/KernelSU        ] ksud::module: load policy: /data/adb/modules/lib_tombstone/sepolicy.rule
[ 1971-04-18T20:02:48.762        0:  1174:  1174 W/KernelSU        ] ksud::sepolicy: apply sepolicy batch partially succeeded: 2/3
[ 1971-04-18T20:02:48.763        0:  1174:  1174 I/KernelSU        ] ksud::profile: profile sepolicy dir not exists.
[ 1971-04-18T20:02:48.763        0:  1174:  1174 I/KernelSU        ] ksud::utils: safemode: false
[ 1971-04-18T20:02:48.763        0:  1174:  1174 I/KernelSU        ] ksud::utils: kernel_safemode: false
[ 1971-04-18T20:02:48.763        0:  1174:  1174 I/KernelSU        ] ksud::feature: Initializing features from config...
[ 1971-04-18T20:02:48.763        0:  1174:  1174 I/KernelSU        ] ksud::feature: Loaded 4 features from config
[ 1971-04-18T20:02:48.764        0:  1174:  1174 I/KernelSU        ] ksud::feature: Applying feature configuration to kernel...
[ 1971-04-18T20:02:48.764        0:  1174:  1174 I/KernelSU        ] ksud::feature: Set feature su_compat to 1
[ 1971-04-18T20:02:48.764        0:  1174:  1174 I/KernelSU        ] ksud::feature: Set feature kernel_umount to 0
[ 1971-04-18T20:02:48.764        0:  1174:  1174 I/KernelSU        ] ksud::feature: Set feature sulog to 0
[ 1971-04-18T20:02:48.764        0:  1174:  1174 I/KernelSU        ] ksud::feature: Set feature adb_root to 0
[ 1971-04-18T20:02:48.764        0:  1174:  1174 I/KernelSU        ] ksud::feature: Applied 4 features successfully
[ 1971-04-18T20:02:48.764        0:  1174:  1174 I/KernelSU        ] ksud::feature: Saved 4 features to config
[ 1971-04-18T20:02:48.764        0:  1174:  1174 I/KernelSU        ] ksud::feature: Saved feature configuration to file
[ 1971-04-18T20:02:48.765        0:  1174:  1174 I/KernelSU        ] ksud::metamodule: Found metamodule in modules directory: /data/adb/modules/meta-overlayfs
[ 1971-04-18T20:02:48.768        0:  1174:  1174 I/KernelSU        ] ksud::metamodule: Found metamodule in modules directory: /data/adb/modules/meta-overlayfs
[ 1971-04-18T20:02:48.769        0:  1174:  1174 I/KernelSU        ] ksud::module: exec /data/adb/modules/zygisksu/post-fs-data.sh
[ 1971-04-18T20:02:48.785        0:  1186:  1186 I/zn-daemon64     ] Zygisk Next Daemon 1.3.4-746-d1b76b3-release
[ 1971-04-18T20:02:48.785        0:  1186:  1186 I/zn-daemon64     ] Kernel: 5.10.256-Jianke-Jiangnan aarch64
[ 1971-04-18T20:02:48.805        0:  1186:  1186 I/zn-daemon64     ] ** write prop
[ 1971-04-18T20:02:48.827        0:  1186:  1186 I/zn-daemon64     ] ** preparing payload ...
[ 1971-04-18T20:02:48.827        0:  1186:  1186 I/zn-daemon64     ] ** payload prepared
[ 1971-04-18T20:02:48.827        0:  1186:  1186 I/zn-daemon64     ] ** attaching init ...
[ 1971-04-18T20:02:48.828        0:  1186:  1186 I/zn-daemon64     ] ** init attached
[ 1971-04-18T20:02:48.828        0:  1186:  1186 I/zn-daemon64     ] ** loading payload ...
[ 1971-04-18T20:02:48.828        0:  1186:  1186 I/zn-daemon64     ] libpayload base: 7fa70ec000
[ 1971-04-18T20:02:48.828        0:  1186:  1186 I/zn-daemon64     ] ** payload loaded
[ 1971-04-18T20:02:48.829        0:  1186:  1186 I/zn-daemon64     ] ** setting up payload ...
[ 1971-04-18T20:02:48.829        0:  1186:  1186 I/zn-daemon64     ] ** payload has been setup
[ 1971-04-18T20:02:48.829        0:  1186:  1186 I/zn-daemon64     ] ** inline hook prepare ...
[ 1971-04-18T20:02:48.830        0:  1186:  1186 I/zn-daemon64     ] ** hooking execve
[ 1971-04-18T20:02:48.830        0:  1186:  1186 I/zn-daemon64     ] *** prepare trampoline
[ 1971-04-18T20:02:48.831        0:  1186:  1186 I/zn-daemon64     ] ** inline hook commit
[ 1971-04-18T20:02:48.831        0:  1186:  1186 I/zn-daemon64     ] execve hook installed
[ 1971-04-18T20:02:48.831        0:  1186:  1186 I/zn-daemon64     ] ** hooking wait4
[ 1971-04-18T20:02:48.831        0:  1186:  1186 I/zn-daemon64     ] *** prepare trampoline
[ 1971-04-18T20:02:48.833        0:  1186:  1186 I/zn-daemon64     ] ** inline hook commit
[ 1971-04-18T20:02:48.833        0:  1186:  1186 I/zn-daemon64     ] wait4 hook installed
[ 1971-04-18T20:02:48.833        0:  1186:  1186 I/zn-daemon64     ] inject success!
[ 1971-04-18T20:02:48.833        0:  1186:  1186 I/zn-daemon64     ] ** do cleanup
[ 1971-04-18T20:02:48.833        0:  1186:  1186 I/zn-daemon64     ] ** do restore
[ 1971-04-18T20:02:48.833        0:  1186:  1186 I/zn-daemon64     ] loading 64bit zygisk modules
[ 1971-04-18T20:02:48.833        0:  1186:  1186 I/zn-daemon64     ] loaded 64bit zygisk module zygisk_lsposed
[ 1971-04-18T20:02:48.834        0:  1186:  1186 I/zn-daemon64     ] loaded 1 64bit zygisk module(s)
[ 1971-04-18T20:02:48.834        0:  1186:  1186 I/zn-daemon64     ] loading 32bit zygisk modules
[ 1971-04-18T20:02:48.834        0:  1186:  1186 I/zn-daemon64     ] loaded 32bit zygisk module zygisk_lsposed
[ 1971-04-18T20:02:48.834        0:  1186:  1186 I/zn-daemon64     ] loaded 1 32bit zygisk module(s)
[ 1971-04-18T20:02:48.834        0:  1186:  1186 I/zn-daemon64     ] loading zn modules
[ 1971-04-18T20:02:48.834        0:  1186:  1186 I/zn-daemon64     ] loaded 0 zn modules
[ 1971-04-18T20:02:48.835        0:  1191:  1191 I/zn-daemon64     ] ** daemon launched
[ 1971-04-18T20:02:48.835        0:  1191:  1191 I/zn-daemon64     ] ** stop klog
[ 1971-04-18T20:02:48.836        0:  1191:  1191 I/zn-daemon64     ] ** denylist policy: 0
[ 1971-04-18T20:02:48.836        0:  1191:  1191 I/zn-daemon64     ] ** denylist enforce mode: 2
[ 1971-04-18T20:02:48.836        0:  1191:  1191 I/zn-daemon64     ] ** memory type: 0
[ 1971-04-18T20:02:48.836        0:  1191:  1191 I/zn-daemon64     ] ** linker mode: 1
[ 1971-04-18T20:02:48.836        0:  1191:  1191 I/zn-daemon64     ] ** write prop
[ 1971-04-18T20:02:48.837        0:  1174:  1174 I/KernelSU        ] ksud::module: exec /data/adb/modules/zygisk_lsposed/post-fs-data.sh
[ 1971-04-18T20:02:48.840        0:  1174:  1174 I/KernelSU        ] ksud::module: exec /data/adb/modules/re_kernel/post-fs-data.sh
[ 1971-04-18T20:02:48.849        0:  1174:  1174 I/KernelSU        ] ksud::module: exec /data/adb/modules/lib_tombstone/post-fs-data.sh
[ 1971-04-18T20:02:48.852        0:  1203:  1203 I/LSPosed         ] starting lspd 
[ 1971-04-18T20:02:48.859        0:  1208:  1208 I/LSPosed         ] started lspd 1207
[ 1971-04-18T20:02:48.895        0:  1174:  1174 I/KernelSU        ] ksud::module: exec /data/adb/modules/GGAT_10007/post-fs-data.sh
[ 1971-04-18T20:02:48.898        0:  1174:  1174 I/KernelSU        ] ksud::module: exec /data/adb/modules/WorkSettingPro/post-fs-data.sh
[ 1971-04-18T20:02:48.900        0:  1174:  1174 I/KernelSU        ] ksud::module: exec /data/adb/modules/scene_swap_controller/post-fs-data.sh
[ 1971-04-18T20:02:48.902        0:  1174:  1174 I/KernelSU        ] ksud::module: exec /data/adb/modules/scene_systemless/post-fs-data.sh
[ 1971-04-18T20:02:48.906        0:  1174:  1174 I/KernelSU        ] ksud::module: load /data/adb/modules/WorkSettingPro system.prop
[ 1971-04-18T20:02:48.909        0:  1174:  1174 I/KernelSU        ] ksud::resetprop: Loaded system.prop from /data/adb/modules/WorkSettingPro/system.prop
[ 1971-04-18T20:02:48.909        0:  1174:  1174 I/KernelSU        ] ksud::module: load /data/adb/modules/scene_swap_controller system.prop
[ 1971-04-18T20:02:48.910        0:  1174:  1174 I/KernelSU        ] ksud::resetprop: Loaded system.prop from /data/adb/modules/scene_swap_controller/system.prop
[ 1971-04-18T20:02:48.910        0:  1174:  1174 I/KernelSU        ] ksud::module: load /data/adb/modules/scene_systemless system.prop
[ 1971-04-18T20:02:48.911        0:  1174:  1174 I/KernelSU        ] ksud::resetprop: Loaded system.prop from /data/adb/modules/scene_systemless/system.prop
[ 1971-04-18T20:02:48.911        0:  1174:  1174 I/KernelSU        ] ksud::metamodule: Found metamodule in modules directory: /data/adb/modules/meta-overlayfs
[ 1971-04-18T20:02:48.912        0:  1174:  1174 I/KernelSU        ] ksud::metamodule: Executing mount script for metamodule
[ 1971-04-18T20:02:48.963        0:  1174:  1174 I/KernelSU        ] ksud::metamodule: Metamodule mount script executed successfully
[ 1971-04-18T20:02:48.963        0:  1174:  1174 I/KernelSU        ] ksud::utils: safemode: false
[ 1971-04-18T20:02:48.964        0:  1174:  1174 I/KernelSU        ] ksud::utils: kernel_safemode: false
[ 1971-04-18T20:02:48.964        0:  1174:  1174 I/KernelSU        ] ksud::module: /data/adb/post-mount.d not exists, skip
[ 1971-04-18T20:02:48.964        0:  1174:  1174 I/KernelSU        ] ksud::metamodule: Found metamodule in modules directory: /data/adb/modules/meta-overlayfs
[ 1971-04-18T20:02:48.965        0:  1174:  1174 I/KernelSU        ] ksud::metamodule: Executing metamodule post-mount.sh
[ 1971-04-18T20:02:48.965        0:  1174:  1174 I/KernelSU        ] ksud::module: exec /data/adb/modules/meta-overlayfs/post-mount.sh
[ 1971-04-18T20:02:48.972        0:  1236:  1236 I/KernelSU        ] ksud::cli: command: Kernel { command: NukeExt4Sysfs { mnt: "/data/adb/modules/meta-overlayfs/mnt" } }
[ 1971-04-18T20:02:48.973        0:  1174:  1174 I/KernelSU        ] ksud::metamodule: Metamodule post-mount.sh executed successfully
[ 1971-04-18T20:02:48.974        0:  1174:  1174 I/KernelSU        ] ksud::metamodule: Found metamodule in modules directory: /data/adb/modules/meta-overlayfs
[ 1971-04-18T20:02:48.975        0:  1174:  1174 I/KernelSU        ] ksud::module: exec /data/adb/modules/zygisk_lsposed/post-mount.sh
[ 1971-04-18T20:02:48.999        0:  1242:  1242 I/LSPosed         ] starting lspd 
[ 1971-04-18T20:02:49.006        0:  1244:  1244 I/LSPosed         ] started lspd 1243
[ 1971-04-18T20:02:49.076        0:  1243:  1243 D/AndroidRuntime  ] >>>>>> START com.android.internal.os.RuntimeInit uid 0 <<<<<<
[ 1971-04-18T20:02:49.080        0:  1243:  1243 I/AndroidRuntime  ] Using default boot image
[ 1971-04-18T20:02:49.080        0:  1243:  1243 I/AndroidRuntime  ] Leaving lock profiling enabled
[ 1971-04-18T20:02:49.082        0:  1243:  1243 I/lspd            ] Using CollectorTypeCC GC.
[ 1971-04-18T20:02:49.082        0:  1243:  1243 I/lspd            ] MMAP_TRYLOCK is supported in uffd errno:2 addr:0x7227842000 size:4096
[ 2026-06-07T16:44:33.975        0:  1243:  1243 D/nativeloader    ] InitDefaultPublicLibraries for_preload=1: libandroid.so:libaaudio.so:libamidi.so:libbinder_ndk.so:libc.so:libcamera2ndk.so:libdl.so:libEGL.so:libGLESv1_CM.so:libGLESv2.so:libGLESv3.so:libicu.so:libicui18n.so:libicuuc.so:libjnigraphics.so:liblog.so:libmediandk.so:libm.so:libnativehelper.so:libnativewindow.so:libOpenMAXAL.so:libOpenSLES.so:libRS.so:libstdc++.so:libsync.so:libvulkan.so:libwebviewchromium_plat_support.so:libz.so
[ 2026-06-07T16:44:34.003        0:  1243:  1243 D/nativeloader    ] Load libicu_jni.so using APEX ns com_android_art for caller /apex/com.android.art/javalib/core-oj.jar: ok
[ 2026-06-07T16:44:34.005        0:  1243:  1243 D/lspd            ] u_setTimeZoneFilesDirectory("/apex/com.android.tzdata/etc/tz/versioned/9/icu") succeeded. 
[ 2026-06-07T16:44:34.005        0:  1243:  1243 D/lspd            ] I18n APEX ICU file found: /apex/com.android.i18n/etc/icu/icudt76l.dat
[ 2026-06-07T16:44:34.011        0:  1243:  1243 D/nativeloader    ] Load libjavacore.so using APEX ns com_android_art for caller /apex/com.android.art/javalib/core-oj.jar: ok
[ 2026-06-07T16:44:34.014        0:  1243:  1243 D/nativeloader    ] Load libopenjdk.so using APEX ns com_android_art for caller /apex/com.android.art/javalib/core-oj.jar: ok
[ 2026-06-07T16:44:34.086        0:  1243:  1243 D/nativeloader    ] Load libframework-connectivity-tiramisu-jni.so using APEX ns com_android_tethering for caller /apex/com.android.tethering/javalib/framework-connectivity-t.jar: ok
[ 2026-06-07T16:44:34.086        0:  1243:  1243 D/AndroidRuntime  ] Calling main entry org.lsposed.lspd.Main
[ 2026-06-07T16:44:34.105        0:  1243:  1243 I/LSPosedService  ] starting server...
[ 2026-06-07T16:44:34.121        0:  1243:  1243 I/LSPosedService  ] version 1.9.2-it (7467)
[ 2026-06-07T16:44:34.121        0:  1243:  1243 D/nativeloader    ] InitApexLibraries:
  com_android_art: libnativehelper.so
  com_android_i18n: libicui18n.so:libicuuc.so:libicu.so
  com_android_neuralnetworks: libneuralnetworks.so
[ 2026-06-07T16:44:34.121        0:  1243:  1243 D/nativeloader    ] InitDefaultPublicLibraries for_preload=0: libandroid.so:libaaudio.so:libamidi.so:libbinder_ndk.so:libc.so:libcamera2ndk.so:libclang_rt.hwasan-aarch64-android.so:libdl.so:libEGL.so:libGLESv1_CM.so:libGLESv2.so:libGLESv3.so:libjnigraphics.so:liblog.so:libmediandk.so:libm.so:libnativewindow.so:libOpenMAXAL.so:libOpenSLES.so:libRS.so:libstdc++.so:libsync.so:libvulkan.so:libwebviewchromium_plat_support.so:libz.so
[ 2026-06-07T16:44:34.122        0:  1243:  1243 D/nativeloader    ] Configuring clns-1 for other apk . target_sdk_version=0, uses_libraries=ALL, library_path=/system/lib64:/system_ext/lib64, permitted_path=/data:/mnt/expand
[ 2026-06-07T16:44:34.123        0:  1243:  1243 D/nativeloader    ] InitExtendedPublicLibraries: libbinauralrenderer_wrapper.qti.so:libhoaeffects.qti.so:libmisys_jni.xiaomi.so:libpag.hyperos.so:libffavc.hyperos.so:libxiaomi_modemdumpsdx55_jni.modem.so:libxiaomi_modemdump_jni.modem.so:libmodemsmartengine_jni.modem.so:libupdateprof.qti.so:libthermalclient.qti.so:libdiag_system.qti.so:libqape.qti.so:libqesdk_ndk_platform.qti.so:liblistenjni.qti.so:libautoui_image.xiaomi.so
[ 2026-06-07T16:44:34.123        0:  1243:  1243 D/nativeloader    ] Extending system_exposed_libraries: libbinauralrenderer_wrapper.qti.so:libhoaeffects.qti.so:libmisys_jni.xiaomi.so:libpag.hyperos.so:libffavc.hyperos.so:libxiaomi_modemdumpsdx55_jni.modem.so:libxiaomi_modemdump_jni.modem.so:libmodemsmartengine_jni.modem.so:libupdateprof.qti.so:libthermalclient.qti.so:libdiag_system.qti.so:libqape.qti.so:libqesdk_ndk_platform.qti.so:liblistenjni.qti.so:libautoui_image.xiaomi.so
[ 2026-06-07T16:44:34.124        0:  1243:  1243 D/nativeloader    ] InitVendorPublicLibraries: libqti-perfd-client.so:libadsprpc.so:libcdsprpc.so:libsdsprpc.so:libfastcvopt.so:libSNPE.so:libmialgo_ai_vision.so:libmialgo_utils.so:libxmi_slow_motion_mein.so:libmiocr.so:libOpenCL.so:libOpenCL_adreno.so:libgpumemtracer.so:libgpuservice.so:gpu++.so
[ 2026-06-07T16:44:34.124        0:  1243:  1243 D/nativeloader    ] InitProductPublicLibraries: 
[ 2026-06-07T16:44:34.127        0:  1243:  1243 D/nativeloader    ] Load /data/adb/modules/zygisk_lsposed/daemon.apk!/lib/arm64-v8a/libdaemon.so using isolated ns clns-1 (caller=/data/adb/modules/zygisk_lsposed/daemon.apk): ok
[ 2026-06-07T16:44:34.131        0:  1243:  1322 I/LSPosedLogcat   ] start running
[ 2026-06-07T16:44:34.132        0:  1243:  1322 I/LSPosedLogcat   ] New log file: /data/adb/lspd/log/verbose_2026-06-07T16:44:34.132188.log
[ 2026-06-07T16:44:34.132        0:  1243:  1322 I/LSPosedLogcat   ] New log file: /data/adb/lspd/log/modules_2026-06-07T16:44:34.132776.log
[ 2026-06-07T16:44:34.146        0:  1243:  1243 W/lspd            ] ClassLoaderContext classpath size mismatch. expected=0, found=1 (PCL[] | PCL[/system_ext/framework/miui-framework.autoui.jar*2881616845])
[ 2026-06-07T16:44:34.154        0:  1243:  1243 I/MessageMonitor  ] Load libmiui_runtime
[ 2026-06-07T16:44:34.156        0:  1243:  1243 D/nativeloader    ] Load libmiui_runtime.so using system ns (caller=/system_ext/framework/miui-framework.jar): ok
[ 2026-06-07T16:44:34.156        0:  1243:  1243 E/lspd            ] register_android_view_SurfaceRuntimeShader  
[ 2026-06-07T16:44:34.156        0:  1243:  1243 E/lspd            ] register_android_view_SurfaceRuntimeShader  0
[ 2026-06-07T16:44:34.163        0:  1243:  1243 W/SQLiteCompatibilityWalFlags ] Cannot read global setting sqlite_compatibility_wal_flags - Application state not available
[ 2026-06-07T16:44:34.163        0:  1191:  1328 I/zn-daemon64     ] ** new zygote process: 1332 /system/bin/app_process64 name=zygote
[ 2026-06-07T16:44:34.167        0:  1333:  1333 I/zn-daemon64     ] ** run zygote-injector for 1332: 1333 ./bin/zygiskd64
[ 2026-06-07T16:44:34.172        0:  1191:  1222 I/zn-daemon64     ] ** new zygote process: 1334 /system/bin/app_process32 name=zygote_secondary
[ 2026-06-07T16:44:34.174        0:  1337:  1337 I/zn-daemon64     ] ** run zygote-injector for 1334: 1337 ./bin/zygiskd32
[ 2026-06-07T16:44:34.175        0:  1333:  1333 I/zn-injector64   ] injecting zygote 1332 (injector 1333)
[ 2026-06-07T16:44:34.177        0:  1243:  1243 D/ThemeCompatibility ] START loading theme compatibility config.
[ 2026-06-07T16:44:34.178        0:  1243:  1243 D/ThemeCompatibility ] getVersion(): /data/system/theme_config/theme_compatibility.xml  java.io.FileNotFoundException: /data/system/theme_config/theme_compatibility.xml: open failed: ENOENT (No such file or directory)
[ 2026-06-07T16:44:34.179        0:  1243:  1243 D/ThemeCompatibility ] getConfigDocumentTree(): 140 vs -1
[ 2026-06-07T16:44:34.179        0:  1243:  1243 D/ThemeCompatibility ]     parse file: /product/media/theme/theme_compatibility.xml
[ 2026-06-07T16:44:34.180        0:  1243:  1243 D/ThemeCompatibility ] END loading: version=140 size=71
[ 2026-06-07T16:44:34.193        0:  1337:  1337 I/zn-injector32   ] injecting zygote 1334 (injector 1337)
[ 2026-06-07T16:44:34.199        0:  1243:  1329 D/nativeloader    ] Load libjavacrypto.so using APEX ns com_android_conscrypt for caller /apex/com.android.conscrypt/javalib/conscrypt.jar: ok
[ 2026-06-07T16:44:34.210        0:  1243:  1243 I/OverlayConfig   ] Sorting partitions in the specified order from partitions_order.xml
[ 2026-06-07T16:44:34.256        0:  1191:  1192 I/zn-daemon64     ] [zn-zygisk-loader64,0,1332,1332]Zygisk library injected, version 1.3.4-746-d1b76b3-release,exp_hook
[ 2026-06-07T16:44:34.256        0:  1191:  1192 I/zn-daemon64     ] [zn-zygisk-loader64,0,1332,1332]Start hooking
[ 2026-06-07T16:44:34.302        0:  1243:  1243 I/AssetManagerImpl  ] Load libmiui_runtime
[ 2026-06-07T16:44:34.321        0:  1243:  1243 I/lspd            ] AssetManager2(0xb400006fc27af178) locale list changing from [] to [zh-CN]
[ 2026-06-07T16:44:34.341        0:  1243:  1243 W/lspd            ] ClassLoaderContext parent mismatch.  (PCL[] | PCL[];PCL[/data/adb/modules/zygisk_lsposed/daemon.apk*4168448793])
[ 2026-06-07T16:44:34.370        0:  1191:  1338 I/zn-daemon64     ] zygote 1332 hook status: 1
[ 2026-06-07T16:44:34.370        0:  1333:  1333 I/zn-injector64   ] inject zygote 1332 succeed
[ 2026-06-07T16:44:34.371        0:  1191:  1328 I/zn-daemon64     ] ** inject success for 1332
[ 2026-06-07T16:44:34.371        0:  1191:  1328 I/zn-daemon64     ] ** write prop
[ 2026-06-07T16:44:34.403        0:  1243:  1243 I/AconfigPackage  ] com.android.icu is mapped to com.android.i18n
[ 2026-06-07T16:44:34.409        0:  1243:  1243 I/AconfigPackage  ] com.android.settings.accessibility is mapped to system_ext
[ 2026-06-07T16:44:34.409        0:  1243:  1243 I/AconfigPackage  ] com.android.settings.keyboard is mapped to system_ext
[ 2026-06-07T16:44:34.409        0:  1243:  1243 I/AconfigPackage  ] com.android.settings.factory_reset is mapped to system_ext
[ 2026-06-07T16:44:34.409        0:  1243:  1243 I/AconfigPackage  ] com.android.systemui.accessibility.accessibilitymenu is mapped to system_ext
[ 2026-06-07T16:44:34.409        0:  1243:  1243 I/AconfigPackage  ] com.android.server.policy.feature.flags is mapped to system_ext
[ 2026-06-07T16:44:34.409        0:  1243:  1243 I/AconfigPackage  ] com.android.settings.flags is mapped to system_ext
[ 2026-06-07T16:44:34.409        0:  1243:  1243 I/AconfigPackage  ] com.android.settings.media_drm is mapped to system_ext
[ 2026-06-07T16:44:34.409        0:  1243:  1243 I/AconfigPackage  ] com.android.launcher3 is mapped to system_ext
[ 2026-06-07T16:44:34.409        0:  1243:  1243 I/AconfigPackage  ] android.media.swcodec.flags is mapped to com.android.media.swcodec
[ 2026-06-07T16:44:34.410        0:  1243:  1243 I/AconfigPackage  ] com.android.os.statsd.flags is mapped to com.android.os.statsd
[ 2026-06-07T16:44:34.410        0:  1243:  1243 I/AconfigPackage  ] com.android.permission.flags is mapped to com.android.permission
[ 2026-06-07T16:44:34.411        0:  1243:  1243 I/AconfigPackage  ] com.android.net.ct.flags is mapped to com.android.tethering
[ 2026-06-07T16:44:34.411        0:  1243:  1243 I/AconfigPackage  ] com.android.net.flags is mapped to com.android.tethering
[ 2026-06-07T16:44:34.411        0:  1243:  1243 I/AconfigPackage  ] android.net.vcn is mapped to com.android.tethering
[ 2026-06-07T16:44:34.411        0:  1243:  1243 I/AconfigPackage  ] com.android.nearby.flags is mapped to com.android.tethering
[ 2026-06-07T16:44:34.411        0:  1243:  1243 I/AconfigPackage  ] android.net.http is mapped to com.android.tethering
[ 2026-06-07T16:44:34.411        0:  1243:  1243 I/AconfigPackage  ] com.android.net.thread.flags is mapped to com.android.tethering
[ 2026-06-07T16:44:34.412        0:  1243:  1243 I/AconfigPackage  ] com.android.org.conscrypt.flags is mapped to com.android.conscrypt
[ 2026-06-07T16:44:34.413        0:  1243:  1243 I/AconfigPackage  ] com.android.adservices.ondevicepersonalization.flags is mapped to com.android.ondevicepersonalization
[ 2026-06-07T16:44:34.413        0:  1243:  1243 I/AconfigPackage  ] com.android.system.virtualmachine.flags is mapped to com.android.virt
[ 2026-06-07T16:44:34.414        0:  1243:  1243 I/AconfigPackage  ] android.graphics.pdf.flags is mapped to com.android.mediaprovider
[ 2026-06-07T16:44:34.414        0:  1243:  1243 I/AconfigPackage  ] com.android.providers.media.flags is mapped to com.android.mediaprovider
[ 2026-06-07T16:44:34.414        0:  1243:  1243 I/AconfigPackage  ] android.graphics.pdf.flags.readonly is mapped to com.android.mediaprovider
[ 2026-06-07T16:44:34.414        0:  1243:  1243 I/AconfigPackage  ] com.android.uwb.flags is mapped to com.android.uwb
[ 2026-06-07T16:44:34.414        0:  1243:  1243 I/AconfigPackage  ] com.android.ranging.flags is mapped to com.android.uwb
[ 2026-06-07T16:44:34.415        0:  1243:  1243 I/AconfigPackage  ] com.android.ipsec.flags is mapped to com.android.ipsec
[ 2026-06-07T16:44:34.417        0:  1243:  1243 I/AconfigPackage  ] com.android.devicelock.flags is mapped to com.android.devicelock
[ 2026-06-07T16:44:34.417        0:  1243:  1243 I/AconfigPackage  ] android.uprobestats.mainline.flags is mapped to com.android.uprobestats
[ 2026-06-07T16:44:34.418        0:  1243:  1243 I/AconfigPackage  ] com.android.wifi.flags is mapped to com.android.wifi
[ 2026-06-07T16:44:34.419        0:  1243:  1243 I/AconfigPackage  ] com.android.healthfitness.flags is mapped to com.android.healthfitness
[ 2026-06-07T16:44:34.419        0:  1243:  1243 I/AconfigPackage  ] android.provider.flags is mapped to com.android.configinfrastructure
[ 2026-06-07T16:44:34.419        0:  1243:  1243 I/AconfigPackage  ] com.android.server.deviceconfig is mapped to com.android.configinfrastructure
[ 2026-06-07T16:44:34.420        0:  1243:  1243 I/AconfigPackage  ] com.android.media.extractor.flags is mapped to com.android.media
[ 2026-06-07T16:44:34.420        0:  1243:  1243 I/AconfigPackage  ] com.android.media.mainline.flags is mapped to com.android.media
[ 2026-06-07T16:44:34.422        0:  1243:  1243 I/AconfigPackage  ] android.app.admin.flags is mapped to system
[ 2026-06-07T16:44:34.422        0:  1243:  1243 I/AconfigPackage  ] android.database.sqlite is mapped to system
[ 2026-06-07T16:44:34.422        0:  1243:  1243 I/AconfigPackage  ] com.android.server.power.feature.flags is mapped to system
[ 2026-06-07T16:44:34.422        0:  1243:  1243 I/AconfigPackage  ] com.android.media.performance.flags is mapped to system
[ 2026-06-07T16:44:34.422        0:  1243:  1243 I/AconfigPackage  ] android.app.contextualsearch.flags is mapped to system
[ 2026-06-07T16:44:34.422        0:  1243:  1243 I/AconfigPackage  ] android.app.ondeviceintelligence.flags is mapped to system
[ 2026-06-07T16:44:34.422        0:  1243:  1243 I/AconfigPackage  ] com.android.media.projection.flags is mapped to system
[ 2026-06-07T16:44:34.422        0:  1243:  1243 I/AconfigPackage  ] android.companion is mapped to system
[ 2026-06-07T16:44:34.422        0:  1243:  1243 I/AconfigPackage  ] android.service.controls.flags is mapped to system
[ 2026-06-07T16:44:34.422        0:  1243:  1243 I/AconfigPackage  ] com.android.text.flags is mapped to system
[ 2026-06-07T16:44:34.422        0:  1243:  1243 I/AconfigPackage  ] com.android.providers.contactkeys.flags is mapped to system
[ 2026-06-07T16:44:34.422        0:  1243:  1243 I/AconfigPackage  ] android.companion.virtualdevice.flags is mapped to system
[ 2026-06-07T16:44:34.422        0:  1243:  1243 I/AconfigPackage  ] android.uprobestats.flags is mapped to system
[ 2026-06-07T16:44:34.422        0:  1243:  1243 I/AconfigPackage  ] com.android.net.thread.platform.flags is mapped to system
[ 2026-06-07T16:44:34.422        0:  1243:  1243 I/AconfigPackage  ] android.view.contentprotection.flags is mapped to system
[ 2026-06-07T16:44:34.422        0:  1243:  1243 I/AconfigPackage  ] com.android.graphics.skia.ddreflags is mapped to system
[ 2026-06-07T16:44:34.422        0:  1243:  1243 I/AconfigPackage  ] com.android.server.dreams is mapped to system
[ 2026-06-07T16:44:34.422        0:  1243:  1243 I/AconfigPackage  ] com.android.graphics.surfaceflinger.flags is mapped to system
[ 2026-06-07T16:44:34.422        0:  1243:  1243 I/AconfigPackage  ] com.android.hardware.input is mapped to system
[ 2026-06-07T16:44:34.422        0:  1243:  1243 I/AconfigPackage  ] android.sdk is mapped to system
[ 2026-06-07T16:44:34.422        0:  1243:  1243 I/AconfigPackage  ] com.android.wm.shell.transition is mapped to system
[ 2026-06-07T16:44:34.422        0:  1243:  1243 I/AconfigPackage  ] com.android.input.flags is mapped to system
[ 2026-06-07T16:44:34.422        0:  1243:  1243 I/AconfigPackage  ] android.tracing is mapped to system
[ 2026-06-07T16:44:34.422        0:  1243:  1243 I/AconfigPackage  ] com.android.server.biometrics is mapped to system
[ 2026-06-07T16:44:34.422        0:  1243:  1243 I/AconfigPackage  ] android.view.contentcapture.flags is mapped to system
[ 2026-06-07T16:44:34.422        0:  1243:  1243 I/AconfigPackage  ] android.content.pm.flags is mapped to system
[ 2026-06-07T16:44:34.422        0:  1243:  1243 I/AconfigPackage  ] android.app.job is mapped to system
[ 2026-06-07T16:44:34.422        0:  1243:  1243 I/AconfigPackage  ] android.content.res is mapped to system
[ 2026-06-07T16:44:34.422        0:  1243:  1243 I/AconfigPackage  ] android.net.platform.flags is mapped to system
[ 2026-06-07T16:44:34.422        0:  1243:  1243 I/AconfigPackage  ] com.android.aconfig.flags is mapped to system
[ 2026-06-07T16:44:34.422        0:  1243:  1243 I/AconfigPackage  ] com.android.graphics.flags is mapped to system
[ 2026-06-07T16:44:34.422        0:  1243:  1243 I/AconfigPackage  ] android.server.app is mapped to system
[ 2026-06-07T16:44:34.422        0:  1243:  1243 I/AconfigPackage  ] android.speech.flags is mapped to system
[ 2026-06-07T16:44:34.422        0:  1243:  1243 I/AconfigPackage  ] com.android.server.stats is mapped to system
[ 2026-06-07T16:44:34.422        0:  1243:  1243 I/AconfigPackage  ] android.hardware.biometrics is mapped to system
[ 2026-06-07T16:44:34.422        0:  1243:  1243 I/AconfigPackage  ] android.car.feature is mapped to system
[ 2026-06-07T16:44:34.422        0:  1243:  1243 I/AconfigPackage  ] android.adpf is mapped to system
[ 2026-06-07T16:44:34.422        0:  1243:  1243 I/AconfigPackage  ] android.location.flags is mapped to system
[ 2026-06-07T16:44:34.422        0:  1243:  1243 I/AconfigPackage  ] com.android.settingslib.flags is mapped to system
[ 2026-06-07T16:44:34.422        0:  1243:  1243 I/AconfigPackage  ] com.android.managedprovisioning.flags is mapped to system
[ 2026-06-07T16:44:34.422        0:  1243:  1243 I/AconfigPackage  ] android.app.assist.flags is mapped to system
[ 2026-06-07T16:44:34.422        0:  1243:  1243 I/AconfigPackage  ] com.android.server.net is mapped to system
[ 2026-06-07T16:44:34.422        0:  1243:  1243 I/AconfigPackage  ] com.android.settingslib.widget.flags is mapped to system
[ 2026-06-07T16:44:34.422        0:  1243:  1243 I/AconfigPackage  ] com.android.internal.camera.flags is mapped to system
[ 2026-06-07T16:44:34.422        0:  1243:  1243 I/AconfigPackage  ] com.android.hardware.libsensor.flags is mapped to system
[ 2026-06-07T16:44:34.422        0:  1243:  1243 I/AconfigPackage  ] com.thirdappopt is mapped to system
[ 2026-06-07T16:44:34.422        0:  1243:  1243 I/AconfigPackage  ] com.android.internal.jank is mapped to system
[ 2026-06-07T16:44:34.422        0:  1243:  1243 I/AconfigPackage  ] com.android.providers.settings is mapped to system
[ 2026-06-07T16:44:34.422        0:  1243:  1243 I/AconfigPackage  ] android.multiuser is mapped to system
[ 2026-06-07T16:44:34.422        0:  1243:  1243 I/AconfigPackage  ] com.android.server.power.optimization is mapped to system
[ 2026-06-07T16:44:34.422        0:  1243:  1243 I/AconfigPackage  ] com.android.calllogbackup is mapped to system
[ 2026-06-07T16:44:34.422        0:  1243:  1243 I/AconfigPackage  ] com.android.server.battery is mapped to system
[ 2026-06-07T16:44:34.422        0:  1243:  1243 I/AconfigPackage  ] com.android.media.flags is mapped to system
[ 2026-06-07T16:44:34.422        0:  1243:  1243 I/AconfigPackage  ] com.android.server.flags is mapped to system
[ 2026-06-07T16:44:34.422        0:  1243:  1243 I/AconfigPackage  ] com.android.graphics.libvulkan.flags is mapped to system
[ 2026-06-07T16:44:34.422        0:  1243:  1243 I/AconfigPackage  ] android.app.appfunctions.flags is mapped to system
[ 2026-06-07T16:44:34.422        0:  1243:  1243 I/AconfigPackage  ] android.app.smartspace.flags is mapped to system
[ 2026-06-07T16:44:34.422        0:  1243:  1243 I/AconfigPackage  ] com.android.providers.contacts.flags is mapped to system
[ 2026-06-07T16:44:34.422        0:  1243:  1243 I/AconfigPackage  ] android.stability.flags is mapped to system
[ 2026-06-07T16:44:34.422        0:  1243:  1243 I/AconfigPackage  ] com.android.shell.flags is mapped to system
[ 2026-06-07T16:44:34.422        0:  1243:  1243 I/AconfigPackage  ] com.android.media.aaudio is mapped to system
[ 2026-06-07T16:44:34.422        0:  1243:  1243 I/AconfigPackage  ] android.hardware.radio is mapped to system
[ 2026-06-07T16:44:34.422        0:  1243:  1243 I/AconfigPackage  ] suspend_service.flags is mapped to system
[ 2026-06-07T16:44:34.422        0:  1243:  1243 I/AconfigPackage  ] android.media.midi is mapped to system
[ 2026-06-07T16:44:34.422        0:  1243:  1243 I/AconfigPackage  ] com.android.libcore.readonly is mapped to system
[ 2026-06-07T16:44:34.422        0:  1243:  1243 I/AconfigPackage  ] com.android.settingslib.widget.selectorwithwidgetpreference.flags is mapped to system
[ 2026-06-07T16:44:34.422        0:  1243:  1243 I/AconfigPackage  ] android.service.notification is mapped to system
[ 2026-06-07T16:44:34.422        0:  1243:  1243 I/AconfigPackage  ] com.android.systemui.shared is mapped to system
[ 2026-06-07T16:44:34.422        0:  1243:  1243 I/AconfigPackage  ] android.app.jank is mapped to system
[ 2026-06-07T16:44:34.422        0:  1243:  1243 I/AconfigPackage  ] android.app.wearable is mapped to system
[ 2026-06-07T16:44:34.422        0:  1243:  1243 I/AconfigPackage  ] com.android.media.audio is mapped to system
[ 2026-06-07T16:44:34.422        0:  1243:  1243 I/AconfigPackage  ] android.service.chooser is mapped to system
[ 2026-06-07T16:44:34.422        0:  1243:  1243 I/AconfigPackage  ] com.android.server.compat is mapped to system
[ 2026-06-07T16:44:34.422        0:  1243:  1243 I/AconfigPackage  ] com.android.server.alarm is mapped to system
[ 2026-06-07T16:44:34.422        0:  1243:  1243 I/AconfigPackage  ] com.android.apex.flags is mapped to system
[ 2026-06-07T16:44:34.422        0:  1243:  1243 I/AconfigPackage  ] android.service.quickaccesswallet is mapped to system
[ 2026-06-07T16:44:34.422        0:  1243:  1243 I/AconfigPackage  ] android.app.usage is mapped to system
[ 2026-06-07T16:44:34.422        0:  1243:  1243 I/AconfigPackage  ] com.android.server.accessibility is mapped to system
[ 2026-06-07T16:44:34.422        0:  1243:  1243 I/AconfigPackage  ] android.app.supervision.flags is mapped to system
[ 2026-06-07T16:44:34.422        0:  1243:  1243 I/AconfigPackage  ] com.android.server.utils is mapped to system
[ 2026-06-07T16:44:34.422        0:  1243:  1243 I/AconfigPackage  ] android.chre.flags is mapped to system
[ 2026-06-07T16:44:34.422        0:  1243:  1243 I/AconfigPackage  ] android.content.flags is mapped to system
[ 2026-06-07T16:44:34.422        0:  1243:  1243 I/AconfigPackage  ] android.media.codec is mapped to system
[ 2026-06-07T16:44:34.422        0:  1243:  1243 I/AconfigPackage  ] com.android.internal.os is mapped to system
[ 2026-06-07T16:44:34.422        0:  1243:  1243 I/AconfigPackage  ] com.android.nfc.nci.flags is mapped to system
[ 2026-06-07T16:44:34.422        0:  1243:  1243 I/AconfigPackage  ] android.app is mapped to system
[ 2026-06-07T16:44:34.422        0:  1243:  1243 I/AconfigPackage  ] android.security.keystore2 is mapped to system
[ 2026-06-07T16:44:34.422        0:  1243:  1243 I/AconfigPackage  ] android.crashrecovery.flags is mapped to system
[ 2026-06-07T16:44:34.422        0:  1243:  1243 I/AconfigPackage  ] com.android.tradeinmode.flags is mapped to system
[ 2026-06-07T16:44:34.422        0:  1243:  1243 I/AconfigPackage  ] android.hardware.flags is mapped to system
[ 2026-06-07T16:44:34.422        0:  1243:  1243 I/AconfigPackage  ] com.android.server.telecom.flags is mapped to system
[ 2026-06-07T16:44:34.422        0:  1243:  1243 I/AconfigPackage  ] com.android.settingslib.media.flags is mapped to system
[ 2026-06-07T16:44:34.422        0:  1243:  1243 I/AconfigPackage  ] com.android.server.policy is mapped to system
[ 2026-06-07T16:44:34.422        0:  1243:  1243 I/AconfigPackage  ] android.media.audiopolicy is mapped to system
[ 2026-06-07T16:44:34.422        0:  1243:  1243 I/AconfigPackage  ] com.android.egg.flags is mapped to system
[ 2026-06-07T16:44:34.422        0:  1243:  1243 I/AconfigPackage  ] com.android.internal.compat.flags is mapped to system
[ 2026-06-07T16:44:34.422        0:  1243:  1243 I/AconfigPackage  ] android.security is mapped to system
[ 2026-06-07T16:44:34.422        0:  1243:  1243 I/AconfigPackage  ] android.service.autofill is mapped to system
[ 2026-06-07T16:44:34.422        0:  1243:  1243 I/AconfigPackage  ] com.example.android.aconfig.demo.flags is mapped to system
[ 2026-06-07T16:44:34.422        0:  1243:  1243 I/AconfigPackage  ] android.view.flags is mapped to system
[ 2026-06-07T16:44:34.422        0:  1243:  1243 I/AconfigPackage  ] android.companion.virtual.flags is mapped to system
[ 2026-06-07T16:44:34.422        0:  1243:  1243 I/AconfigPackage  ] com.android.aconfig_new_storage is mapped to system
[ 2026-06-07T16:44:34.422        0:  1243:  1243 I/AconfigPackage  ] com.android.wm.shell.recents is mapped to system
[ 2026-06-07T16:44:34.422        0:  1243:  1243 I/AconfigPackage  ] com.android.server.feature.flags is mapped to system
[ 2026-06-07T16:44:34.422        0:  1243:  1243 I/AconfigPackage  ] com.android.systemui is mapped to system
[ 2026-06-07T16:44:34.422        0:  1243:  1243 I/AconfigPackage  ] com.android.graphics.skia.flags is mapped to system
[ 2026-06-07T16:44:34.422        0:  1243:  1243 I/AconfigPackage  ] com.android.server.power.batterysaver is mapped to system
[ 2026-06-07T16:44:34.422        0:  1243:  1243 I/AconfigPackage  ] android.widget.flags is mapped to system
[ 2026-06-07T16:44:34.422        0:  1243:  1243 I/AconfigPackage  ] com.android.media.editing.flags is mapped to system
[ 2026-06-07T16:44:34.422        0:  1243:  1243 I/AconfigPackage  ] com.android.media.codec.flags is mapped to system
[ 2026-06-07T16:44:34.422        0:  1243:  1243 I/AconfigPackage  ] com.android.server.powerstats is mapped to system
[ 2026-06-07T16:44:34.422        0:  1243:  1243 I/AconfigPackage  ] com.android.graphics.egl.flags is mapped to system
[ 2026-06-07T16:44:34.422        0:  1243:  1243 I/AconfigPackage  ] com.android.media.audioserver is mapped to system
[ 2026-06-07T16:44:34.422        0:  1243:  1243 I/AconfigPackage  ] com.android.server.deviceidle is mapped to system
[ 2026-06-07T16:44:34.422        0:  1243:  1243 I/AconfigPackage  ] android.nfc is mapped to system
[ 2026-06-07T16:44:34.422        0:  1243:  1243 I/AconfigPackage  ] com.android.server.logmanager is mapped to system
[ 2026-06-07T16:44:34.423        0:  1243:  1243 I/AconfigPackage  ] android.permission.flags is mapped to system
[ 2026-06-07T16:44:34.423        0:  1243:  1243 I/AconfigPackage  ] android.service.voice.flags is mapped to system
[ 2026-06-07T16:44:34.423        0:  1243:  1243 I/AconfigPackage  ] android.content.pm is mapped to system
[ 2026-06-07T16:44:34.423        0:  1243:  1243 I/AconfigPackage  ] com.android.server.power.hint is mapped to system
[ 2026-06-07T16:44:34.423        0:  1243:  1243 I/AconfigPackage  ] com.android.server.wm is mapped to system
[ 2026-06-07T16:44:34.423        0:  1243:  1243 I/AconfigPackage  ] com.android.navimmersive.flags is mapped to system
[ 2026-06-07T16:44:34.423        0:  1243:  1243 I/AconfigPackage  ] android.os is mapped to system
[ 2026-06-07T16:44:34.423        0:  1243:  1243 I/AconfigPackage  ] android.service.dreams is mapped to system
[ 2026-06-07T16:44:34.423        0:  1243:  1243 I/AconfigPackage  ] xiaomi.platform.flags is mapped to system
[ 2026-06-07T16:44:34.423        0:  1243:  1243 I/AconfigPackage  ] com.android.graphics.libgui.flags is mapped to system
[ 2026-06-07T16:44:34.423        0:  1243:  1243 I/AconfigPackage  ] android.hardware.usb.flags is mapped to system
[ 2026-06-07T16:44:34.423        0:  1243:  1243 I/AconfigPackage  ] android.provider is mapped to system
[ 2026-06-07T16:44:34.423        0:  1243:  1243 I/AconfigPackage  ] com.android.server.job is mapped to system
[ 2026-06-07T16:44:34.423        0:  1243:  1243 I/AconfigPackage  ] com.android.internal.foldables.flags is mapped to system
[ 2026-06-07T16:44:34.423        0:  1243:  1243 I/AconfigPackage  ] com.android.internal.telephony.flags is mapped to system
[ 2026-06-07T16:44:34.423        0:  1243:  1243 I/AconfigPackage  ] android.webkit is mapped to system
[ 2026-06-07T16:44:34.423        0:  1243:  1243 I/AconfigPackage  ] android.credentials.flags is mapped to system
[ 2026-06-07T16:44:34.423        0:  1243:  1243 I/AconfigPackage  ] com.android.server.display.feature.flags is mapped to system
[ 2026-06-07T16:44:34.423        0:  1243:  1243 I/AconfigPackage  ] com.android.server.notification is mapped to system
[ 2026-06-07T16:44:34.423        0:  1243:  1243 I/AconfigPackage  ] android.appwidget.flags is mapped to system
[ 2026-06-07T16:44:34.423        0:  1243:  1243 I/AconfigPackage  ] com.android.frameworks.sensorservice.flags is mapped to system
[ 2026-06-07T16:44:34.423        0:  1243:  1243 I/AconfigPackage  ] com.android.window.flags is mapped to system
[ 2026-06-07T16:44:34.423        0:  1243:  1243 I/AconfigPackage  ] android.adaptiveauth is mapped to system
[ 2026-06-07T16:44:34.423        0:  1243:  1243 I/AconfigPackage  ] android.net.wifi.flags is mapped to system
[ 2026-06-07T16:44:34.423        0:  1243:  1243 I/AconfigPackage  ] android.media.tv.flags is mapped to system
[ 2026-06-07T16:44:34.423        0:  1243:  1243 I/AconfigPackage  ] com.android.server.usb.flags is mapped to system
[ 2026-06-07T16:44:34.423        0:  1243:  1243 I/AconfigPackage  ] android.os.vibrator is mapped to system
[ 2026-06-07T16:44:34.423        0:  1243:  1243 I/AconfigPackage  ] android.hardware.devicestate.feature.flags is mapped to system
[ 2026-06-07T16:44:34.423        0:  1243:  1243 I/AconfigPackage  ] com.android.server.usage is mapped to system
[ 2026-06-07T16:44:34.423        0:  1243:  1243 I/AconfigPackage  ] android.server is mapped to system
[ 2026-06-07T16:44:34.423        0:  1243:  1243 I/AconfigPackage  ] com.android.wm.shell is mapped to system
[ 2026-06-07T16:44:34.423        0:  1243:  1243 I/AconfigPackage  ] android.view.inputmethod is mapped to system
[ 2026-06-07T16:44:34.423        0:  1243:  1243 I/AconfigPackage  ] com.android.graphics.hwui.flags is mapped to system
[ 2026-06-07T16:44:34.423        0:  1243:  1243 I/AconfigPackage  ] com.android.server.backup is mapped to system
[ 2026-06-07T16:44:34.423        0:  1243:  1243 I/AconfigPackage  ] com.android.internal.pm.pkg.component.flags is mapped to system
[ 2026-06-07T16:44:34.423        0:  1243:  1243 I/AconfigPackage  ] android.view.accessibility is mapped to system
[ 2026-06-07T16:44:34.423        0:  1243:  1243 I/AconfigPackage  ] android.media.audio is mapped to system
[ 2026-06-07T16:44:34.423        0:  1243:  1243 I/AconfigPackage  ] com.android.server.am is mapped to system
[ 2026-06-07T16:44:34.423        0:  1243:  1243 I/AconfigPackage  ] com.android.media.playback.flags is mapped to system
[ 2026-06-07T16:44:34.425        0:  1243:  1243 I/AconfigPackage  ] com.android.art.flags is mapped to com.android.art
[ 2026-06-07T16:44:34.425        0:  1243:  1243 I/AconfigPackage  ] com.android.libcore is mapped to com.android.art
[ 2026-06-07T16:44:34.436        0:  1243:  1243 I/AconfigPackage  ] com.android.adservices.flags is mapped to com.android.adservices
[ 2026-06-07T16:44:34.436        0:  1243:  1243 I/AconfigPackage  ] com.android.sdksandbox.flags is mapped to com.android.adservices
[ 2026-06-07T16:44:34.437        0:  1243:  1243 I/AconfigPackage  ] com.android.bluetooth.flags is mapped to com.android.bt
[ 2026-06-07T16:44:34.438        0:  1243:  1243 I/AconfigPackage  ] com.android.appsearch.flags is mapped to com.android.appsearch
[ 2026-06-07T16:44:34.438        0:  1243:  1243 I/AconfigPackage  ] android.os.profiling is mapped to com.android.profiling
[ 2026-06-07T16:44:34.440        0:  1243:  1243 D/FeatureParser   ] praser device feature in /product/etc/device_features/mondrian.xml
[ 2026-06-07T16:44:34.442        0:  1243:  1243 D/FeatureParser   ] praser device feature in /product/etc/removable_apk_info.xml
[ 2026-06-07T16:44:34.444        0:  1243:  1243 I/SystemServiceRegistry ] regMtkService start
[ 2026-06-07T16:44:34.444        0:  1243:  1243 W/System          ] ClassLoader referenced unknown path: system/framework/mediatek-framework.jar
[ 2026-06-07T16:44:34.444        0:  1243:  1243 E/SystemServiceRegistry ] regMtkService:java.lang.ClassNotFoundException: mediatek.app.MtkSystemServiceRegistry
[ 2026-06-07T16:44:34.444        0:  1243:  1243 I/SystemServiceRegistry ] setMtkSystemServiceName start
[ 2026-06-07T16:44:34.444        0:  1243:  1243 I/SystemServiceRegistry ] registerAllMtkService start
[ 2026-06-07T16:44:34.449        0:  1243:  1243 E/FeatureFlagsImplExport ] android.os.flagging.AconfigStorageReadException: ERROR_PACKAGE_NOT_FOUND: package android.xr cannot be found on the device
[ 2026-06-07T16:44:34.462        0:  1243:  1243 I/LSPosedService  ] service package is not started, wait 1s.
[ 2026-06-07T16:44:34.526        0:  1191:  1192 I/zn-daemon64     ] [zn-zygisk-loader32,0,1334,1334]Zygisk library injected, version 1.3.4-746-d1b76b3-release, tango=false
[ 2026-06-07T16:44:34.526        0:  1191:  1192 I/zn-daemon64     ] [zn-zygisk-loader32,0,1334,1334]Start hooking
[ 2026-06-07T16:44:34.596        0:  1191:  1338 I/zn-daemon64     ] zygote 1334 hook status: 0
[ 2026-06-07T16:44:34.597        0:  1337:  1337 I/zn-injector32   ] inject zygote 1334 succeed
[ 2026-06-07T16:44:34.597        0:  1191:  1222 I/zn-daemon64     ] ** inject success for 1334
[ 2026-06-07T16:44:34.597        0:  1191:  1222 I/zn-daemon64     ] ** write prop
[ 2026-06-07T16:44:35.232        0:  1191:  1192 I/zn-daemon64     ] [zn-zygisk-loader32,0,1788,1788]Unmounted (/system)
[ 2026-06-07T16:44:35.233        0:  1191:  1192 I/zn-daemon64     ] [zn-zygisk-loader32,0,1788,1788]Unmounted (/data/adb/modules/meta-overlayfs/mnt)
[ 2026-06-07T16:44:35.234        0:  1191:  1192 I/zn-daemon64     ] [zn-zygisk-loader32,0,1788,1788]Unmounted (/vendor)
[ 2026-06-07T16:44:35.234        0:  1191:  1192 I/zn-daemon64     ] [zn-zygisk-loader32,0,1788,1788]Unmounted (/product/app)
[ 2026-06-07T16:44:35.234        0:  1191:  1192 I/zn-daemon64     ] [zn-zygisk-loader32,0,1788,1788]Unmounted (/product)
[ 2026-06-07T16:44:35.235        0:  1191:  1192 I/zn-daemon64     ] [zn-zygisk-loader32,0,1788,1788]Unmounted (/system_ext)
[ 2026-06-07T16:44:35.237        0:  1191:  1192 I/zn-daemon64     ] [zn-zygisk-loader32,0,1334,1334]mntbuf cleaned
[ 2026-06-07T16:44:35.251        0:  1191:  1328 I/zn-daemon64     ] nscleaner for zygote_secondary started
[ 2026-06-07T16:44:35.463        0:  1243:  1243 I/LSPosedService  ] service package is not started, wait 1s.
[ 2026-06-07T16:44:36.324        0:  1191:  1192 I/zn-daemon64     ] [zn-zygisk-loader64,0,2377,2377]Unmounted (/system)
[ 2026-06-07T16:44:36.324        0:  1191:  1192 I/zn-daemon64     ] [zn-zygisk-loader64,0,2377,2377]Unmounted (/data/adb/modules/meta-overlayfs/mnt)
[ 2026-06-07T16:44:36.324        0:  1191:  1192 I/zn-daemon64     ] [zn-zygisk-loader64,0,2377,2377]Unmounted (/vendor)
[ 2026-06-07T16:44:36.324        0:  1191:  1192 I/zn-daemon64     ] [zn-zygisk-loader64,0,2377,2377]Unmounted (/product/app)
[ 2026-06-07T16:44:36.324        0:  1191:  1192 I/zn-daemon64     ] [zn-zygisk-loader64,0,2377,2377]Unmounted (/product)
[ 2026-06-07T16:44:36.325        0:  1191:  1192 I/zn-daemon64     ] [zn-zygisk-loader64,0,2377,2377]Unmounted (/system_ext)
[ 2026-06-07T16:44:36.325        0:  1191:  1192 I/zn-daemon64     ] [zn-zygisk-loader64,0,1332,1332]mntbuf cleaned
[ 2026-06-07T16:44:36.339        0:  1191:  1390 I/zn-daemon64     ] nscleaner for zygote started
[ 2026-06-07T16:44:36.422        0:  1191:  1192 I/zn-daemon64     ] [zn-zygisk-loader64,0,1332,1332]preload zygisk modules
[ 2026-06-07T16:44:36.433        0:  1191:  1192 I/zn-daemon64     ] [zn-zygisk-loader64,0,1332,1332]preloaded 1/1 modules
[ 2026-06-07T16:44:36.463        0:  1243:  1243 I/LSPosedService  ] service package is not started, wait 1s.
[ 2026-06-07T16:44:36.547        0:  2519:  2519 I/KernelSU        ] ksud::cli: command: Services
[ 2026-06-07T16:44:36.547        0:  2519:  2519 I/KernelSU        ] ksud::init_event: on_services triggered!
[ 2026-06-07T16:44:36.547        0:  2519:  2519 I/KernelSU        ] ksud::utils: safemode: false
[ 2026-06-07T16:44:36.547        0:  2519:  2519 I/KernelSU        ] ksud::utils: kernel_safemode: false
[ 2026-06-07T16:44:36.550        0:  2496:  2496 I/zn-zygisk-companion64 ] spawning companion for zygisk_lsposed
[ 2026-06-07T16:44:36.559        0:  1243:  1329 I/LSPosedService  ] LSPSystemServerService: starting new bridge
[ 2026-06-07T16:44:36.568        0:  2519:  2519 I/KernelSU        ] ksud::module: exec /data/adb/service.d/.zn_cleanup.sh
[ 2026-06-07T16:44:36.603        0:  2519:  2519 I/KernelSU        ] ksud::metamodule: Found metamodule in modules directory: /data/adb/modules/meta-overlayfs
[ 2026-06-07T16:44:36.608        0:  2519:  2519 I/KernelSU        ] ksud::metamodule: Found metamodule in modules directory: /data/adb/modules/meta-overlayfs
[ 2026-06-07T16:44:36.613        0:  2519:  2519 I/KernelSU        ] ksud::module: exec /data/adb/modules/MiuiVariableThermal/service.sh
[ 2026-06-07T16:44:36.617        0:  2519:  2519 I/KernelSU        ] ksud::module: exec /data/adb/modules/zygisksu/service.sh
[ 2026-06-07T16:44:36.633        0:  2519:  2519 I/KernelSU        ] ksud::module: exec /data/adb/modules/lib_tombstone/service.sh
[ 2026-06-07T16:44:36.648        0:  2519:  2519 I/KernelSU        ] ksud::module: exec /data/adb/modules/GGAT_10007/service.sh
[ 2026-06-07T16:44:36.652        0:  2519:  2519 I/KernelSU        ] ksud::module: exec /data/adb/modules/WorkSettingPro/service.sh
[ 2026-06-07T16:44:36.657        0:  2519:  2519 I/KernelSU        ] ksud::module: exec /data/adb/modules/scene_swap_controller/service.sh
[ 2026-06-07T16:44:36.668        0:  2519:  2519 I/KernelSU        ] ksud::module: exec /data/adb/modules/scene_systemless/service.sh
[ 2026-06-07T16:44:36.697        0:  2519:  2519 I/KernelSU        ] ksud::module: exec /data/adb/modules/AppOpt/service.sh
[ 2026-06-07T16:44:37.464        0:  1243:  1243 I/LSPosedService  ] service package is not started, wait 1s.
[ 2026-06-07T16:44:38.464        0:  1243:  1243 I/LSPosedService  ] service package is not started, wait 1s.
[ 2026-06-07T16:44:38.725     1000:  2460:  2460 I/LSPosed         ] skipped system server
[ 2026-06-07T16:44:39.465        0:  1243:  1243 I/LSPosedService  ] service package is not started, wait 1s.
[ 2026-06-07T16:44:40.465        0:  1243:  1243 I/LSPosedService  ] service package is not started, wait 1s.
[ 2026-06-07T16:44:41.467        0:  1243:  1243 I/LSPosedService  ] service package is not started, wait 1s.
[ 2026-06-07T16:44:42.467        0:  1243:  1243 I/LSPosedService  ] service package is not started, wait 1s.
[ 2026-06-07T16:44:43.625        0:  1243:  1243 I/LSPosed         ] mount dex2oat /apex/com.android.art/bin/dex2oat64
[ 2026-06-07T16:44:43.625        0:  1243:  1243 I/LSPosed         ] mount dex2oat /apex/com.android.art/bin/dex2oat32
[ 2026-06-07T16:44:43.638        0:  1243:  1243 I/lspd            ] AssetManager2(0xb400006fc27b0a78) locale list changing from [] to [zh-CN]
[ 2026-06-07T16:44:43.645     1000:  2460:  4725 I/LSPosedBridge   ] binder received
[ 2026-06-07T16:44:43.645        0:  1243:  1243 I/LSPosedService  ] sent service to bridge
[ 2026-06-07T16:44:46.392        0:  1243:  1373 I/LSPosedService  ] manager is not installed
[ 2026-06-07T16:44:47.054        0:  1191:  1192 I/zn-daemon64     ] [zn-zygisk-loader32,0,1334,1334]preload zygisk modules
[ 2026-06-07T16:44:47.064        0:  1191:  1192 I/zn-daemon64     ] [zn-zygisk-loader32,0,1334,1334]preloaded 1/1 modules
[ 2026-06-07T16:44:54.769        0:  8233:  8233 I/KernelSU        ] ksud::cli: command: BootCompleted
[ 2026-06-07T16:44:54.809        0:  8233:  8233 I/KernelSU        ] ksud::init_event: on_boot_completed triggered!
[ 2026-06-07T16:44:54.814        0:  8233:  8233 I/KernelSU        ] ksud::utils: safemode: false
[ 2026-06-07T16:44:54.814        0:  8233:  8233 I/KernelSU        ] ksud::utils: kernel_safemode: false
[ 2026-06-07T16:44:54.814        0:  8233:  8233 I/KernelSU        ] ksud::module: /data/adb/boot-completed.d not exists, skip
[ 2026-06-07T16:44:54.814        0:  8233:  8233 I/KernelSU        ] ksud::metamodule: Found metamodule in modules directory: /data/adb/modules/meta-overlayfs
[ 2026-06-07T16:44:54.829        0:  8233:  8233 I/KernelSU        ] ksud::metamodule: Found metamodule in modules directory: /data/adb/modules/meta-overlayfs
[ 2026-06-07T16:44:54.870        0:  1243:  1303 I/lspd            ] This is non sticky GC, maxfree is 33554432 minfree is 8388608
[ 2026-06-07T16:44:55.154        0:  1243:  1303 I/lspd            ] This is sticky GC, maxfree is 33554432 minfree is 8388608
[ 2026-06-07T16:44:55.154        0:  1243:  1303 I/lspd            ] Background young concurrent copying GC freed 12MB AllocSpace bytes, 81(12MB) LOS objects, 0% free, 52MB/52MB, paused 1.841ms,92us total 200.225ms
[ 2026-06-07T16:44:55.476        0:  1243:  1303 I/lspd            ] This is non sticky GC, maxfree is 33554432 minfree is 8388608
[ 2026-06-07T16:44:55.477        0:  1243:  1303 I/lspd            ] Background concurrent copying GC freed 50MB AllocSpace bytes, 255(46MB) LOS objects, 50% free, 92MB/184MB, paused 3.138ms,166us total 322.318ms
[ 2026-06-07T16:44:56.108    10269:  8518:  8518 E/AndroidRuntime  ] FATAL EXCEPTION: main
Process: com.accessibilitymanager, PID: 8518
java.lang.RuntimeException: Unable to start receiver com.accessibilitymanager.StartReceiver: java.lang.IllegalStateException: SharedPreferences in credential encrypted storage are not available until after user (id 0) is unlocked
	at android.app.ActivityThread.handleReceiver(ActivityThread.java:5535)
	at android.app.ActivityThread.-$$Nest$mhandleReceiver(Unknown Source:0)
	at android.app.ActivityThread$H.handleMessage(ActivityThread.java:2857)
	at android.os.Handler.dispatchMessage(Handler.java:114)
	at android.os.Looper.loopOnce(Looper.java:274)
	at android.os.Looper.loop(Looper.java:369)
	at android.app.ActivityThread.main(ActivityThread.java:10090)
	at java.lang.reflect.Method.invoke(Native Method)
	at com.android.internal.os.RuntimeInit$MethodAndArgsCaller.run(RuntimeInit.java:616)
	at com.android.internal.os.ZygoteInit.main(ZygoteInit.java:1137)
Caused by: java.lang.IllegalStateException: SharedPreferences in credential encrypted storage are not available until after user (id 0) is unlocked
	at android.app.ContextImpl.getSharedPreferences(ContextImpl.java:642)
	at android.app.ContextImpl.getSharedPreferences(ContextImpl.java:620)
	at android.content.ContextWrapper.getSharedPreferences(ContextWrapper.java:239)
	at android.content.ContextWrapper.getSharedPreferences(ContextWrapper.java:239)
	at com.accessibilitymanager.StartReceiver.onReceive(StartReceiver.java:19)
	at android.app.ActivityThread.handleReceiver(ActivityThread.java:5519)
	... 9 more
[ 2026-06-07T16:45:41.020     2000: 18922: 18922 I/LSPosed         ] Loaded manager, skipping next steps
[ 2026-06-07T16:45:42.082     2000: 18922: 19014 E/LSPosedManager  ] Failed to load repo from https://modules.lsposed.org/
java.io.IOException: Response not successful: 403
	at t1.run(r8-map-id-88e69a504bdff5bf0aa5c35a9f574ee0aa56e77ace16a690868e60a6f31336d4:467)
	at java.util.concurrent.ThreadPoolExecutor.runWorker(ThreadPoolExecutor.java:1302)
	at java.util.concurrent.ThreadPoolExecutor$Worker.run(ThreadPoolExecutor.java:677)
	at java.lang.Thread.run(Thread.java:1119)
[ 2026-06-07T16:45:42.094     2000: 18922: 19014 E/LSPosedManager  ] Failed to load repo from https://modules-edgeone.lsposed.org/
[ 2026-06-07T16:45:55.333        0:  1191:  1338 E/zn-daemon64     ] denylist policy is only supported in Magisk
[ 2026-06-07T16:45:55.340        0:  1191:  1328 I/zn-daemon64     ] denylist enforce mode set to 2
[ 2026-06-07T16:45:55.340        0:  1191:  1328 I/zn-daemon64     ] ** write prop
[ 2026-06-07T16:46:02.481        0:  1243: 19041 W/BpBinder        ] Large outgoing transaction of 144 bytes, interface descriptor android.content.pm.IPackageManager, code 3 was sent
[ 2026-06-07T16:46:02.481        0:  1243: 19041 E/JavaBinder      ] !!! FAILED BINDER TRANSACTION !!!  (parcel size = 144)
[ 2026-06-07T16:46:02.511        0:  1243: 19038 W/BpBinder        ] Large outgoing transaction of 156 bytes, interface descriptor android.content.pm.IPackageManager, code 3 was sent
[ 2026-06-07T16:46:02.511        0:  1243: 19038 E/JavaBinder      ] !!! FAILED BINDER TRANSACTION !!!  (parcel size = 156)
[ 2026-06-07T16:46:02.511        0:  1243: 19040 W/BpBinder        ] Large outgoing transaction of 156 bytes, interface descriptor android.content.pm.IPackageManager, code 3 was sent
[ 2026-06-07T16:46:02.511        0:  1243: 19040 E/JavaBinder      ] !!! FAILED BINDER TRANSACTION !!!  (parcel size = 156)
[ 2026-06-07T16:46:02.513        0:  1243: 19040 W/BpBinder        ] Large outgoing transaction of 156 bytes, interface descriptor android.content.pm.IPackageManager, code 3 was sent
[ 2026-06-07T16:46:02.513        0:  1243: 19040 E/JavaBinder      ] !!! FAILED BINDER TRANSACTION !!!  (parcel size = 156)
[ 2026-06-07T16:46:02.517        0:  1243: 19039 W/BpBinder        ] Large outgoing transaction of 144 bytes, interface descriptor android.content.pm.IPackageManager, code 3 was sent
[ 2026-06-07T16:46:02.517        0:  1243: 19039 E/JavaBinder      ] !!! FAILED BINDER TRANSACTION !!!  (parcel size = 144)
[ 2026-06-07T16:46:02.517        0:  1243: 19038 W/BpBinder        ] Large outgoing transaction of 156 bytes, interface descriptor android.content.pm.IPackageManager, code 3 was sent
[ 2026-06-07T16:46:02.517        0:  1243: 19038 E/JavaBinder      ] !!! FAILED BINDER TRANSACTION !!!  (parcel size = 156)
[ 2026-06-07T16:46:02.519        0:  1243: 19039 W/BpBinder        ] Large outgoing transaction of 144 bytes, interface descriptor android.content.pm.IPackageManager, code 3 was sent
[ 2026-06-07T16:46:02.519        0:  1243: 19039 E/JavaBinder      ] !!! FAILED BINDER TRANSACTION !!!  (parcel size = 144)
[ 2026-06-07T16:46:02.523        0:  1243: 19040 W/BpBinder        ] Large outgoing transaction of 152 bytes, interface descriptor android.content.pm.IPackageManager, code 3 was sent
[ 2026-06-07T16:46:02.523        0:  1243: 19040 E/JavaBinder      ] !!! FAILED BINDER TRANSACTION !!!  (parcel size = 152)
