----part 1 start----
[ 2026-06-07T16:42:22.112     1000:  2512:  2512 I/LSPosed-Bridge  ] Disabled FLAG_SECURE for: android
[ 2026-06-07T16:42:22.167     1000:  2512:  2512 I/LSPosed-Bridge  ] [HyperCeiler][I]: Log level is Warn
[ 2026-06-07T16:42:22.180     1000:  2512:  2512 I/LSPosed-Bridge  ] NoSwipeToKill: hooked void com.android.server.am.ProcessCleanerBase.killOnce(com.android.server.am.ProcessRecord,int,java.lang.String,boolean,com.android.server.am.ProcessManagerService,java.lang.String,android.os.Handler,android.content.Context)
[ 2026-06-07T16:42:22.181     1000:  2512:  2512 I/LSPosed-Bridge  ] NoSwipeToKill: hooked void com.android.server.am.ProcessCleanerBase.killOnce(com.android.server.am.ProcessRecord,java.lang.String,int,android.os.Handler,android.content.Context)
[ 2026-06-07T16:42:22.193     1000:  2512:  2512 I/LSPosed-Bridge  ] NoActive-Log [信息] NoActive运行环境正常
[ 2026-06-07T16:42:22.220     1000:  2512:  2512 I/LSPosed-Bridge  ] NoActive-Log [信息] 当前版本 295
[ 2026-06-07T16:42:22.220     1000:  2512:  2512 I/LSPosed-Bridge  ] NoActive-Log [信息] 安卓版本 16
[ 2026-06-07T16:42:22.228     1000:  2512:  2512 I/LSPosed-Bridge  ] NoActive-Log [信息] 冻结方式 V2 支持
[ 2026-06-07T16:42:22.228     1000:  2512:  2512 I/LSPosed-Bridge  ] NoActive-Log [信息] 开始Hook 系统框架
[ 2026-06-07T16:42:22.236     1000:  2512:  2512 I/LSPosed-Bridge  ] NoActive-Log [信息] 获取Alarm管理服务
[ 2026-06-07T16:42:22.237     1000:  2512:  2512 I/LSPosed-Bridge  ] NoActive-Log [信息] 监听应用页面状态变化
[ 2026-06-07T16:42:22.241     1000:  2512:  2512 I/LSPosed-Bridge  ] NoActive-Log [信息] 监听待显示应用列表
[ 2026-06-07T16:42:22.241     1000:  2512:  2512 I/LSPosed-Bridge  ] NoActive-Log [信息] 监听窗口显示
[ 2026-06-07T16:42:22.242     1000:  2512:  2512 I/LSPosed-Bridge  ] NoActive-Log [信息] 监听窗口移除
[ 2026-06-07T16:42:22.242     1000:  2512:  2512 I/LSPosed-Bridge  ] NoActive-Log [信息] 监听进程新增成功
[ 2026-06-07T16:42:22.243     1000:  2512:  2512 I/LSPosed-Bridge  ] NoActive-Log [信息] 监听进程移除成功
[ 2026-06-07T16:42:22.243     1000:  2512:  2512 I/LSPosed-Bridge  ] NoActive-Log [信息] 监听进程更新PID
[ 2026-06-07T16:42:22.246     1000:  2512:  2512 I/LSPosed-Bridge  ] NoActive-Log [信息] 虚进程检测屏蔽成功
[ 2026-06-07T16:42:22.247     1000:  2512:  2512 I/LSPosed-Bridge  ] NoActive-Log [信息] 阻止清理闲置最近任务成功
[ 2026-06-07T16:42:22.248     1000:  2512:  2512 I/LSPosed-Bridge  ] NoActive-Log [信息] 修改最近任务是否可见成功
[ 2026-06-07T16:42:22.248     1000:  2512:  2512 I/LSPosed-Bridge  ] NoActive-Log [信息] 修改加载用户最近任务成功
[ 2026-06-07T16:42:22.249     1000:  2512:  2512 I/LSPosed-Bridge  ] NoActive-Log [信息] 监听通知点击成功
[ 2026-06-07T16:42:22.250     1000:  2512:  2512 I/LSPosed-Bridge  ] NoActive-Log [信息] 控制OOM计算成功
[ 2026-06-07T16:42:22.251     1000:  2512:  2512 I/LSPosed-Bridge  ] NoActive-Log [信息] 阻止计算被冻结应用的OOM
[ 2026-06-07T16:42:22.252     1000:  2512:  2512 I/LSPosed-Bridge  ] NoActive-Log [信息] 监听媒体会话开启
[ 2026-06-07T16:42:22.263     1000:  2512:  2512 I/LSPosed-Bridge  ] NoActive-Log [信息] 监听媒体会话关闭
[ 2026-06-07T16:42:22.264     1000:  2512:  2512 I/LSPosed-Bridge  ] NoActive-Log [信息] 监听媒体播放状态成功
[ 2026-06-07T16:42:22.264     1000:  2512:  2512 I/LSPosed-Bridge  ] NoActive-Log [信息] 监听媒体会话销毁
[ 2026-06-07T16:42:22.265     1000:  2512:  2512 I/LSPosed-Bridge  ] NoActive-Log [信息] 监听播放器事件成功
[ 2026-06-07T16:42:22.266     1000:  2512:  2512 I/LSPosed-Bridge  ] NoActive-Log [信息] 监听音频焦点恢复
[ 2026-06-07T16:42:22.266     1000:  2512:  2512 I/LSPosed-Bridge  ] NoActive-Log [信息] 监听音频焦点丢失
[ 2026-06-07T16:42:22.267     1000:  2512:  2512 I/LSPosed-Bridge  ] NoActive-Log [信息] 监听音频模式变更
[ 2026-06-07T16:42:22.268     1000:  2512:  2512 I/LSPosed-Bridge  ] NoActive-Log [信息] 限制冻结应用省电模式执行Alarm
[ 2026-06-07T16:42:22.269     1000:  2512:  2512 I/LSPosed-Bridge  ] NoActive-Log [信息] 限制冻结应用执行Alarm
[ 2026-06-07T16:42:22.269     1000:  2512:  2512 I/LSPosed-Bridge  ] NoActive-Log [信息] 监听定时器触发
[ 2026-06-07T16:42:22.270     1000:  2512:  2512 I/LSPosed-Bridge  ] NoActive-Log [信息] 限制冻结应用执行Job
[ 2026-06-07T16:42:22.271     1000:  2512:  2512 I/LSPosed-Bridge  ] NoActive-Log [信息] 监听意图启动成功
[ 2026-06-07T16:42:22.272     1000:  2512:  2512 I/LSPosed-Bridge  ] NoActive-Log [信息] 监听意图启动应用多页面
[ 2026-06-07T16:42:22.272     1000:  2512:  2512 I/LSPosed-Bridge  ] NoActive-Log [信息] 监听意图启动应用单页面
[ 2026-06-07T16:42:22.275     1000:  2512:  2512 I/LSPosed-Bridge  ] NoActive-Log [信息] 监听意图执行广播
[ 2026-06-07T16:42:22.275     1000:  2512:  2512 I/LSPosed-Bridge  ] NoActive-Log [信息] 监听意图启动服务
[ 2026-06-07T16:42:22.276     1000:  2512:  2512 I/LSPosed-Bridge  ] NoActive-Log [信息] 监听广播任务状态
[ 2026-06-07T16:42:22.277     1000:  2512:  2512 I/LSPosed-Bridge  ] NoActive-Log [信息] 监听广播冷启动
[ 2026-06-07T16:42:22.277     1000:  2512:  2512 I/LSPosed-Bridge  ] NoActive-Log [信息] 监听广播进程载入
[ 2026-06-07T16:42:22.278     1000:  2512:  2512 I/LSPosed-Bridge  ] NoActive-Log [信息] 监听广播进程清理
[ 2026-06-07T16:42:22.279     1000:  2512:  2512 I/LSPosed-Bridge  ] NoActive-Log [信息] 修改是否跳过静态广播成功
[ 2026-06-07T16:42:22.279     1000:  2512:  2512 I/LSPosed-Bridge  ] NoActive-Log [信息] 修改是否跳过动态广播成功
[ 2026-06-07T16:42:22.280     1000:  2512:  2512 I/LSPosed-Bridge  ] NoActive-Log [信息] 监听应用备份状态
[ 2026-06-07T16:42:22.281     1000:  2512:  2512 I/LSPosed-Bridge  ] NoActive-Log [信息] 监听VPN状态成功
[ 2026-06-07T16:42:22.283     1000:  2512:  2512 I/LSPosed-Bridge  ] NoActive-Log [信息] 共屏蔽4处应用无响应
[ 2026-06-07T16:42:22.284     1000:  2512:  2512 I/LSPosed-Bridge  ] NoActive-Log [信息] 特殊应用无响应拦截成功
[ 2026-06-07T16:42:22.285     1000:  2512:  2512 I/LSPosed-Bridge  ] NoActive-Log [信息] 监听系统启动完成
[ 2026-06-07T16:42:22.286     1000:  2512:  2512 I/LSPosed-Bridge  ] NoActive-Log [信息] 监听待启动服务
[ 2026-06-07T16:42:22.286     1000:  2512:  2512 I/LSPosed-Bridge  ] NoActive-Log [信息] 监听服务启动
[ 2026-06-07T16:42:22.287     1000:  2512:  2512 I/LSPosed-Bridge  ] NoActive-Log [信息] 获取Millet服务
[ 2026-06-07T16:42:22.290     1000:  2512:  2512 I/LSPosed-Bridge  ] NoActive-Log [信息] 监听Millet专属Binder通知
[ 2026-06-07T16:42:22.290     1000:  2512:  2512 I/LSPosed-Bridge  ] NoActive-Log [信息] 屏蔽Millet远程调用
[ 2026-06-07T16:42:22.291     1000:  2512:  2512 I/LSPosed-Bridge  ] NoActive-Log [信息] 监听Millet网络
[ 2026-06-07T16:42:22.292     1000:  2512:  2512 I/LSPosed-Bridge  ] NoActive-Log [信息] 启用Millet监听
[ 2026-06-07T16:42:22.292     1000:  2512:  2512 I/LSPosed-Bridge  ] NoActive-Log [信息] 禁用Millet服务
[ 2026-06-07T16:42:22.295     1000:  2512:  2512 I/LSPosed-Bridge  ] NoActive-Log [信息] 监听注册广播
[ 2026-06-07T16:42:22.302     1000:  2512:  2512 I/LSPosed-Bridge  ] NoActive-Log [信息] 系统框架 Hook完毕
[ 2026-06-07T16:42:22.305     1000:  2512:  4626 I/LSPosed-Bridge  ] NoActive-Log [信息] 检测到NetLink参数 22
[ 2026-06-07T16:42:22.309     1000:  2512:  4626 I/LSPosed-Bridge  ] NoActive-Log [信息] 已连接至NetLink 22#100
[ 2026-06-07T16:42:22.327     1000:  2512:  2512 I/LSPosed-Bridge  ] NoActive-Log [信息] 监听配置文件变更
[ 2026-06-07T16:42:22.328     1000:  2512:  2512 I/LSPosed-Bridge  ] NoActive-Log [信息] 轮番解冻开启 每 600 秒解冻一个应用
[ 2026-06-07T16:42:22.351     1000:  2512:  2512 I/LSPosed-Bridge  ] [I/MaxFreeForm] Inited hook: RemoveSmallWindowRestrictions
[ 2026-06-07T16:42:22.353     1000:  2512:  2512 I/LSPosed-Bridge  ] [I/MaxFreeForm] Inited hook: UnlockForegroundPin
[ 2026-06-07T16:42:22.354     1000:  2512:  2512 I/LSPosed-Bridge  ] [I/MaxFreeForm] Inited hook: UnlockFreeformQuantityLimit
[ 2026-06-07T16:42:22.355     1000:  2512:  2512 I/LSPosed-Bridge  ] [I/MaxFreeForm] Inited package: Android
[ 2026-06-07T16:42:22.808     1000:  2512:  2512 I/LSPosed-Bridge  ] NoActive-Log [信息] 监听待显示应用列表成功
[ 2026-06-07T16:42:22.814     1000:  2512:  2512 I/LSPosed-Bridge  ] NoActive-Log [信息] 安卓核心服务获取成功
[ 2026-06-07T16:42:22.814     1000:  2512:  2512 I/LSPosed-Bridge  ] NoActive-Log [信息] 监听应用备份状态
[ 2026-06-07T16:42:22.842     1000:  2512:  2512 I/LSPosed-Bridge  ] NoActive-Log [信息] 电池管理服务获取成功
[ 2026-06-07T16:42:26.283     1000:  2512:  2512 I/LSPosed-Bridge  ] Disabled FLAG_SECURE for: com.android.providers.settings
[ 2026-06-07T16:42:26.292     1000:  2512:  2512 I/LSPosed-Bridge  ] [HyperCeiler][E][getAppsUsingInputMethod]: have e: java.lang.IllegalStateException: IInputMethodManager is not available, message: IInputMethodManager is not available
[ 2026-06-07T16:42:26.503     1000:  2512:  2512 I/LSPosed-Bridge  ] Disabled FLAG_SECURE for: com.android.server.telecom
[ 2026-06-07T16:42:26.710     1000:  2512:  2512 I/LSPosed-Bridge  ] NoActive-Log [信息] Alarm管理服务获取成功
[ 2026-06-07T16:42:27.438     1000:  2512:  2512 I/LSPosed-Bridge  ] NoActive-Log [信息] 设备休眠控制器获取成功
[ 2026-06-07T16:42:27.483     1000:  2512:  2512 I/LSPosed-Bridge  ] NoActive-Log [信息] 网络管理服务获取成功
[ 2026-06-07T16:42:27.699     1000:  2512:  2512 I/LSPosed-Bridge  ] NoActive-Log [信息] 通知管理服务获取成功
[ 2026-06-07T16:42:27.699     1000:  2512:  2512 I/LSPosed-Bridge  ] NoActive-Log [信息] 监听通知列表成功
[ 2026-06-07T16:42:27.942     1000:  2512:  2512 I/LSPosed-Bridge  ] NoActive-Log [信息] Job定时管理服务获取成功
[ 2026-06-07T16:42:28.046     1000:  2512:  2512 I/LSPosed-Bridge  ] NoActive-Log [信息] 控制Millet监听网络
[ 2026-06-07T16:42:28.955     1000:  2512:  2512 I/LSPosed-Bridge  ] NoActive-Log [信息] 安卓任务管理服务获取成功
[ 2026-06-07T16:42:28.964     1000:  2512:  2512 I/LSPosed-Bridge  ] NoActive-Log [信息] 进程列表代理对象获取成功
[ 2026-06-07T16:42:31.007     1000:  2512:  2512 I/LSPosed-Bridge  ] NoActive-Log [信息] 系统启动完成
[ 2026-06-07T16:42:31.007     1000:  2512:  2512 I/LSPosed-Bridge  ] NoActive-Log [信息] 注册屏幕状态广播
[ 2026-06-07T16:42:31.009     1000:  2512:  2512 I/LSPosed-Bridge  ] NoActive-Log [信息] 注册UID移除广播
[ 2026-06-07T16:42:31.046     1000:  2512:  2512 I/LSPosed-Bridge  ] NoActive-Log [信息] 注册应用安装卸载广播
[ 2026-06-07T16:42:31.046     1000:  2512:  2512 I/LSPosed-Bridge  ] NoActive-Log [信息] 监听AppOps使用
[ 2026-06-07T16:42:31.322    10139:  6734:  6734 I/LSPosed-Bridge  ] [I/MaxFreeForm] Inited package: Home
[ 2026-06-07T16:42:31.684     1000:  6698:  6698 I/LSPosed-Bridge  ] [I/MaxFreeForm] Inited hook: CanNotificationSlide
[ 2026-06-07T16:42:31.700     1000:  6698:  6698 I/LSPosed-Bridge  ] [I/MaxFreeForm] Inited hook: RemoveFreeformBottomBar
[ 2026-06-07T16:42:31.704     1000:  6698:  6698 I/LSPosed-Bridge  ] [I/MaxFreeForm] Inited hook: RemoveFreeformTopBar
[ 2026-06-07T16:42:31.706     1000:  6698:  6698 I/LSPosed-Bridge  ] [I/MaxFreeForm] Inited hook: RemoveFreeformTopBarForList
[ 2026-06-07T16:42:31.712     1000:  6698:  6698 I/LSPosed-Bridge  ] [I/MaxFreeForm] Inited hook: UnlockMultipleTask
[ 2026-06-07T16:42:31.712     1000:  6698:  6698 I/LSPosed-Bridge  ] [I/MaxFreeForm] Inited package: SystemUI
[ 2026-06-07T16:42:31.718     1000:  6698:  6698 I/LSPosed-Bridge  ] [I/MaxFreeForm] Inited hook: RemoveConversationBubbleSettingsRestriction in: com.android.systemui
[ 2026-06-07T16:42:31.718     1000:  6698:  6698 I/LSPosedContext  ] cn.buffcow.hyper5g: onPackageLoaded: com.android.systemui
[ 2026-06-07T16:42:31.738     1000:  2512:  6884 I/LSPosed-Bridge  ] NoActive-Log [信息] 开始Hook 系统界面
[ 2026-06-07T16:42:31.749     1000:  2512:  6881 I/LSPosed-Bridge  ] NoActive-Log [信息] 监听通知栏下拉磁贴点击
[ 2026-06-07T16:42:31.750     1000:  2512:  6881 I/LSPosed-Bridge  ] NoActive-Log [信息] 系统界面 Hook结束
[ 2026-06-07T16:42:36.525    10164:  7825:  7825 I/LSPosed-Bridge  ] [HyperCeiler][W][com.miui.misound][IncreaseSamplingRate]: hook com.miui.misound.mihearingassist.h.a failed by , by: java.lang.ClassNotFoundException: com.miui.misound.mihearingassist.h
[ 2026-06-07T16:42:36.526    10164:  7825:  7825 I/LSPosed-Bridge  ] [HyperCeiler][W][com.miui.misound][IncreaseSamplingRate]: hook com.miui.misound.mihearingassist.h.b failed by , by: java.lang.ClassNotFoundException: com.miui.misound.mihearingassist.h
[ 2026-06-07T16:42:36.532    10164:  7825:  7825 I/LSPosed-Bridge  ] [HyperCeiler][W][com.miui.misound][IncreaseSamplingRate]: hook com.miui.misound.mihearingassist.h.b failed by , by: java.lang.ClassNotFoundException: com.miui.misound.mihearingassist.h
[ 2026-06-07T16:42:37.342     1000:  2512:  5276 I/LSPosed-Bridge  ] NoActive-Log [信息] 屏蔽Millet远程调用成功
[ 2026-06-07T16:42:41.456     1000:  2512:  6890 I/LSPosed-Bridge  ] [HyperCeiler][E][CrashHook]: context: android.window.SystemUiContext@8ee8251 pkg: android proc: ProcessRecord{f68e939 9079:com.accessibilitymanager/u0a269} crash: android.app.ApplicationErrorReport$ParcelableCrashInfo@90d363e short: java.lang.IllegalStateException long: java.lang.IllegalStateException: SharedPreferences in credential encrypted storage are not available until after user (id 0) is unlocked stack: java.lang.RuntimeException: Unable to start receiver com.accessibilitymanager.StartReceiver: java.lang.IllegalStateException: SharedPreferences in credential encrypted storage are not available until after user (id 0) is unlocked
	at android.app.ActivityThread.handleReceiver(ActivityThread.java:5535)
	at android.app.ActivityThread.-$$Nest$mhandleReceiver(Unknown Source:0)
	at android.app.ActivityThread$H.handleMessage(ActivityThread.java:2857)
	at android.os.Handler.dispatchMessage(Handler.java:114)
	at android.os.Looper.loopOnce(Looper.java:274)
	at android.os.Looper.loop(Looper.java:369)
	at android.app.ActivityThread.main(ActivityThread.java:10090)
	at java.lang.reflect.Method.invoke(Native Method)
	at com.android.internal.os.RuntimeInit$MethodAndArgsCaller.run(RuntimeInit.java:616)
	at com.android.internal.os.ZygoteInit.main(ZygoteInit.java:1137)
Caused by: java.lang.IllegalStateException: SharedPreferences in credential encrypted storage are not available until after user (id 0) is unlocked
	at android.app.ContextImpl.getSharedPreferences(ContextImpl.java:642)
	at android.app.ContextImpl.getSharedPreferences(ContextImpl.java:620)
	at android.content.ContextWrapper.getSharedPreferences(ContextWrapper.java:239)
	at android.content.ContextWrapper.getSharedPreferences(ContextWrapper.java:239)
	at com.accessibilitymanager.StartReceiver.onReceive(StartReceiver.java:19)
	at android.app.ActivityThread.handleReceiver(ActivityThread.java:5519)
	... 9 more
 time: 1780821761441 pid: 9079 uid: 10269
[ 2026-06-07T16:42:43.155     1000:  6698:  6698 I/LSPosedContext  ] cn.buffcow.hyper5g: [Hyper5G] Plugin for systemui control center created.
[ 2026-06-07T16:42:43.344     1000:  6698:  6698 I/LSPosedContext  ] cn.buffcow.hyper5g: [Hyper5G] onCreate, ctrl=miui.systemui.controlcenter.panel.secondary.detail.DetailPanelDelegate@5f366d5
[ 2026-06-07T16:42:43.347     1000:  6698:  6698 I/LSPosedContext  ] cn.buffcow.hyper5g: [Hyper5G] created moduleResources: android.content.res.MiuiResources@8affb6
[ 2026-06-07T16:42:53.032     1000:  2512:  4472 I/LSPosed-Bridge  ] NoActive-Log [信息] 屏蔽加载用户最近任务成功
[ 2026-06-07T16:42:54.699     1027: 10262: 10262 I/LSPosed-Bridge  ] [HyperCeiler][E][getPackageVersionName]: kM.mXD.PMKQBaR.BBacRyT.XposedHelpers$InvocationTargetError: android.content.pm.PackageParser$PackageParserException: Failed to read manifest from /system/app/NQNfcNci/NQNfcNci.apk
[ 2026-06-07T16:42:54.708     1027: 10262: 10262 I/LSPosed-Bridge  ] [HyperCeiler][E][getPackageVersionCode]: kM.mXD.PMKQBaR.BBacRyT.XposedHelpers$InvocationTargetError: android.content.pm.PackageParser$PackageParserException: Failed to read manifest from /system/app/NQNfcNci/NQNfcNci.apk
[ 2026-06-07T16:42:56.914     1000:  2512:  4452 I/LSPosed-Bridge  ] NoActive-Log [信息] Millet通知正常
[ 2026-06-07T16:42:56.915     1000:  2512:  4625 I/LSPosed-Bridge  ] NoActive-Log [信息] ReKernel通知正常
[ 2026-06-07T16:42:56.915     1000:  2512:  4625 I/LSPosed-Bridge  ] NoActive-Log [信息] 取消监听Millet成功
[ 2026-06-07T16:42:56.915     1000:  2512:  4625 I/LSPosed-Bridge  ] NoActive-Log [信息] 取消获取Millet服务成功
[ 2026-06-07T16:42:56.916     1000:  2512:  4625 I/LSPosed-Bridge  ] NoActive-Log [信息] 取消监听Millet网络成功
[ 2026-06-07T16:43:27.446     1000:  2512:  4625 I/LSPosed-Bridge  ] NoActive-Log [信息] ReKernel通知网络 临时解冻 com.tencent.mm
[ 2026-06-07T16:43:32.130    10122: 19424: 19424 I/LSPosed-Bridge  ] [HyperCeiler][E][com.miui.mishare.connectivity][UnlockTurboMode]: Hook Failed: org.luckypray.dexkit.exceptions.NoResultException: No result found for query
	at org.luckypray.dexkit.result.BaseDataList.single(r8-map-id-6e239032b7679d01e4aa27b3359d05322c667ce1afd591077bfc26939379a12d:6)
	at r.d.b(r8-map-id-6e239032b7679d01e4aa27b3359d05322c667ce1afd591077bfc26939379a12d:8)
	at com.sevtinge.hyperceiler.hook.module.hook.mishare.UnlockTurboMode.turboModeMethod_delegate$lambda$3$lambda$2(r8-map-id-6e239032b7679d01e4aa27b3359d05322c667ce1afd591077bfc26939379a12d:36)
	at com.sevtinge.hyperceiler.hook.module.hook.mishare.UnlockTurboMode.b(r8-map-id-6e239032b7679d01e4aa27b3359d05322c667ce1afd591077bfc26939379a12d:1)
	at com.sevtinge.hyperceiler.hook.module.hook.mediaeditor.d.dexkit(r8-map-id-6e239032b7679d01e4aa27b3359d05322c667ce1afd591077bfc26939379a12d:2)
	at com.sevtinge.hyperceiler.hook.module.base.dexkit.DexKit.findMember(r8-map-id-6e239032b7679d01e4aa27b3359d05322c667ce1afd591077bfc26939379a12d:5)
	at com.sevtinge.hyperceiler.hook.module.base.dexkit.DexKit.findMember(r8-map-id-6e239032b7679d01e4aa27b3359d05322c667ce1afd591077bfc26939379a12d:1)
	at com.sevtinge.hyperceiler.hook.module.hook.mishare.UnlockTurboMode.turboModeMethod_delegate$lambda$3(r8-map-id-6e239032b7679d01e4aa27b3359d05322c667ce1afd591077bfc26939379a12d:17)
	at com.sevtinge.hyperceiler.hook.module.hook.mishare.UnlockTurboMode.c(r8-map-id-6e239032b7679d01e4aa27b3359d05322c667ce1afd591077bfc26939379a12d:1)
	at com.sevtinge.hyperceiler.hook.module.hook.mediaeditor.a.invoke(r8-map-id-6e239032b7679d01e4aa27b3359d05322c667ce1afd591077bfc26939379a12d:6)
	at I1.i.getValue(r8-map-id-6e239032b7679d01e4aa27b3359d05322c667ce1afd591077bfc26939379a12d:18)
	at com.sevtinge.hyperceiler.hook.module.hook.mishare.UnlockTurboMode.getTurboModeMethod(r8-map-id-6e239032b7679d01e4aa27b3359d05322c667ce1afd591077bfc26939379a12d:3)
	at com.sevtinge.hyperceiler.hook.module.hook.mishare.UnlockTurboMode.init(r8-map-id-6e239032b7679d01e4aa27b3359d05322c667ce1afd591077bfc26939379a12d:3)
	at com.sevtinge.hyperceiler.hook.module.base.BaseHook.onCreate(r8-map-id-6e239032b7679d01e4aa27b3359d05322c667ce1afd591077bfc26939379a12d:4)
	at com.sevtinge.hyperceiler.hook.module.base.BaseModule.onCreate(r8-map-id-6e239032b7679d01e4aa27b3359d05322c667ce1afd591077bfc26939379a12d:9)
	at com.sevtinge.hyperceiler.hook.module.base.BaseModule.initHook(r8-map-id-6e239032b7679d01e4aa27b3359d05322c667ce1afd591077bfc26939379a12d:8)
	at com.sevtinge.hyperceiler.hook.module.base.BaseModule.initHook(r8-map-id-6e239032b7679d01e4aa27b3359d05322c667ce1afd591077bfc26939379a12d:2)
	at com.sevtinge.hyperceiler.hook.module.app.MiShare.handleLoadPackage(r8-map-id-6e239032b7679d01e4aa27b3359d05322c667ce1afd591077bfc26939379a12d:58)
	at com.sevtinge.hyperceiler.hook.module.base.BaseModule.init(r8-map-id-6e239032b7679d01e4aa27b3359d05322c667ce1afd591077bfc26939379a12d:118)
	at com.sevtinge.hyperceiler.hook.f.accept(r8-map-id-6e239032b7679d01e4aa27b3359d05322c667ce1afd591077bfc26939379a12d:75)
	at java.util.HashMap.forEach(HashMap.java:1432)
	at com.sevtinge.hyperceiler.hook.XposedInit.invokeInit(r8-map-id-6e239032b7679d01e4aa27b3359d05322c667ce1afd591077bfc26939379a12d:90)
	at com.sevtinge.hyperceiler.hook.XposedInit.handleLoadPackage(r8-map-id-6e239032b7679d01e4aa27b3359d05322c667ce1afd591077bfc26939379a12d:198)
	at kM.mXD.PMKQBaR.BBacRyT.IXposedHookLoadPackage$Wrapper.handleLoadPackage(r8-map-id-1b503ce2d1eb437266e175dc68a023819023d9852a09899d29d782d634f0016f:3)
	at kM.mXD.PMKQBaR.BBacRyT.callbacks.XC_LoadPackage.call(r8-map-id-1b503ce2d1eb437266e175dc68a023819023d9852a09899d29d782d634f0016f:7)
	at kM.mXD.PMKQBaR.BBacRyT.callbacks.XCallback.callAll(r8-map-id-1b503ce2d1eb437266e175dc68a023819023d9852a09899d29d782d634f0016f:27)
	at g1.after(r8-map-id-1b503ce2d1eb437266e175dc68a023819023d9852a09899d29d782d634f0016f:402)
	at java.lang.reflect.Method.invoke(Native Method)
[ 2026-06-07T16:43:32.130    10122: 19424: 19424 I/LSPosed-Bridge  ] 	at j0.callback(r8-map-id-1b503ce2d1eb437266e175dc68a023819023d9852a09899d29d782d634f0016f:291)
	at LSPHooker_.createOrUpdateClassLoaderLocked(LSP)
	at android.app.LoadedApk.getClassLoader(LoadedApk.java:1221)
	at android.app.LoadedApk.getResources(LoadedApk.java:1480)
	at android.app.ContextImpl.createAppContext(ContextImpl.java:3509)
	at android.app.ContextImpl.createAppContext(ContextImpl.java:3500)
	at android.app.ActivityThread.handleBindApplication(ActivityThread.java:8536)
	at android.app.ActivityThread.-$$Nest$mhandleBindApplication(Unknown Source:0)
	at android.app.ActivityThread$H.handleMessage(ActivityThread.java:2826)
	at android.os.Handler.dispatchMessage(Handler.java:114)
	at android.os.Looper.loopOnce(Looper.java:274)
	at android.os.Looper.loop(Looper.java:369)
	at android.app.ActivityThread.main(ActivityThread.java:10090)
	at java.lang.reflect.Method.invoke(Native Method)
	at com.android.internal.os.RuntimeInit$MethodAndArgsCaller.run(RuntimeInit.java:616)
	at com.android.internal.os.ZygoteInit.main(ZygoteInit.java:1137)
[ 2026-06-07T16:43:47.318     1000:  2512:  4625 I/LSPosed-Bridge  ] NoActive-Log [信息] ReKernel通知网络 临时解冻 com.tencent.mm
[ 2026-06-07T16:44:14.531     1000:  2512:  5490 I/LSPosed-Bridge  ] NoActive-Log [信息] 网络断开 临时解冻 com.tencent.mm

Logd maybe crashed (err=Success), retrying in 1s...
