----part 1 start----
[ 1971-04-18T20:00:27.589        0:  1197:  1197 I/KernelSU        ] ksud::cli: command: PostFsData
[ 1971-04-18T20:00:27.597        0:  1197:  1197 I/KernelSU        ] ksud::utils: safemode: false
[ 1971-04-18T20:00:27.597        0:  1197:  1197 I/KernelSU        ] ksud::utils: kernel_safemode: false
[ 1971-04-18T20:00:27.597        0:  1197:  1197 I/KernelSU        ] ksud::module: /data/adb/post-fs-data.d not exists, skip
[ 1971-04-18T20:00:27.681        0:  1197:  1197 I/KernelSU        ] ksud::module: load policy: /data/adb/modules/zygisksu/sepolicy.rule
[ 1971-04-18T20:00:27.694        0:  1197:  1197 W/KernelSU        ] ksud::sepolicy: apply sepolicy batch partially succeeded: 19/21
[ 1971-04-18T20:00:27.694        0:  1197:  1197 I/KernelSU        ] ksud::module: load policy: /data/adb/modules/zygisk_lsposed/sepolicy.rule
[ 1971-04-18T20:00:27.706        0:  1197:  1197 I/KernelSU        ] ksud::module: load policy: /data/adb/modules/lib_tombstone/sepolicy.rule
[ 1971-04-18T20:00:27.717        0:  1197:  1197 W/KernelSU        ] ksud::sepolicy: apply sepolicy batch partially succeeded: 2/3
[ 1971-04-18T20:00:27.718        0:  1197:  1197 I/KernelSU        ] ksud::profile: profile sepolicy dir not exists.
[ 1971-04-18T20:00:27.718        0:  1197:  1197 I/KernelSU        ] ksud::utils: safemode: false
[ 1971-04-18T20:00:27.718        0:  1197:  1197 I/KernelSU        ] ksud::utils: kernel_safemode: false
[ 1971-04-18T20:00:27.718        0:  1197:  1197 I/KernelSU        ] ksud::feature: Initializing features from config...
[ 1971-04-18T20:00:27.718        0:  1197:  1197 I/KernelSU        ] ksud::feature: Loaded 4 features from config
[ 1971-04-18T20:00:27.719        0:  1197:  1197 I/KernelSU        ] ksud::feature: Applying feature configuration to kernel...
[ 1971-04-18T20:00:27.719        0:  1197:  1197 I/KernelSU        ] ksud::feature: Set feature adb_root to 0
[ 1971-04-18T20:00:27.719        0:  1197:  1197 I/KernelSU        ] ksud::feature: Set feature kernel_umount to 0
[ 1971-04-18T20:00:27.719        0:  1197:  1197 I/KernelSU        ] ksud::feature: Set feature sulog to 0
[ 1971-04-18T20:00:27.719        0:  1197:  1197 I/KernelSU        ] ksud::feature: Set feature su_compat to 1
[ 1971-04-18T20:00:27.719        0:  1197:  1197 I/KernelSU        ] ksud::feature: Applied 4 features successfully
[ 1971-04-18T20:00:27.719        0:  1197:  1197 I/KernelSU        ] ksud::feature: Saved 4 features to config
[ 1971-04-18T20:00:27.719        0:  1197:  1197 I/KernelSU        ] ksud::feature: Saved feature configuration to file
[ 1971-04-18T20:00:27.720        0:  1197:  1197 I/KernelSU        ] ksud::metamodule: Found metamodule in modules directory: /data/adb/modules/meta-overlayfs
[ 1971-04-18T20:00:27.723        0:  1197:  1197 I/KernelSU        ] ksud::metamodule: Found metamodule in modules directory: /data/adb/modules/meta-overlayfs
[ 1971-04-18T20:00:27.724        0:  1197:  1197 I/KernelSU        ] ksud::module: exec /data/adb/modules/zygisksu/post-fs-data.sh
[ 1971-04-18T20:00:27.737        0:  1209:  1209 I/zn-daemon64     ] Zygisk Next Daemon 1.3.4-746-d1b76b3-release
[ 1971-04-18T20:00:27.737        0:  1209:  1209 I/zn-daemon64     ] Kernel: 5.10.256-Jianke-Jiangnan aarch64
[ 1971-04-18T20:00:27.757        0:  1209:  1209 I/zn-daemon64     ] ** write prop
[ 1971-04-18T20:00:27.780        0:  1209:  1209 I/zn-daemon64     ] ** preparing payload ...
[ 1971-04-18T20:00:27.780        0:  1209:  1209 I/zn-daemon64     ] ** payload prepared
[ 1971-04-18T20:00:27.780        0:  1209:  1209 I/zn-daemon64     ] ** attaching init ...
[ 1971-04-18T20:00:27.780        0:  1209:  1209 I/zn-daemon64     ] ** init attached
[ 1971-04-18T20:00:27.780        0:  1209:  1209 I/zn-daemon64     ] ** loading payload ...
[ 1971-04-18T20:00:27.781        0:  1209:  1209 I/zn-daemon64     ] libpayload base: 7fbb1c9000
[ 1971-04-18T20:00:27.781        0:  1209:  1209 I/zn-daemon64     ] ** payload loaded
[ 1971-04-18T20:00:27.781        0:  1209:  1209 I/zn-daemon64     ] ** setting up payload ...
[ 1971-04-18T20:00:27.781        0:  1209:  1209 I/zn-daemon64     ] ** payload has been setup
[ 1971-04-18T20:00:27.781        0:  1209:  1209 I/zn-daemon64     ] ** inline hook prepare ...
[ 1971-04-18T20:00:27.782        0:  1209:  1209 I/zn-daemon64     ] ** hooking execve
[ 1971-04-18T20:00:27.782        0:  1209:  1209 I/zn-daemon64     ] *** prepare trampoline
[ 1971-04-18T20:00:27.784        0:  1209:  1209 I/zn-daemon64     ] ** inline hook commit
[ 1971-04-18T20:00:27.784        0:  1209:  1209 I/zn-daemon64     ] execve hook installed
[ 1971-04-18T20:00:27.784        0:  1209:  1209 I/zn-daemon64     ] ** hooking wait4
[ 1971-04-18T20:00:27.784        0:  1209:  1209 I/zn-daemon64     ] *** prepare trampoline
[ 1971-04-18T20:00:27.785        0:  1209:  1209 I/zn-daemon64     ] ** inline hook commit
[ 1971-04-18T20:00:27.785        0:  1209:  1209 I/zn-daemon64     ] wait4 hook installed
[ 1971-04-18T20:00:27.785        0:  1209:  1209 I/zn-daemon64     ] inject success!
[ 1971-04-18T20:00:27.785        0:  1209:  1209 I/zn-daemon64     ] ** do cleanup
[ 1971-04-18T20:00:27.786        0:  1209:  1209 I/zn-daemon64     ] ** do restore
[ 1971-04-18T20:00:27.786        0:  1209:  1209 I/zn-daemon64     ] loading 64bit zygisk modules
[ 1971-04-18T20:00:27.786        0:  1209:  1209 I/zn-daemon64     ] loaded 64bit zygisk module zygisk_lsposed
[ 1971-04-18T20:00:27.786        0:  1209:  1209 I/zn-daemon64     ] loaded 1 64bit zygisk module(s)
[ 1971-04-18T20:00:27.786        0:  1209:  1209 I/zn-daemon64     ] loading 32bit zygisk modules
[ 1971-04-18T20:00:27.787        0:  1209:  1209 I/zn-daemon64     ] loaded 32bit zygisk module zygisk_lsposed
[ 1971-04-18T20:00:27.787        0:  1209:  1209 I/zn-daemon64     ] loaded 1 32bit zygisk module(s)
[ 1971-04-18T20:00:27.787        0:  1209:  1209 I/zn-daemon64     ] loading zn modules
[ 1971-04-18T20:00:27.787        0:  1209:  1209 I/zn-daemon64     ] loaded 0 zn modules
[ 1971-04-18T20:00:27.787        0:  1214:  1214 I/zn-daemon64     ] ** daemon launched
[ 1971-04-18T20:00:27.788        0:  1214:  1214 I/zn-daemon64     ] ** stop klog
[ 1971-04-18T20:00:27.788        0:  1214:  1214 I/zn-daemon64     ] ** denylist policy: 0
[ 1971-04-18T20:00:27.789        0:  1214:  1214 I/zn-daemon64     ] ** denylist enforce mode: 2
[ 1971-04-18T20:00:27.789        0:  1214:  1214 I/zn-daemon64     ] ** memory type: 0
[ 1971-04-18T20:00:27.789        0:  1214:  1214 I/zn-daemon64     ] ** linker mode: 1
[ 1971-04-18T20:00:27.789        0:  1214:  1214 I/zn-daemon64     ] ** write prop
[ 1971-04-18T20:00:27.790        0:  1197:  1197 I/KernelSU        ] ksud::module: exec /data/adb/modules/zygisk_lsposed/post-fs-data.sh
[ 1971-04-18T20:00:27.794        0:  1197:  1197 I/KernelSU        ] ksud::module: exec /data/adb/modules/re_kernel/post-fs-data.sh
[ 1971-04-18T20:00:27.803        0:  1197:  1197 I/KernelSU        ] ksud::module: exec /data/adb/modules/lib_tombstone/post-fs-data.sh
[ 1971-04-18T20:00:27.806        0:  1227:  1227 I/LSPosed         ] starting lspd 
[ 1971-04-18T20:00:27.811        0:  1230:  1230 I/LSPosed         ] started lspd 1229
[ 1971-04-18T20:00:27.860        0:  1197:  1197 I/KernelSU        ] ksud::module: exec /data/adb/modules/GGAT_10007/post-fs-data.sh
[ 1971-04-18T20:00:27.864        0:  1197:  1197 I/KernelSU        ] ksud::module: exec /data/adb/modules/WorkSettingPro/post-fs-data.sh
[ 1971-04-18T20:00:27.866        0:  1197:  1197 I/KernelSU        ] ksud::module: exec /data/adb/modules/scene_swap_controller/post-fs-data.sh
[ 1971-04-18T20:00:27.868        0:  1197:  1197 I/KernelSU        ] ksud::module: exec /data/adb/modules/scene_systemless/post-fs-data.sh
[ 1971-04-18T20:00:27.870        0:  1197:  1197 I/KernelSU        ] ksud::module: load /data/adb/modules/WorkSettingPro system.prop
[ 1971-04-18T20:00:27.872        0:  1197:  1197 I/KernelSU        ] ksud::resetprop: Loaded system.prop from /data/adb/modules/WorkSettingPro/system.prop
[ 1971-04-18T20:00:27.872        0:  1197:  1197 I/KernelSU        ] ksud::module: load /data/adb/modules/scene_swap_controller system.prop
[ 1971-04-18T20:00:27.873        0:  1197:  1197 I/KernelSU        ] ksud::resetprop: Loaded system.prop from /data/adb/modules/scene_swap_controller/system.prop
[ 1971-04-18T20:00:27.873        0:  1197:  1197 I/KernelSU        ] ksud::module: load /data/adb/modules/scene_systemless system.prop
[ 1971-04-18T20:00:27.875        0:  1197:  1197 I/KernelSU        ] ksud::resetprop: Loaded system.prop from /data/adb/modules/scene_systemless/system.prop
[ 1971-04-18T20:00:27.875        0:  1197:  1197 I/KernelSU        ] ksud::metamodule: Found metamodule in modules directory: /data/adb/modules/meta-overlayfs
[ 1971-04-18T20:00:27.876        0:  1197:  1197 I/KernelSU        ] ksud::metamodule: Executing mount script for metamodule
[ 1971-04-18T20:00:27.923        0:  1197:  1197 I/KernelSU        ] ksud::metamodule: Metamodule mount script executed successfully
[ 1971-04-18T20:00:27.924        0:  1197:  1197 I/KernelSU        ] ksud::utils: safemode: false
[ 1971-04-18T20:00:27.924        0:  1197:  1197 I/KernelSU        ] ksud::utils: kernel_safemode: false
[ 1971-04-18T20:00:27.924        0:  1197:  1197 I/KernelSU        ] ksud::module: /data/adb/post-mount.d not exists, skip
[ 1971-04-18T20:00:27.924        0:  1197:  1197 I/KernelSU        ] ksud::metamodule: Found metamodule in modules directory: /data/adb/modules/meta-overlayfs
[ 1971-04-18T20:00:27.925        0:  1197:  1197 I/KernelSU        ] ksud::metamodule: Executing metamodule post-mount.sh
[ 1971-04-18T20:00:27.925        0:  1197:  1197 I/KernelSU        ] ksud::module: exec /data/adb/modules/meta-overlayfs/post-mount.sh
[ 1971-04-18T20:00:27.932        0:  1259:  1259 I/KernelSU        ] ksud::cli: command: Kernel { command: NukeExt4Sysfs { mnt: "/data/adb/modules/meta-overlayfs/mnt" } }
[ 1971-04-18T20:00:27.933        0:  1197:  1197 I/KernelSU        ] ksud::metamodule: Metamodule post-mount.sh executed successfully
[ 1971-04-18T20:00:27.933        0:  1197:  1197 I/KernelSU        ] ksud::metamodule: Found metamodule in modules directory: /data/adb/modules/meta-overlayfs
[ 1971-04-18T20:00:27.934        0:  1197:  1197 I/KernelSU        ] ksud::module: exec /data/adb/modules/zygisk_lsposed/post-mount.sh
[ 1971-04-18T20:00:27.950        0:  1265:  1265 I/LSPosed         ] starting lspd 
[ 1971-04-18T20:00:27.955        0:  1267:  1267 I/LSPosed         ] started lspd 1266
[ 1971-04-18T20:00:28.009        0:  1229:  1229 D/AndroidRuntime  ] >>>>>> START com.android.internal.os.RuntimeInit uid 0 <<<<<<
[ 1971-04-18T20:00:28.014        0:  1229:  1229 I/AndroidRuntime  ] Using default boot image
[ 1971-04-18T20:00:28.014        0:  1229:  1229 I/AndroidRuntime  ] Leaving lock profiling enabled
[ 1971-04-18T20:00:28.022        0:  1229:  1229 I/lspd            ] Using CollectorTypeCC GC.
[ 1971-04-18T20:00:28.022        0:  1229:  1229 I/lspd            ] MMAP_TRYLOCK is supported in uffd errno:2 addr:0x735441a000 size:4096
[ 2026-06-07T16:42:13.983        0:  1229:  1229 D/nativeloader    ] InitDefaultPublicLibraries for_preload=1: libandroid.so:libaaudio.so:libamidi.so:libbinder_ndk.so:libc.so:libcamera2ndk.so:libdl.so:libEGL.so:libGLESv1_CM.so:libGLESv2.so:libGLESv3.so:libicu.so:libicui18n.so:libicuuc.so:libjnigraphics.so:liblog.so:libmediandk.so:libm.so:libnativehelper.so:libnativewindow.so:libOpenMAXAL.so:libOpenSLES.so:libRS.so:libstdc++.so:libsync.so:libvulkan.so:libwebviewchromium_plat_support.so:libz.so
[ 2026-06-07T16:42:14.012        0:  1229:  1229 D/nativeloader    ] Load libicu_jni.so using APEX ns com_android_art for caller /apex/com.android.art/javalib/core-oj.jar: ok
[ 2026-06-07T16:42:14.014        0:  1229:  1229 D/lspd            ] u_setTimeZoneFilesDirectory("/apex/com.android.tzdata/etc/tz/versioned/9/icu") succeeded. 
[ 2026-06-07T16:42:14.014        0:  1229:  1229 D/lspd            ] I18n APEX ICU file found: /apex/com.android.i18n/etc/icu/icudt76l.dat
[ 2026-06-07T16:42:14.020        0:  1229:  1229 D/nativeloader    ] Load libjavacore.so using APEX ns com_android_art for caller /apex/com.android.art/javalib/core-oj.jar: ok
[ 2026-06-07T16:42:14.024        0:  1229:  1229 D/nativeloader    ] Load libopenjdk.so using APEX ns com_android_art for caller /apex/com.android.art/javalib/core-oj.jar: ok
[ 2026-06-07T16:42:14.093        0:  1229:  1229 D/nativeloader    ] Load libframework-connectivity-tiramisu-jni.so using APEX ns com_android_tethering for caller /apex/com.android.tethering/javalib/framework-connectivity-t.jar: ok
[ 2026-06-07T16:42:14.093        0:  1229:  1229 D/AndroidRuntime  ] Calling main entry org.lsposed.lspd.Main
[ 2026-06-07T16:42:14.110        0:  1229:  1229 I/LSPosedService  ] starting server...
[ 2026-06-07T16:42:14.128        0:  1229:  1229 I/LSPosedService  ] version 1.9.2-it (7467)
[ 2026-06-07T16:42:14.129        0:  1229:  1229 D/nativeloader    ] InitApexLibraries:
  com_android_art: libnativehelper.so
  com_android_i18n: libicui18n.so:libicuuc.so:libicu.so
  com_android_neuralnetworks: libneuralnetworks.so
[ 2026-06-07T16:42:14.129        0:  1229:  1229 D/nativeloader    ] InitDefaultPublicLibraries for_preload=0: libandroid.so:libaaudio.so:libamidi.so:libbinder_ndk.so:libc.so:libcamera2ndk.so:libclang_rt.hwasan-aarch64-android.so:libdl.so:libEGL.so:libGLESv1_CM.so:libGLESv2.so:libGLESv3.so:libjnigraphics.so:liblog.so:libmediandk.so:libm.so:libnativewindow.so:libOpenMAXAL.so:libOpenSLES.so:libRS.so:libstdc++.so:libsync.so:libvulkan.so:libwebviewchromium_plat_support.so:libz.so
[ 2026-06-07T16:42:14.129        0:  1229:  1229 D/nativeloader    ] Configuring clns-1 for other apk . target_sdk_version=0, uses_libraries=ALL, library_path=/system/lib64:/system_ext/lib64, permitted_path=/data:/mnt/expand
[ 2026-06-07T16:42:14.129        0:  1229:  1229 D/nativeloader    ] InitExtendedPublicLibraries: libbinauralrenderer_wrapper.qti.so:libhoaeffects.qti.so:libmisys_jni.xiaomi.so:libpag.hyperos.so:libffavc.hyperos.so:libxiaomi_modemdumpsdx55_jni.modem.so:libxiaomi_modemdump_jni.modem.so:libmodemsmartengine_jni.modem.so:libupdateprof.qti.so:libthermalclient.qti.so:libdiag_system.qti.so:libqape.qti.so:libqesdk_ndk_platform.qti.so:liblistenjni.qti.so:libautoui_image.xiaomi.so
[ 2026-06-07T16:42:14.129        0:  1229:  1229 D/nativeloader    ] Extending system_exposed_libraries: libbinauralrenderer_wrapper.qti.so:libhoaeffects.qti.so:libmisys_jni.xiaomi.so:libpag.hyperos.so:libffavc.hyperos.so:libxiaomi_modemdumpsdx55_jni.modem.so:libxiaomi_modemdump_jni.modem.so:libmodemsmartengine_jni.modem.so:libupdateprof.qti.so:libthermalclient.qti.so:libdiag_system.qti.so:libqape.qti.so:libqesdk_ndk_platform.qti.so:liblistenjni.qti.so:libautoui_image.xiaomi.so
[ 2026-06-07T16:42:14.130        0:  1229:  1229 D/nativeloader    ] InitVendorPublicLibraries: libqti-perfd-client.so:libadsprpc.so:libcdsprpc.so:libsdsprpc.so:libfastcvopt.so:libSNPE.so:libmialgo_ai_vision.so:libmialgo_utils.so:libxmi_slow_motion_mein.so:libmiocr.so:libOpenCL.so:libOpenCL_adreno.so:libgpumemtracer.so:libgpuservice.so:gpu++.so
[ 2026-06-07T16:42:14.130        0:  1229:  1229 D/nativeloader    ] InitProductPublicLibraries: 
[ 2026-06-07T16:42:14.132        0:  1229:  1229 D/nativeloader    ] Load /data/adb/modules/zygisk_lsposed/daemon.apk!/lib/arm64-v8a/libdaemon.so using isolated ns clns-1 (caller=/data/adb/modules/zygisk_lsposed/daemon.apk): ok
[ 2026-06-07T16:42:14.137        0:  1229:  1345 I/LSPosedLogcat   ] start running
[ 2026-06-07T16:42:14.137        0:  1229:  1345 I/LSPosedLogcat   ] New log file: /data/adb/lspd/log/verbose_2026-06-07T16:42:14.137584.log
[ 2026-06-07T16:42:14.138        0:  1229:  1345 I/LSPosedLogcat   ] New log file: /data/adb/lspd/log/modules_2026-06-07T16:42:14.13835.log
[ 2026-06-07T16:42:14.158        0:  1229:  1229 W/lspd            ] ClassLoaderContext classpath size mismatch. expected=0, found=1 (PCL[] | PCL[/system_ext/framework/miui-framework.autoui.jar*2881616845])
[ 2026-06-07T16:42:14.170        0:  1229:  1229 I/MessageMonitor  ] Load libmiui_runtime
[ 2026-06-07T16:42:14.171        0:  1229:  1229 D/nativeloader    ] Load libmiui_runtime.so using system ns (caller=/system_ext/framework/miui-framework.jar): ok
[ 2026-06-07T16:42:14.172        0:  1229:  1229 E/lspd            ] register_android_view_SurfaceRuntimeShader  
[ 2026-06-07T16:42:14.172        0:  1229:  1229 E/lspd            ] register_android_view_SurfaceRuntimeShader  0
[ 2026-06-07T16:42:14.179        0:  1214:  1246 I/zn-daemon64     ] ** new zygote process: 1354 /system/bin/app_process64 name=zygote
[ 2026-06-07T16:42:14.180        0:  1359:  1359 I/zn-daemon64     ] ** run zygote-injector for 1354: 1359 ./bin/zygiskd64
[ 2026-06-07T16:42:14.183        0:  1214:  1351 I/zn-daemon64     ] ** new zygote process: 1357 /system/bin/app_process32 name=zygote_secondary
[ 2026-06-07T16:42:14.184        0:  1363:  1363 I/zn-daemon64     ] ** run zygote-injector for 1357: 1363 ./bin/zygiskd32
[ 2026-06-07T16:42:14.185        0:  1359:  1359 I/zn-injector64   ] injecting zygote 1354 (injector 1359)
[ 2026-06-07T16:42:14.199        0:  1229:  1355 D/nativeloader    ] Load libjavacrypto.so using APEX ns com_android_conscrypt for caller /apex/com.android.conscrypt/javalib/conscrypt.jar: ok
[ 2026-06-07T16:42:14.200        0:  1363:  1363 I/zn-injector32   ] injecting zygote 1357 (injector 1363)
[ 2026-06-07T16:42:14.201        0:  1229:  1229 W/SQLiteCompatibilityWalFlags ] Cannot read global setting sqlite_compatibility_wal_flags - Application state not available
[ 2026-06-07T16:42:14.213        0:  1229:  1229 D/ThemeCompatibility ] START loading theme compatibility config.
[ 2026-06-07T16:42:14.213        0:  1229:  1229 D/ThemeCompatibility ] getVersion(): /data/system/theme_config/theme_compatibility.xml  java.io.FileNotFoundException: /data/system/theme_config/theme_compatibility.xml: open failed: ENOENT (No such file or directory)
[ 2026-06-07T16:42:14.214        0:  1229:  1229 D/ThemeCompatibility ] getConfigDocumentTree(): 140 vs -1
[ 2026-06-07T16:42:14.214        0:  1229:  1229 D/ThemeCompatibility ]     parse file: /product/media/theme/theme_compatibility.xml
[ 2026-06-07T16:42:14.215        0:  1229:  1229 D/ThemeCompatibility ] END loading: version=140 size=71
[ 2026-06-07T16:42:14.223        0:  1229:  1229 I/OverlayConfig   ] Sorting partitions in the specified order from partitions_order.xml
[ 2026-06-07T16:42:14.265        0:  1214:  1215 I/zn-daemon64     ] [zn-zygisk-loader64,0,1354,1354]Zygisk library injected, version 1.3.4-746-d1b76b3-release,exp_hook
[ 2026-06-07T16:42:14.265        0:  1214:  1215 I/zn-daemon64     ] [zn-zygisk-loader64,0,1354,1354]Start hooking
[ 2026-06-07T16:42:14.312        0:  1229:  1229 I/AssetManagerImpl  ] Load libmiui_runtime
[ 2026-06-07T16:42:14.331        0:  1229:  1229 I/lspd            ] AssetManager2(0xb4000071cb1e1938) locale list changing from [] to [zh-CN]
[ 2026-06-07T16:42:14.344        0:  1229:  1229 W/lspd            ] ClassLoaderContext parent mismatch.  (PCL[] | PCL[];PCL[/data/adb/modules/zygisk_lsposed/daemon.apk*4168448793])
[ 2026-06-07T16:42:14.405        0:  1229:  1229 I/AconfigPackage  ] com.android.icu is mapped to com.android.i18n
[ 2026-06-07T16:42:14.405        0:  1229:  1229 I/AconfigPackage  ] com.android.settings.accessibility is mapped to system_ext
[ 2026-06-07T16:42:14.405        0:  1229:  1229 I/AconfigPackage  ] com.android.settings.keyboard is mapped to system_ext
[ 2026-06-07T16:42:14.405        0:  1229:  1229 I/AconfigPackage  ] com.android.settings.factory_reset is mapped to system_ext
[ 2026-06-07T16:42:14.405        0:  1229:  1229 I/AconfigPackage  ] com.android.systemui.accessibility.accessibilitymenu is mapped to system_ext
[ 2026-06-07T16:42:14.405        0:  1229:  1229 I/AconfigPackage  ] com.android.server.policy.feature.flags is mapped to system_ext
[ 2026-06-07T16:42:14.405        0:  1229:  1229 I/AconfigPackage  ] com.android.settings.flags is mapped to system_ext
[ 2026-06-07T16:42:14.405        0:  1229:  1229 I/AconfigPackage  ] com.android.settings.media_drm is mapped to system_ext
[ 2026-06-07T16:42:14.405        0:  1229:  1229 I/AconfigPackage  ] com.android.launcher3 is mapped to system_ext
[ 2026-06-07T16:42:14.406        0:  1229:  1229 I/AconfigPackage  ] android.media.swcodec.flags is mapped to com.android.media.swcodec
[ 2026-06-07T16:42:14.407        0:  1229:  1229 I/AconfigPackage  ] com.android.os.statsd.flags is mapped to com.android.os.statsd
[ 2026-06-07T16:42:14.407        0:  1229:  1229 I/AconfigPackage  ] com.android.permission.flags is mapped to com.android.permission
[ 2026-06-07T16:42:14.408        0:  1229:  1229 I/AconfigPackage  ] com.android.net.ct.flags is mapped to com.android.tethering
[ 2026-06-07T16:42:14.408        0:  1229:  1229 I/AconfigPackage  ] com.android.net.flags is mapped to com.android.tethering
[ 2026-06-07T16:42:14.408        0:  1229:  1229 I/AconfigPackage  ] android.net.vcn is mapped to com.android.tethering
[ 2026-06-07T16:42:14.408        0:  1229:  1229 I/AconfigPackage  ] com.android.nearby.flags is mapped to com.android.tethering
[ 2026-06-07T16:42:14.408        0:  1229:  1229 I/AconfigPackage  ] android.net.http is mapped to com.android.tethering
[ 2026-06-07T16:42:14.408        0:  1229:  1229 I/AconfigPackage  ] com.android.net.thread.flags is mapped to com.android.tethering
[ 2026-06-07T16:42:14.409        0:  1229:  1229 I/AconfigPackage  ] com.android.org.conscrypt.flags is mapped to com.android.conscrypt
[ 2026-06-07T16:42:14.409        0:  1229:  1229 I/AconfigPackage  ] com.android.adservices.ondevicepersonalization.flags is mapped to com.android.ondevicepersonalization
[ 2026-06-07T16:42:14.410        0:  1229:  1229 I/AconfigPackage  ] com.android.system.virtualmachine.flags is mapped to com.android.virt
[ 2026-06-07T16:42:14.412        0:  1214:  1362 I/zn-daemon64     ] zygote 1354 hook status: 1
[ 2026-06-07T16:42:14.412        0:  1229:  1229 I/AconfigPackage  ] android.graphics.pdf.flags is mapped to com.android.mediaprovider
[ 2026-06-07T16:42:14.412        0:  1229:  1229 I/AconfigPackage  ] com.android.providers.media.flags is mapped to com.android.mediaprovider
[ 2026-06-07T16:42:14.412        0:  1229:  1229 I/AconfigPackage  ] android.graphics.pdf.flags.readonly is mapped to com.android.mediaprovider
[ 2026-06-07T16:42:14.412        0:  1359:  1359 I/zn-injector64   ] inject zygote 1354 succeed
[ 2026-06-07T16:42:14.414        0:  1214:  1246 I/zn-daemon64     ] ** inject success for 1354
[ 2026-06-07T16:42:14.414        0:  1214:  1246 I/zn-daemon64     ] ** write prop
[ 2026-06-07T16:42:14.414        0:  1229:  1229 I/AconfigPackage  ] com.android.uwb.flags is mapped to com.android.uwb
[ 2026-06-07T16:42:14.414        0:  1229:  1229 I/AconfigPackage  ] com.android.ranging.flags is mapped to com.android.uwb
[ 2026-06-07T16:42:14.415        0:  1229:  1229 I/AconfigPackage  ] com.android.ipsec.flags is mapped to com.android.ipsec
[ 2026-06-07T16:42:14.417        0:  1229:  1229 I/AconfigPackage  ] com.android.devicelock.flags is mapped to com.android.devicelock
[ 2026-06-07T16:42:14.417        0:  1229:  1229 I/AconfigPackage  ] android.uprobestats.mainline.flags is mapped to com.android.uprobestats
[ 2026-06-07T16:42:14.418        0:  1229:  1229 I/AconfigPackage  ] com.android.wifi.flags is mapped to com.android.wifi
[ 2026-06-07T16:42:14.418        0:  1229:  1229 I/AconfigPackage  ] com.android.healthfitness.flags is mapped to com.android.healthfitness
[ 2026-06-07T16:42:14.419        0:  1229:  1229 I/AconfigPackage  ] android.provider.flags is mapped to com.android.configinfrastructure
[ 2026-06-07T16:42:14.419        0:  1229:  1229 I/AconfigPackage  ] com.android.server.deviceconfig is mapped to com.android.configinfrastructure
[ 2026-06-07T16:42:14.419        0:  1229:  1229 I/AconfigPackage  ] com.android.media.extractor.flags is mapped to com.android.media
[ 2026-06-07T16:42:14.419        0:  1229:  1229 I/AconfigPackage  ] com.android.media.mainline.flags is mapped to com.android.media
[ 2026-06-07T16:42:14.422        0:  1229:  1229 I/AconfigPackage  ] android.app.admin.flags is mapped to system
[ 2026-06-07T16:42:14.422        0:  1229:  1229 I/AconfigPackage  ] android.database.sqlite is mapped to system
[ 2026-06-07T16:42:14.422        0:  1229:  1229 I/AconfigPackage  ] com.android.server.power.feature.flags is mapped to system
[ 2026-06-07T16:42:14.422        0:  1229:  1229 I/AconfigPackage  ] com.android.media.performance.flags is mapped to system
[ 2026-06-07T16:42:14.422        0:  1229:  1229 I/AconfigPackage  ] android.app.contextualsearch.flags is mapped to system
[ 2026-06-07T16:42:14.422        0:  1229:  1229 I/AconfigPackage  ] android.app.ondeviceintelligence.flags is mapped to system
[ 2026-06-07T16:42:14.422        0:  1229:  1229 I/AconfigPackage  ] com.android.media.projection.flags is mapped to system
[ 2026-06-07T16:42:14.422        0:  1229:  1229 I/AconfigPackage  ] android.companion is mapped to system
[ 2026-06-07T16:42:14.422        0:  1229:  1229 I/AconfigPackage  ] android.service.controls.flags is mapped to system
[ 2026-06-07T16:42:14.422        0:  1229:  1229 I/AconfigPackage  ] com.android.text.flags is mapped to system
[ 2026-06-07T16:42:14.422        0:  1229:  1229 I/AconfigPackage  ] com.android.providers.contactkeys.flags is mapped to system
[ 2026-06-07T16:42:14.422        0:  1229:  1229 I/AconfigPackage  ] android.companion.virtualdevice.flags is mapped to system
[ 2026-06-07T16:42:14.422        0:  1229:  1229 I/AconfigPackage  ] android.uprobestats.flags is mapped to system
[ 2026-06-07T16:42:14.422        0:  1229:  1229 I/AconfigPackage  ] com.android.net.thread.platform.flags is mapped to system
[ 2026-06-07T16:42:14.422        0:  1229:  1229 I/AconfigPackage  ] android.view.contentprotection.flags is mapped to system
[ 2026-06-07T16:42:14.422        0:  1229:  1229 I/AconfigPackage  ] com.android.graphics.skia.ddreflags is mapped to system
[ 2026-06-07T16:42:14.422        0:  1229:  1229 I/AconfigPackage  ] com.android.server.dreams is mapped to system
[ 2026-06-07T16:42:14.422        0:  1229:  1229 I/AconfigPackage  ] com.android.graphics.surfaceflinger.flags is mapped to system
[ 2026-06-07T16:42:14.422        0:  1229:  1229 I/AconfigPackage  ] com.android.hardware.input is mapped to system
[ 2026-06-07T16:42:14.422        0:  1229:  1229 I/AconfigPackage  ] android.sdk is mapped to system
[ 2026-06-07T16:42:14.422        0:  1229:  1229 I/AconfigPackage  ] com.android.wm.shell.transition is mapped to system
[ 2026-06-07T16:42:14.422        0:  1229:  1229 I/AconfigPackage  ] com.android.input.flags is mapped to system
[ 2026-06-07T16:42:14.422        0:  1229:  1229 I/AconfigPackage  ] android.tracing is mapped to system
[ 2026-06-07T16:42:14.422        0:  1229:  1229 I/AconfigPackage  ] com.android.server.biometrics is mapped to system
[ 2026-06-07T16:42:14.422        0:  1229:  1229 I/AconfigPackage  ] android.view.contentcapture.flags is mapped to system
[ 2026-06-07T16:42:14.422        0:  1229:  1229 I/AconfigPackage  ] android.content.pm.flags is mapped to system
[ 2026-06-07T16:42:14.422        0:  1229:  1229 I/AconfigPackage  ] android.app.job is mapped to system
[ 2026-06-07T16:42:14.422        0:  1229:  1229 I/AconfigPackage  ] android.content.res is mapped to system
[ 2026-06-07T16:42:14.422        0:  1229:  1229 I/AconfigPackage  ] android.net.platform.flags is mapped to system
[ 2026-06-07T16:42:14.422        0:  1229:  1229 I/AconfigPackage  ] com.android.aconfig.flags is mapped to system
[ 2026-06-07T16:42:14.422        0:  1229:  1229 I/AconfigPackage  ] com.android.graphics.flags is mapped to system
[ 2026-06-07T16:42:14.422        0:  1229:  1229 I/AconfigPackage  ] android.server.app is mapped to system
[ 2026-06-07T16:42:14.422        0:  1229:  1229 I/AconfigPackage  ] android.speech.flags is mapped to system
[ 2026-06-07T16:42:14.422        0:  1229:  1229 I/AconfigPackage  ] com.android.server.stats is mapped to system
[ 2026-06-07T16:42:14.422        0:  1229:  1229 I/AconfigPackage  ] android.hardware.biometrics is mapped to system
[ 2026-06-07T16:42:14.422        0:  1229:  1229 I/AconfigPackage  ] android.car.feature is mapped to system
[ 2026-06-07T16:42:14.422        0:  1229:  1229 I/AconfigPackage  ] android.adpf is mapped to system
[ 2026-06-07T16:42:14.422        0:  1229:  1229 I/AconfigPackage  ] android.location.flags is mapped to system
[ 2026-06-07T16:42:14.422        0:  1229:  1229 I/AconfigPackage  ] com.android.settingslib.flags is mapped to system
[ 2026-06-07T16:42:14.422        0:  1229:  1229 I/AconfigPackage  ] com.android.managedprovisioning.flags is mapped to system
[ 2026-06-07T16:42:14.422        0:  1229:  1229 I/AconfigPackage  ] android.app.assist.flags is mapped to system
[ 2026-06-07T16:42:14.422        0:  1229:  1229 I/AconfigPackage  ] com.android.server.net is mapped to system
[ 2026-06-07T16:42:14.422        0:  1229:  1229 I/AconfigPackage  ] com.android.settingslib.widget.flags is mapped to system
[ 2026-06-07T16:42:14.422        0:  1229:  1229 I/AconfigPackage  ] com.android.internal.camera.flags is mapped to system
[ 2026-06-07T16:42:14.422        0:  1229:  1229 I/AconfigPackage  ] com.android.hardware.libsensor.flags is mapped to system
[ 2026-06-07T16:42:14.422        0:  1229:  1229 I/AconfigPackage  ] com.thirdappopt is mapped to system
[ 2026-06-07T16:42:14.422        0:  1229:  1229 I/AconfigPackage  ] com.android.internal.jank is mapped to system
[ 2026-06-07T16:42:14.422        0:  1229:  1229 I/AconfigPackage  ] com.android.providers.settings is mapped to system
[ 2026-06-07T16:42:14.422        0:  1229:  1229 I/AconfigPackage  ] android.multiuser is mapped to system
[ 2026-06-07T16:42:14.422        0:  1229:  1229 I/AconfigPackage  ] com.android.server.power.optimization is mapped to system
[ 2026-06-07T16:42:14.422        0:  1229:  1229 I/AconfigPackage  ] com.android.calllogbackup is mapped to system
[ 2026-06-07T16:42:14.422        0:  1229:  1229 I/AconfigPackage  ] com.android.server.battery is mapped to system
[ 2026-06-07T16:42:14.422        0:  1229:  1229 I/AconfigPackage  ] com.android.media.flags is mapped to system
[ 2026-06-07T16:42:14.422        0:  1229:  1229 I/AconfigPackage  ] com.android.server.flags is mapped to system
[ 2026-06-07T16:42:14.422        0:  1229:  1229 I/AconfigPackage  ] com.android.graphics.libvulkan.flags is mapped to system
[ 2026-06-07T16:42:14.422        0:  1229:  1229 I/AconfigPackage  ] android.app.appfunctions.flags is mapped to system
[ 2026-06-07T16:42:14.422        0:  1229:  1229 I/AconfigPackage  ] android.app.smartspace.flags is mapped to system
[ 2026-06-07T16:42:14.422        0:  1229:  1229 I/AconfigPackage  ] com.android.providers.contacts.flags is mapped to system
[ 2026-06-07T16:42:14.422        0:  1229:  1229 I/AconfigPackage  ] android.stability.flags is mapped to system
[ 2026-06-07T16:42:14.422        0:  1229:  1229 I/AconfigPackage  ] com.android.shell.flags is mapped to system
[ 2026-06-07T16:42:14.422        0:  1229:  1229 I/AconfigPackage  ] com.android.media.aaudio is mapped to system
[ 2026-06-07T16:42:14.422        0:  1229:  1229 I/AconfigPackage  ] android.hardware.radio is mapped to system
[ 2026-06-07T16:42:14.422        0:  1229:  1229 I/AconfigPackage  ] suspend_service.flags is mapped to system
[ 2026-06-07T16:42:14.422        0:  1229:  1229 I/AconfigPackage  ] android.media.midi is mapped to system
[ 2026-06-07T16:42:14.422        0:  1229:  1229 I/AconfigPackage  ] com.android.libcore.readonly is mapped to system
[ 2026-06-07T16:42:14.422        0:  1229:  1229 I/AconfigPackage  ] com.android.settingslib.widget.selectorwithwidgetpreference.flags is mapped to system
[ 2026-06-07T16:42:14.422        0:  1229:  1229 I/AconfigPackage  ] android.service.notification is mapped to system
[ 2026-06-07T16:42:14.422        0:  1229:  1229 I/AconfigPackage  ] com.android.systemui.shared is mapped to system
[ 2026-06-07T16:42:14.422        0:  1229:  1229 I/AconfigPackage  ] android.app.jank is mapped to system
[ 2026-06-07T16:42:14.422        0:  1229:  1229 I/AconfigPackage  ] android.app.wearable is mapped to system
[ 2026-06-07T16:42:14.422        0:  1229:  1229 I/AconfigPackage  ] com.android.media.audio is mapped to system
[ 2026-06-07T16:42:14.422        0:  1229:  1229 I/AconfigPackage  ] android.service.chooser is mapped to system
[ 2026-06-07T16:42:14.422        0:  1229:  1229 I/AconfigPackage  ] com.android.server.compat is mapped to system
[ 2026-06-07T16:42:14.422        0:  1229:  1229 I/AconfigPackage  ] com.android.server.alarm is mapped to system
[ 2026-06-07T16:42:14.422        0:  1229:  1229 I/AconfigPackage  ] com.android.apex.flags is mapped to system
[ 2026-06-07T16:42:14.422        0:  1229:  1229 I/AconfigPackage  ] android.service.quickaccesswallet is mapped to system
[ 2026-06-07T16:42:14.422        0:  1229:  1229 I/AconfigPackage  ] android.app.usage is mapped to system
[ 2026-06-07T16:42:14.422        0:  1229:  1229 I/AconfigPackage  ] com.android.server.accessibility is mapped to system
[ 2026-06-07T16:42:14.422        0:  1229:  1229 I/AconfigPackage  ] android.app.supervision.flags is mapped to system
[ 2026-06-07T16:42:14.422        0:  1229:  1229 I/AconfigPackage  ] com.android.server.utils is mapped to system
[ 2026-06-07T16:42:14.422        0:  1229:  1229 I/AconfigPackage  ] android.chre.flags is mapped to system
[ 2026-06-07T16:42:14.422        0:  1229:  1229 I/AconfigPackage  ] android.content.flags is mapped to system
[ 2026-06-07T16:42:14.422        0:  1229:  1229 I/AconfigPackage  ] android.media.codec is mapped to system
[ 2026-06-07T16:42:14.422        0:  1229:  1229 I/AconfigPackage  ] com.android.internal.os is mapped to system
[ 2026-06-07T16:42:14.422        0:  1229:  1229 I/AconfigPackage  ] com.android.nfc.nci.flags is mapped to system
[ 2026-06-07T16:42:14.422        0:  1229:  1229 I/AconfigPackage  ] android.app is mapped to system
[ 2026-06-07T16:42:14.422        0:  1229:  1229 I/AconfigPackage  ] android.security.keystore2 is mapped to system
[ 2026-06-07T16:42:14.422        0:  1229:  1229 I/AconfigPackage  ] android.crashrecovery.flags is mapped to system
[ 2026-06-07T16:42:14.422        0:  1229:  1229 I/AconfigPackage  ] com.android.tradeinmode.flags is mapped to system
[ 2026-06-07T16:42:14.422        0:  1229:  1229 I/AconfigPackage  ] android.hardware.flags is mapped to system
[ 2026-06-07T16:42:14.422        0:  1229:  1229 I/AconfigPackage  ] com.android.server.telecom.flags is mapped to system
[ 2026-06-07T16:42:14.422        0:  1229:  1229 I/AconfigPackage  ] com.android.settingslib.media.flags is mapped to system
[ 2026-06-07T16:42:14.422        0:  1229:  1229 I/AconfigPackage  ] com.android.server.policy is mapped to system
[ 2026-06-07T16:42:14.422        0:  1229:  1229 I/AconfigPackage  ] android.media.audiopolicy is mapped to system
[ 2026-06-07T16:42:14.422        0:  1229:  1229 I/AconfigPackage  ] com.android.egg.flags is mapped to system
[ 2026-06-07T16:42:14.422        0:  1229:  1229 I/AconfigPackage  ] com.android.internal.compat.flags is mapped to system
[ 2026-06-07T16:42:14.422        0:  1229:  1229 I/AconfigPackage  ] android.security is mapped to system
[ 2026-06-07T16:42:14.422        0:  1229:  1229 I/AconfigPackage  ] android.service.autofill is mapped to system
[ 2026-06-07T16:42:14.422        0:  1229:  1229 I/AconfigPackage  ] com.example.android.aconfig.demo.flags is mapped to system
[ 2026-06-07T16:42:14.422        0:  1229:  1229 I/AconfigPackage  ] android.view.flags is mapped to system
[ 2026-06-07T16:42:14.422        0:  1229:  1229 I/AconfigPackage  ] android.companion.virtual.flags is mapped to system
[ 2026-06-07T16:42:14.422        0:  1229:  1229 I/AconfigPackage  ] com.android.aconfig_new_storage is mapped to system
[ 2026-06-07T16:42:14.422        0:  1229:  1229 I/AconfigPackage  ] com.android.wm.shell.recents is mapped to system
[ 2026-06-07T16:42:14.422        0:  1229:  1229 I/AconfigPackage  ] com.android.server.feature.flags is mapped to system
[ 2026-06-07T16:42:14.422        0:  1229:  1229 I/AconfigPackage  ] com.android.systemui is mapped to system
[ 2026-06-07T16:42:14.422        0:  1229:  1229 I/AconfigPackage  ] com.android.graphics.skia.flags is mapped to system
[ 2026-06-07T16:42:14.422        0:  1229:  1229 I/AconfigPackage  ] com.android.server.power.batterysaver is mapped to system
[ 2026-06-07T16:42:14.422        0:  1229:  1229 I/AconfigPackage  ] android.widget.flags is mapped to system
[ 2026-06-07T16:42:14.422        0:  1229:  1229 I/AconfigPackage  ] com.android.media.editing.flags is mapped to system
[ 2026-06-07T16:42:14.422        0:  1229:  1229 I/AconfigPackage  ] com.android.media.codec.flags is mapped to system
[ 2026-06-07T16:42:14.422        0:  1229:  1229 I/AconfigPackage  ] com.android.server.powerstats is mapped to system
[ 2026-06-07T16:42:14.422        0:  1229:  1229 I/AconfigPackage  ] com.android.graphics.egl.flags is mapped to system
[ 2026-06-07T16:42:14.422        0:  1229:  1229 I/AconfigPackage  ] com.android.media.audioserver is mapped to system
[ 2026-06-07T16:42:14.422        0:  1229:  1229 I/AconfigPackage  ] com.android.server.deviceidle is mapped to system
[ 2026-06-07T16:42:14.422        0:  1229:  1229 I/AconfigPackage  ] android.nfc is mapped to system
[ 2026-06-07T16:42:14.422        0:  1229:  1229 I/AconfigPackage  ] com.android.server.logmanager is mapped to system
[ 2026-06-07T16:42:14.422        0:  1229:  1229 I/AconfigPackage  ] android.permission.flags is mapped to system
[ 2026-06-07T16:42:14.422        0:  1229:  1229 I/AconfigPackage  ] android.service.voice.flags is mapped to system
[ 2026-06-07T16:42:14.422        0:  1229:  1229 I/AconfigPackage  ] android.content.pm is mapped to system
[ 2026-06-07T16:42:14.422        0:  1229:  1229 I/AconfigPackage  ] com.android.server.power.hint is mapped to system
[ 2026-06-07T16:42:14.422        0:  1229:  1229 I/AconfigPackage  ] com.android.server.wm is mapped to system
[ 2026-06-07T16:42:14.422        0:  1229:  1229 I/AconfigPackage  ] com.android.navimmersive.flags is mapped to system
[ 2026-06-07T16:42:14.422        0:  1229:  1229 I/AconfigPackage  ] android.os is mapped to system
[ 2026-06-07T16:42:14.422        0:  1229:  1229 I/AconfigPackage  ] android.service.dreams is mapped to system
[ 2026-06-07T16:42:14.422        0:  1229:  1229 I/AconfigPackage  ] xiaomi.platform.flags is mapped to system
[ 2026-06-07T16:42:14.422        0:  1229:  1229 I/AconfigPackage  ] com.android.graphics.libgui.flags is mapped to system
[ 2026-06-07T16:42:14.422        0:  1229:  1229 I/AconfigPackage  ] android.hardware.usb.flags is mapped to system
[ 2026-06-07T16:42:14.422        0:  1229:  1229 I/AconfigPackage  ] android.provider is mapped to system
[ 2026-06-07T16:42:14.422        0:  1229:  1229 I/AconfigPackage  ] com.android.server.job is mapped to system
[ 2026-06-07T16:42:14.422        0:  1229:  1229 I/AconfigPackage  ] com.android.internal.foldables.flags is mapped to system
[ 2026-06-07T16:42:14.422        0:  1229:  1229 I/AconfigPackage  ] com.android.internal.telephony.flags is mapped to system
[ 2026-06-07T16:42:14.422        0:  1229:  1229 I/AconfigPackage  ] android.webkit is mapped to system
[ 2026-06-07T16:42:14.422        0:  1229:  1229 I/AconfigPackage  ] android.credentials.flags is mapped to system
[ 2026-06-07T16:42:14.422        0:  1229:  1229 I/AconfigPackage  ] com.android.server.display.feature.flags is mapped to system
[ 2026-06-07T16:42:14.422        0:  1229:  1229 I/AconfigPackage  ] com.android.server.notification is mapped to system
[ 2026-06-07T16:42:14.422        0:  1229:  1229 I/AconfigPackage  ] android.appwidget.flags is mapped to system
[ 2026-06-07T16:42:14.422        0:  1229:  1229 I/AconfigPackage  ] com.android.frameworks.sensorservice.flags is mapped to system
[ 2026-06-07T16:42:14.422        0:  1229:  1229 I/AconfigPackage  ] com.android.window.flags is mapped to system
[ 2026-06-07T16:42:14.422        0:  1229:  1229 I/AconfigPackage  ] android.adaptiveauth is mapped to system
[ 2026-06-07T16:42:14.422        0:  1229:  1229 I/AconfigPackage  ] android.net.wifi.flags is mapped to system
[ 2026-06-07T16:42:14.422        0:  1229:  1229 I/AconfigPackage  ] android.media.tv.flags is mapped to system
[ 2026-06-07T16:42:14.422        0:  1229:  1229 I/AconfigPackage  ] com.android.server.usb.flags is mapped to system
[ 2026-06-07T16:42:14.422        0:  1229:  1229 I/AconfigPackage  ] android.os.vibrator is mapped to system
[ 2026-06-07T16:42:14.422        0:  1229:  1229 I/AconfigPackage  ] android.hardware.devicestate.feature.flags is mapped to system
[ 2026-06-07T16:42:14.422        0:  1229:  1229 I/AconfigPackage  ] com.android.server.usage is mapped to system
[ 2026-06-07T16:42:14.422        0:  1229:  1229 I/AconfigPackage  ] android.server is mapped to system
[ 2026-06-07T16:42:14.422        0:  1229:  1229 I/AconfigPackage  ] com.android.wm.shell is mapped to system
[ 2026-06-07T16:42:14.422        0:  1229:  1229 I/AconfigPackage  ] android.view.inputmethod is mapped to system
[ 2026-06-07T16:42:14.422        0:  1229:  1229 I/AconfigPackage  ] com.android.graphics.hwui.flags is mapped to system
[ 2026-06-07T16:42:14.422        0:  1229:  1229 I/AconfigPackage  ] com.android.server.backup is mapped to system
[ 2026-06-07T16:42:14.422        0:  1229:  1229 I/AconfigPackage  ] com.android.internal.pm.pkg.component.flags is mapped to system
[ 2026-06-07T16:42:14.422        0:  1229:  1229 I/AconfigPackage  ] android.view.accessibility is mapped to system
[ 2026-06-07T16:42:14.422        0:  1229:  1229 I/AconfigPackage  ] android.media.audio is mapped to system
[ 2026-06-07T16:42:14.422        0:  1229:  1229 I/AconfigPackage  ] com.android.server.am is mapped to system
[ 2026-06-07T16:42:14.422        0:  1229:  1229 I/AconfigPackage  ] com.android.media.playback.flags is mapped to system
[ 2026-06-07T16:42:14.424        0:  1229:  1229 I/AconfigPackage  ] com.android.art.flags is mapped to com.android.art
[ 2026-06-07T16:42:14.424        0:  1229:  1229 I/AconfigPackage  ] com.android.libcore is mapped to com.android.art
[ 2026-06-07T16:42:14.424        0:  1229:  1229 I/AconfigPackage  ] com.android.adservices.flags is mapped to com.android.adservices
[ 2026-06-07T16:42:14.424        0:  1229:  1229 I/AconfigPackage  ] com.android.sdksandbox.flags is mapped to com.android.adservices
[ 2026-06-07T16:42:14.425        0:  1229:  1229 I/AconfigPackage  ] com.android.bluetooth.flags is mapped to com.android.bt
[ 2026-06-07T16:42:14.425        0:  1229:  1229 I/AconfigPackage  ] com.android.appsearch.flags is mapped to com.android.appsearch
[ 2026-06-07T16:42:14.426        0:  1229:  1229 I/AconfigPackage  ] android.os.profiling is mapped to com.android.profiling
[ 2026-06-07T16:42:14.428        0:  1229:  1229 D/FeatureParser   ] praser device feature in /product/etc/device_features/mondrian.xml
[ 2026-06-07T16:42:14.430        0:  1229:  1229 D/FeatureParser   ] praser device feature in /product/etc/removable_apk_info.xml
[ 2026-06-07T16:42:14.431        0:  1229:  1229 I/SystemServiceRegistry ] regMtkService start
[ 2026-06-07T16:42:14.431        0:  1229:  1229 W/System          ] ClassLoader referenced unknown path: system/framework/mediatek-framework.jar
[ 2026-06-07T16:42:14.431        0:  1229:  1229 E/SystemServiceRegistry ] regMtkService:java.lang.ClassNotFoundException: mediatek.app.MtkSystemServiceRegistry
[ 2026-06-07T16:42:14.431        0:  1229:  1229 I/SystemServiceRegistry ] setMtkSystemServiceName start
[ 2026-06-07T16:42:14.431        0:  1229:  1229 I/SystemServiceRegistry ] registerAllMtkService start
[ 2026-06-07T16:42:14.436        0:  1229:  1229 E/FeatureFlagsImplExport ] android.os.flagging.AconfigStorageReadException: ERROR_PACKAGE_NOT_FOUND: package android.xr cannot be found on the device
[ 2026-06-07T16:42:14.447        0:  1229:  1229 I/LSPosedService  ] service package is not started, wait 1s.
[ 2026-06-07T16:42:14.569        0:  1214:  1215 I/zn-daemon64     ] [zn-zygisk-loader32,0,1357,1357]Zygisk library injected, version 1.3.4-746-d1b76b3-release, tango=false
[ 2026-06-07T16:42:14.569        0:  1214:  1215 I/zn-daemon64     ] [zn-zygisk-loader32,0,1357,1357]Start hooking
[ 2026-06-07T16:42:14.632        0:  1214:  1361 I/zn-daemon64     ] zygote 1357 hook status: 0
[ 2026-06-07T16:42:14.633        0:  1363:  1363 I/zn-injector32   ] inject zygote 1357 succeed
[ 2026-06-07T16:42:14.634        0:  1214:  1351 I/zn-daemon64     ] ** inject success for 1357
[ 2026-06-07T16:42:14.634        0:  1214:  1351 I/zn-daemon64     ] ** write prop
[ 2026-06-07T16:42:15.196        0:  1214:  1215 I/zn-daemon64     ] [zn-zygisk-loader32,0,1808,1808]Unmounted (/system)
[ 2026-06-07T16:42:15.196        0:  1214:  1215 I/zn-daemon64     ] [zn-zygisk-loader32,0,1808,1808]Unmounted (/data/adb/modules/meta-overlayfs/mnt)
[ 2026-06-07T16:42:15.197        0:  1214:  1215 I/zn-daemon64     ] [zn-zygisk-loader32,0,1808,1808]Unmounted (/vendor)
[ 2026-06-07T16:42:15.197        0:  1214:  1215 I/zn-daemon64     ] [zn-zygisk-loader32,0,1808,1808]Unmounted (/product/app)
[ 2026-06-07T16:42:15.197        0:  1214:  1215 I/zn-daemon64     ] [zn-zygisk-loader32,0,1808,1808]Unmounted (/product)
[ 2026-06-07T16:42:15.197        0:  1214:  1215 I/zn-daemon64     ] [zn-zygisk-loader32,0,1808,1808]Unmounted (/system_ext)
[ 2026-06-07T16:42:15.198        0:  1214:  1215 I/zn-daemon64     ] [zn-zygisk-loader32,0,1357,1357]mntbuf cleaned
[ 2026-06-07T16:42:15.201        0:  1214:  1246 I/zn-daemon64     ] nscleaner for zygote_secondary started
[ 2026-06-07T16:42:15.448        0:  1229:  1229 I/LSPosedService  ] service package is not started, wait 1s.
[ 2026-06-07T16:42:16.198        0:  1214:  1215 I/zn-daemon64     ] [zn-zygisk-loader64,0,2329,2329]Unmounted (/system)
[ 2026-06-07T16:42:16.199        0:  1214:  1215 I/zn-daemon64     ] [zn-zygisk-loader64,0,2329,2329]Unmounted (/data/adb/modules/meta-overlayfs/mnt)
[ 2026-06-07T16:42:16.199        0:  1214:  1215 I/zn-daemon64     ] [zn-zygisk-loader64,0,2329,2329]Unmounted (/vendor)
[ 2026-06-07T16:42:16.200        0:  1214:  1215 I/zn-daemon64     ] [zn-zygisk-loader64,0,2329,2329]Unmounted (/product/app)
[ 2026-06-07T16:42:16.200        0:  1214:  1215 I/zn-daemon64     ] [zn-zygisk-loader64,0,2329,2329]Unmounted (/product)
[ 2026-06-07T16:42:16.200        0:  1214:  1215 I/zn-daemon64     ] [zn-zygisk-loader64,0,2329,2329]Unmounted (/system_ext)
[ 2026-06-07T16:42:16.202        0:  1214:  1215 I/zn-daemon64     ] [zn-zygisk-loader64,0,1354,1354]mntbuf cleaned
[ 2026-06-07T16:42:16.222        0:  1214:  1351 I/zn-daemon64     ] nscleaner for zygote started
[ 2026-06-07T16:42:16.354        0:  1214:  1215 I/zn-daemon64     ] [zn-zygisk-loader64,0,1354,1354]preload zygisk modules
[ 2026-06-07T16:42:16.448        0:  1229:  1229 I/LSPosedService  ] service package is not started, wait 1s.
[ 2026-06-07T16:42:16.473        0:  1214:  1215 I/zn-daemon64     ] [zn-zygisk-loader64,0,1354,1354]preloaded 1/1 modules
[ 2026-06-07T16:42:16.571        0:  2533:  2533 I/KernelSU        ] ksud::cli: command: Services
[ 2026-06-07T16:42:16.571        0:  2533:  2533 I/KernelSU        ] ksud::init_event: on_services triggered!
[ 2026-06-07T16:42:16.571        0:  2533:  2533 I/KernelSU        ] ksud::utils: safemode: false
[ 2026-06-07T16:42:16.571        0:  2533:  2533 I/KernelSU        ] ksud::utils: kernel_safemode: false
[ 2026-06-07T16:42:16.576        0:  2533:  2533 I/KernelSU        ] ksud::module: exec /data/adb/service.d/.zn_cleanup.sh
[ 2026-06-07T16:42:16.579        0:  2533:  2533 I/KernelSU        ] ksud::metamodule: Found metamodule in modules directory: /data/adb/modules/meta-overlayfs
[ 2026-06-07T16:42:16.580        0:  2533:  2533 I/KernelSU        ] ksud::metamodule: Found metamodule in modules directory: /data/adb/modules/meta-overlayfs
[ 2026-06-07T16:42:16.581        0:  2533:  2533 I/KernelSU        ] ksud::module: exec /data/adb/modules/MiuiVariableThermal/service.sh
[ 2026-06-07T16:42:16.592        0:  2533:  2533 I/KernelSU        ] ksud::module: exec /data/adb/modules/zygisksu/service.sh
[ 2026-06-07T16:42:16.596        0:  2533:  2533 I/KernelSU        ] ksud::module: exec /data/adb/modules/lib_tombstone/service.sh
[ 2026-06-07T16:42:16.598        0:  2533:  2533 I/KernelSU        ] ksud::module: exec /data/adb/modules/GGAT_10007/service.sh
[ 2026-06-07T16:42:16.612        0:  2533:  2533 I/KernelSU        ] ksud::module: exec /data/adb/modules/WorkSettingPro/service.sh
[ 2026-06-07T16:42:16.612        0:  2565:  2565 I/zn-zygisk-companion64 ] spawning companion for zygisk_lsposed
[ 2026-06-07T16:42:16.624        0:  2533:  2533 I/KernelSU        ] ksud::module: exec /data/adb/modules/scene_swap_controller/service.sh
[ 2026-06-07T16:42:16.626        0:  1229:  1355 I/LSPosedService  ] LSPSystemServerService: starting new bridge
[ 2026-06-07T16:42:16.629        0:  2533:  2533 I/KernelSU        ] ksud::module: exec /data/adb/modules/scene_systemless/service.sh
[ 2026-06-07T16:42:16.640        0:  2533:  2533 I/KernelSU        ] ksud::module: exec /data/adb/modules/AppOpt/service.sh
[ 2026-06-07T16:42:17.449        0:  1229:  1229 I/LSPosedService  ] service package is not started, wait 1s.
[ 2026-06-07T16:42:18.379        0:  1229:  1400 I/lspd            ] AssetManager2(0xb4000071cb1e1f78) locale list changing from [] to [zh-CN]
[ 2026-06-07T16:42:18.414        0:  1229:  1400 I/lspd            ] AssetManager2(0xb4000071cb1e1f78) locale list changing from [] to [zh-CN]
[ 2026-06-07T16:42:18.419        0:  1229:  1400 I/lspd            ] AssetManager2(0xb4000071cb1e1f78) locale list changing from [] to [zh-CN]
[ 2026-06-07T16:42:18.428        0:  1229:  1400 I/lspd            ] AssetManager2(0xb4000071cb1e0998) locale list changing from [] to [zh-CN]
[ 2026-06-07T16:42:18.449        0:  1229:  1400 I/lspd            ] AssetManager2(0xb4000071cb1e0998) locale list changing from [] to [zh-CN]
[ 2026-06-07T16:42:18.450        0:  1229:  1229 I/LSPosedService  ] service package is not started, wait 1s.
[ 2026-06-07T16:42:18.468        0:  1229:  1400 I/lspd            ] AssetManager2(0xb4000071cb1e0998) locale list changing from [] to [zh-CN]
[ 2026-06-07T16:42:18.584        0:  1229:  1326 I/lspd            ] This is non sticky GC, maxfree is 33554432 minfree is 8388608
[ 2026-06-07T16:42:19.450        0:  1229:  1229 I/LSPosedService  ] service package is not started, wait 1s.
[ 2026-06-07T16:42:20.451        0:  1229:  1229 I/LSPosedService  ] service package is not started, wait 1s.
[ 2026-06-07T16:42:21.451        0:  1229:  1229 I/LSPosedService  ] service package is not started, wait 1s.
[ 2026-06-07T16:42:22.112     1000:  2512:  2512 I/LSPosed-Bridge  ] Disabled FLAG_SECURE for: android
[ 2026-06-07T16:42:22.167     1000:  2512:  2512 I/LSPosed-Bridge  ] [HyperCeiler][I]: Log level is Warn
[ 2026-06-07T16:42:22.180     1000:  2512:  2512 I/LSPosed-Bridge  ] NoSwipeToKill: hooked void com.android.server.am.ProcessCleanerBase.killOnce(com.android.server.am.ProcessRecord,int,java.lang.String,boolean,com.android.server.am.ProcessManagerService,java.lang.String,android.os.Handler,android.content.Context)
[ 2026-06-07T16:42:22.181     1000:  2512:  2512 I/LSPosed-Bridge  ] NoSwipeToKill: hooked void com.android.server.am.ProcessCleanerBase.killOnce(com.android.server.am.ProcessRecord,java.lang.String,int,android.os.Handler,android.content.Context)
[ 2026-06-07T16:42:22.193     1000:  2512:  2512 I/LSPosed-Bridge  ] NoActive-Log [õ┐Īµü»] NoActiveĶ┐ÉĶĪīńÄ»ÕóāµŁŻÕĖĖ
[ 2026-06-07T16:42:22.220     1000:  2512:  2512 I/LSPosed-Bridge  ] NoActive-Log [õ┐Īµü»] ÕĮōÕēŹńēłµ£¼ 295
[ 2026-06-07T16:42:22.220     1000:  2512:  2512 I/LSPosed-Bridge  ] NoActive-Log [õ┐Īµü»] Õ«ēÕŹōńēłµ£¼ 16
[ 2026-06-07T16:42:22.228     1000:  2512:  2512 I/LSPosed-Bridge  ] NoActive-Log [õ┐Īµü»] Õå╗ń╗ōµ¢╣Õ╝Å V2 µö»µīü
[ 2026-06-07T16:42:22.228     1000:  2512:  2512 I/LSPosed-Bridge  ] NoActive-Log [õ┐Īµü»] Õ╝ĆÕ¦ŗHook ń│╗ń╗¤µĪåµ×Č
[ 2026-06-07T16:42:22.236     1000:  2512:  2512 I/LSPosed-Bridge  ] NoActive-Log [õ┐Īµü»] ĶÄĘÕÅ¢Alarmń«ĪńÉåµ£ŹÕŖĪ
[ 2026-06-07T16:42:22.237     1000:  2512:  2512 I/LSPosed-Bridge  ] NoActive-Log [õ┐Īµü»] ńøæÕÉ¼Õ║öńö©ķĪĄķØóńŖČµĆüÕÅśÕī¢
[ 2026-06-07T16:42:22.241     1000:  2512:  2512 I/LSPosed-Bridge  ] NoActive-Log [õ┐Īµü»] ńøæÕÉ¼ÕŠģµśŠńż║Õ║öńö©ÕłŚĶĪ©
[ 2026-06-07T16:42:22.241     1000:  2512:  2512 I/LSPosed-Bridge  ] NoActive-Log [õ┐Īµü»] ńøæÕÉ¼ń¬ŚÕÅŻµśŠńż║
[ 2026-06-07T16:42:22.242     1000:  2512:  2512 I/LSPosed-Bridge  ] NoActive-Log [õ┐Īµü»] ńøæÕÉ¼ń¬ŚÕÅŻń¦╗ķÖż
[ 2026-06-07T16:42:22.242     1000:  2512:  2512 I/LSPosed-Bridge  ] NoActive-Log [õ┐Īµü»] ńøæÕÉ¼Ķ┐øń©ŗµ¢░Õó×µłÉÕŖ¤
[ 2026-06-07T16:42:22.243     1000:  2512:  2512 I/LSPosed-Bridge  ] NoActive-Log [õ┐Īµü»] ńøæÕÉ¼Ķ┐øń©ŗń¦╗ķÖżµłÉÕŖ¤
[ 2026-06-07T16:42:22.243     1000:  2512:  2512 I/LSPosed-Bridge  ] NoActive-Log [õ┐Īµü»] ńøæÕÉ¼Ķ┐øń©ŗµø┤µ¢░PID
[ 2026-06-07T16:42:22.246     1000:  2512:  2512 I/LSPosed-Bridge  ] NoActive-Log [õ┐Īµü»] ĶÖÜĶ┐øń©ŗµŻĆµĄŗÕ▒ÅĶöĮµłÉÕŖ¤
[ 2026-06-07T16:42:22.247     1000:  2512:  2512 I/LSPosed-Bridge  ] NoActive-Log [õ┐Īµü»] ķś╗µŁóµĖģńÉåķŚ▓ńĮ«µ£ĆĶ┐æõ╗╗ÕŖĪµłÉÕŖ¤
[ 2026-06-07T16:42:22.248     1000:  2512:  2512 I/LSPosed-Bridge  ] NoActive-Log [õ┐Īµü»] õ┐«µö╣µ£ĆĶ┐æõ╗╗ÕŖĪµś»ÕÉ”ÕÅ»Ķ¦üµłÉÕŖ¤
[ 2026-06-07T16:42:22.248     1000:  2512:  2512 I/LSPosed-Bridge  ] NoActive-Log [õ┐Īµü»] õ┐«µö╣ÕŖĀĶĮĮńö©µłĘµ£ĆĶ┐æõ╗╗ÕŖĪµłÉÕŖ¤
[ 2026-06-07T16:42:22.249     1000:  2512:  2512 I/LSPosed-Bridge  ] NoActive-Log [õ┐Īµü»] ńøæÕÉ¼ķĆÜń¤źńé╣Õć╗µłÉÕŖ¤
[ 2026-06-07T16:42:22.250     1000:  2512:  2512 I/LSPosed-Bridge  ] NoActive-Log [õ┐Īµü»] µÄ¦ÕłČOOMĶ«Īń«ŚµłÉÕŖ¤
[ 2026-06-07T16:42:22.251     1000:  2512:  2512 I/LSPosed-Bridge  ] NoActive-Log [õ┐Īµü»] ķś╗µŁóĶ«Īń«ŚĶó½Õå╗ń╗ōÕ║öńö©ńÜäOOM
[ 2026-06-07T16:42:22.252     1000:  2512:  2512 I/LSPosed-Bridge  ] NoActive-Log [õ┐Īµü»] ńøæÕÉ¼Õ¬ÆõĮōõ╝ÜĶ»ØÕ╝ĆÕÉ»
[ 2026-06-07T16:42:22.263     1000:  2512:  2512 I/LSPosed-Bridge  ] NoActive-Log [õ┐Īµü»] ńøæÕÉ¼Õ¬ÆõĮōõ╝ÜĶ»ØÕģ│ķŚŁ
[ 2026-06-07T16:42:22.264     1000:  2512:  2512 I/LSPosed-Bridge  ] NoActive-Log [õ┐Īµü»] ńøæÕÉ¼Õ¬ÆõĮōµÆŁµöŠńŖČµĆüµłÉÕŖ¤
[ 2026-06-07T16:42:22.264     1000:  2512:  2512 I/LSPosed-Bridge  ] NoActive-Log [õ┐Īµü»] ńøæÕÉ¼Õ¬ÆõĮōõ╝ÜĶ»ØķöĆµ»ü
[ 2026-06-07T16:42:22.265     1000:  2512:  2512 I/LSPosed-Bridge  ] NoActive-Log [õ┐Īµü»] ńøæÕÉ¼µÆŁµöŠÕÖ©õ║ŗõ╗ČµłÉÕŖ¤
[ 2026-06-07T16:42:22.266     1000:  2512:  2512 I/LSPosed-Bridge  ] NoActive-Log [õ┐Īµü»] ńøæÕÉ¼ķ¤│ķóæńä”ńé╣µüóÕżŹ
[ 2026-06-07T16:42:22.266     1000:  2512:  2512 I/LSPosed-Bridge  ] NoActive-Log [õ┐Īµü»] ńøæÕÉ¼ķ¤│ķóæńä”ńé╣õĖóÕż▒
[ 2026-06-07T16:42:22.267     1000:  2512:  2512 I/LSPosed-Bridge  ] NoActive-Log [õ┐Īµü»] ńøæÕÉ¼ķ¤│ķóæµ©ĪÕ╝ÅÕÅśµø┤
[ 2026-06-07T16:42:22.268     1000:  2512:  2512 I/LSPosed-Bridge  ] NoActive-Log [õ┐Īµü»] ķÖÉÕłČÕå╗ń╗ōÕ║öńö©ń£üńöĄµ©ĪÕ╝Åµē¦ĶĪīAlarm
[ 2026-06-07T16:42:22.269     1000:  2512:  2512 I/LSPosed-Bridge  ] NoActive-Log [õ┐Īµü»] ķÖÉÕłČÕå╗ń╗ōÕ║öńö©µē¦ĶĪīAlarm
[ 2026-06-07T16:42:22.269     1000:  2512:  2512 I/LSPosed-Bridge  ] NoActive-Log [õ┐Īµü»] ńøæÕÉ¼Õ«ÜµŚČÕÖ©Ķ¦”ÕÅæ
[ 2026-06-07T16:42:22.270     1000:  2512:  2512 I/LSPosed-Bridge  ] NoActive-Log [õ┐Īµü»] ķÖÉÕłČÕå╗ń╗ōÕ║öńö©µē¦ĶĪīJob
[ 2026-06-07T16:42:22.271     1000:  2512:  2512 I/LSPosed-Bridge  ] NoActive-Log [õ┐Īµü»] ńøæÕÉ¼µäÅÕøŠÕÉ»ÕŖ©µłÉÕŖ¤
[ 2026-06-07T16:42:22.272     1000:  2512:  2512 I/LSPosed-Bridge  ] NoActive-Log [õ┐Īµü»] ńøæÕÉ¼µäÅÕøŠÕÉ»ÕŖ©Õ║öńö©ÕżÜķĪĄķØó
[ 2026-06-07T16:42:22.272     1000:  2512:  2512 I/LSPosed-Bridge  ] NoActive-Log [õ┐Īµü»] ńøæÕÉ¼µäÅÕøŠÕÉ»ÕŖ©Õ║öńö©ÕŹĢķĪĄķØó
[ 2026-06-07T16:42:22.275     1000:  2512:  2512 I/LSPosed-Bridge  ] NoActive-Log [õ┐Īµü»] ńøæÕÉ¼µäÅÕøŠµē¦ĶĪīÕ╣┐µÆŁ
[ 2026-06-07T16:42:22.275     1000:  2512:  2512 I/LSPosed-Bridge  ] NoActive-Log [õ┐Īµü»] ńøæÕÉ¼µäÅÕøŠÕÉ»ÕŖ©µ£ŹÕŖĪ
[ 2026-06-07T16:42:22.276     1000:  2512:  2512 I/LSPosed-Bridge  ] NoActive-Log [õ┐Īµü»] ńøæÕÉ¼Õ╣┐µÆŁõ╗╗ÕŖĪńŖČµĆü
[ 2026-06-07T16:42:22.277     1000:  2512:  2512 I/LSPosed-Bridge  ] NoActive-Log [õ┐Īµü»] ńøæÕÉ¼Õ╣┐µÆŁÕåĘÕÉ»ÕŖ©
[ 2026-06-07T16:42:22.277     1000:  2512:  2512 I/LSPosed-Bridge  ] NoActive-Log [õ┐Īµü»] ńøæÕÉ¼Õ╣┐µÆŁĶ┐øń©ŗĶĮĮÕģź
[ 2026-06-07T16:42:22.278     1000:  2512:  2512 I/LSPosed-Bridge  ] NoActive-Log [õ┐Īµü»] ńøæÕÉ¼Õ╣┐µÆŁĶ┐øń©ŗµĖģńÉå
[ 2026-06-07T16:42:22.279     1000:  2512:  2512 I/LSPosed-Bridge  ] NoActive-Log [õ┐Īµü»] õ┐«µö╣µś»ÕÉ”ĶĘ│Ķ┐ćķØÖµĆüÕ╣┐µÆŁµłÉÕŖ¤
[ 2026-06-07T16:42:22.279     1000:  2512:  2512 I/LSPosed-Bridge  ] NoActive-Log [õ┐Īµü»] õ┐«µö╣µś»ÕÉ”ĶĘ│Ķ┐ćÕŖ©µĆüÕ╣┐µÆŁµłÉÕŖ¤
[ 2026-06-07T16:42:22.280     1000:  2512:  2512 I/LSPosed-Bridge  ] NoActive-Log [õ┐Īµü»] ńøæÕÉ¼Õ║öńö©Õżćõ╗ĮńŖČµĆü
[ 2026-06-07T16:42:22.281     1000:  2512:  2512 I/LSPosed-Bridge  ] NoActive-Log [õ┐Īµü»] ńøæÕÉ¼VPNńŖČµĆüµłÉÕŖ¤
[ 2026-06-07T16:42:22.283     1000:  2512:  2512 I/LSPosed-Bridge  ] NoActive-Log [õ┐Īµü»] Õģ▒Õ▒ÅĶöĮ4ÕżäÕ║öńö©µŚĀÕōŹÕ║ö
[ 2026-06-07T16:42:22.284     1000:  2512:  2512 I/LSPosed-Bridge  ] NoActive-Log [õ┐Īµü»] ńē╣µ«ŖÕ║öńö©µŚĀÕōŹÕ║öµŗ”µł¬µłÉÕŖ¤
[ 2026-06-07T16:42:22.285     1000:  2512:  2512 I/LSPosed-Bridge  ] NoActive-Log [õ┐Īµü»] ńøæÕÉ¼ń│╗ń╗¤ÕÉ»ÕŖ©Õ«īµłÉ
[ 2026-06-07T16:42:22.286     1000:  2512:  2512 I/LSPosed-Bridge  ] NoActive-Log [õ┐Īµü»] ńøæÕÉ¼ÕŠģÕÉ»ÕŖ©µ£ŹÕŖĪ
[ 2026-06-07T16:42:22.286     1000:  2512:  2512 I/LSPosed-Bridge  ] NoActive-Log [õ┐Īµü»] ńøæÕÉ¼µ£ŹÕŖĪÕÉ»ÕŖ©
[ 2026-06-07T16:42:22.287     1000:  2512:  2512 I/LSPosed-Bridge  ] NoActive-Log [õ┐Īµü»] ĶÄĘÕÅ¢Milletµ£ŹÕŖĪ
[ 2026-06-07T16:42:22.290     1000:  2512:  2512 I/LSPosed-Bridge  ] NoActive-Log [õ┐Īµü»] ńøæÕÉ¼MilletõĖōÕ▒×BinderķĆÜń¤ź
[ 2026-06-07T16:42:22.290     1000:  2512:  2512 I/LSPosed-Bridge  ] NoActive-Log [õ┐Īµü»] Õ▒ÅĶöĮMilletĶ┐£ń©ŗĶ░āńö©
[ 2026-06-07T16:42:22.291     1000:  2512:  2512 I/LSPosed-Bridge  ] NoActive-Log [õ┐Īµü»] ńøæÕÉ¼MilletńĮæń╗£
[ 2026-06-07T16:42:22.292     1000:  2512:  2512 I/LSPosed-Bridge  ] NoActive-Log [õ┐Īµü»] ÕÉ»ńö©MilletńøæÕÉ¼
[ 2026-06-07T16:42:22.292     1000:  2512:  2512 I/LSPosed-Bridge  ] NoActive-Log [õ┐Īµü»] ń”üńö©Milletµ£ŹÕŖĪ
[ 2026-06-07T16:42:22.295     1000:  2512:  2512 I/LSPosed-Bridge  ] NoActive-Log [õ┐Īµü»] ńøæÕÉ¼µ│©ÕåīÕ╣┐µÆŁ
[ 2026-06-07T16:42:22.302     1000:  2512:  2512 I/LSPosed-Bridge  ] NoActive-Log [õ┐Īµü»] ń│╗ń╗¤µĪåµ×Č HookÕ«īµ»Ģ
[ 2026-06-07T16:42:22.305     1000:  2512:  4626 I/LSPosed-Bridge  ] NoActive-Log [õ┐Īµü»] µŻĆµĄŗÕł░NetLinkÕÅéµĢ░ 22
[ 2026-06-07T16:42:22.309     1000:  2512:  4626 I/LSPosed-Bridge  ] NoActive-Log [õ┐Īµü»] ÕĘ▓Ķ┐×µÄźĶć│NetLink 22#100
[ 2026-06-07T16:42:22.327     1000:  2512:  2512 I/LSPosed-Bridge  ] NoActive-Log [õ┐Īµü»] ńøæÕÉ¼ķģŹńĮ«µ¢ćõ╗ČÕÅśµø┤
[ 2026-06-07T16:42:22.328     1000:  2512:  2512 I/LSPosed-Bridge  ] NoActive-Log [õ┐Īµü»] ĶĮ«ńĢ¬Ķ¦ŻÕå╗Õ╝ĆÕÉ» µ»Å 600 ń¦ÆĶ¦ŻÕå╗õĖĆõĖ¬Õ║öńö©
[ 2026-06-07T16:42:22.351     1000:  2512:  2512 I/LSPosed-Bridge  ] [I/MaxFreeForm] Inited hook: RemoveSmallWindowRestrictions
[ 2026-06-07T16:42:22.353     1000:  2512:  2512 I/LSPosed-Bridge  ] [I/MaxFreeForm] Inited hook: UnlockForegroundPin
[ 2026-06-07T16:42:22.354     1000:  2512:  2512 I/LSPosed-Bridge  ] [I/MaxFreeForm] Inited hook: UnlockFreeformQuantityLimit
[ 2026-06-07T16:42:22.355     1000:  2512:  2512 I/LSPosed-Bridge  ] [I/MaxFreeForm] Inited package: Android
[ 2026-06-07T16:42:22.452        0:  1229:  1229 I/LSPosedService  ] service package is not started, wait 1s.
[ 2026-06-07T16:42:22.808     1000:  2512:  2512 I/LSPosed-Bridge  ] NoActive-Log [õ┐Īµü»] ńøæÕÉ¼ÕŠģµśŠńż║Õ║öńö©ÕłŚĶĪ©µłÉÕŖ¤
[ 2026-06-07T16:42:22.814     1000:  2512:  2512 I/LSPosed-Bridge  ] NoActive-Log [õ┐Īµü»] Õ«ēÕŹōµĀĖÕ┐āµ£ŹÕŖĪĶÄĘÕÅ¢µłÉÕŖ¤
[ 2026-06-07T16:42:22.814     1000:  2512:  2512 I/LSPosed-Bridge  ] NoActive-Log [õ┐Īµü»] ńøæÕÉ¼Õ║öńö©Õżćõ╗ĮńŖČµĆü
[ 2026-06-07T16:42:22.842     1000:  2512:  2512 I/LSPosed-Bridge  ] NoActive-Log [õ┐Īµü»] ńöĄµ▒Āń«ĪńÉåµ£ŹÕŖĪĶÄĘÕÅ¢µłÉÕŖ¤
[ 2026-06-07T16:42:23.452        0:  1229:  1229 I/LSPosedService  ] service package is not started, wait 1s.
[ 2026-06-07T16:42:24.452        0:  1229:  1229 I/LSPosedService  ] service package is not started, wait 1s.
[ 2026-06-07T16:42:25.453        0:  1229:  1229 I/LSPosedService  ] service package is not started, wait 1s.
[ 2026-06-07T16:42:26.283     1000:  2512:  2512 I/LSPosed-Bridge  ] Disabled FLAG_SECURE for: com.android.providers.settings
[ 2026-06-07T16:42:26.292     1000:  2512:  2512 I/LSPosed-Bridge  ] [HyperCeiler][E][getAppsUsingInputMethod]: have e: java.lang.IllegalStateException: IInputMethodManager is not available, message: IInputMethodManager is not available
[ 2026-06-07T16:42:26.503     1000:  2512:  2512 I/LSPosed-Bridge  ] Disabled FLAG_SECURE for: com.android.server.telecom
[ 2026-06-07T16:42:26.660        0:  1229:  1229 I/LSPosed         ] mount dex2oat /apex/com.android.art/bin/dex2oat64
[ 2026-06-07T16:42:26.660        0:  1229:  1229 I/LSPosed         ] mount dex2oat /apex/com.android.art/bin/dex2oat32
[ 2026-06-07T16:42:26.675        0:  1229:  1229 I/lspd            ] AssetManager2(0xb4000071cb1e41d8) locale list changing from [] to [zh-CN]
[ 2026-06-07T16:42:26.681     1000:  2512:  4452 I/LSPosedBridge   ] binder received
[ 2026-06-07T16:42:26.681        0:  1229:  1229 I/LSPosedService  ] sent service to bridge
[ 2026-06-07T16:42:26.710     1000:  2512:  2512 I/LSPosed-Bridge  ] NoActive-Log [õ┐Īµü»] Alarmń«ĪńÉåµ£ŹÕŖĪĶÄĘÕÅ¢µłÉÕŖ¤
[ 2026-06-07T16:42:27.438     1000:  2512:  2512 I/LSPosed-Bridge  ] NoActive-Log [õ┐Īµü»] Ķ«ŠÕżćõ╝æń£ĀµÄ¦ÕłČÕÖ©ĶÄĘÕÅ¢µłÉÕŖ¤
[ 2026-06-07T16:42:27.483     1000:  2512:  2512 I/LSPosed-Bridge  ] NoActive-Log [õ┐Īµü»] ńĮæń╗£ń«ĪńÉåµ£ŹÕŖĪĶÄĘÕÅ¢µłÉÕŖ¤
[ 2026-06-07T16:42:27.699     1000:  2512:  2512 I/LSPosed-Bridge  ] NoActive-Log [õ┐Īµü»] ķĆÜń¤źń«ĪńÉåµ£ŹÕŖĪĶÄĘÕÅ¢µłÉÕŖ¤
[ 2026-06-07T16:42:27.699     1000:  2512:  2512 I/LSPosed-Bridge  ] NoActive-Log [õ┐Īµü»] ńøæÕÉ¼ķĆÜń¤źÕłŚĶĪ©µłÉÕŖ¤
[ 2026-06-07T16:42:27.942     1000:  2512:  2512 I/LSPosed-Bridge  ] NoActive-Log [õ┐Īµü»] JobÕ«ÜµŚČń«ĪńÉåµ£ŹÕŖĪĶÄĘÕÅ¢µłÉÕŖ¤
[ 2026-06-07T16:42:28.046     1000:  2512:  2512 I/LSPosed-Bridge  ] NoActive-Log [õ┐Īµü»] µÄ¦ÕłČMilletńøæÕÉ¼ńĮæń╗£
[ 2026-06-07T16:42:28.955     1000:  2512:  2512 I/LSPosed-Bridge  ] NoActive-Log [õ┐Īµü»] Õ«ēÕŹōõ╗╗ÕŖĪń«ĪńÉåµ£ŹÕŖĪĶÄĘÕÅ¢µłÉÕŖ¤
[ 2026-06-07T16:42:28.964     1000:  2512:  2512 I/LSPosed-Bridge  ] NoActive-Log [õ┐Īµü»] Ķ┐øń©ŗÕłŚĶĪ©õ╗ŻńÉåÕ»╣Ķ▒ĪĶÄĘÕÅ¢µłÉÕŖ¤
[ 2026-06-07T16:42:29.526        0:  1229:  1400 I/LSPosedService  ] manager is not installed
[ 2026-06-07T16:42:29.710        0:  1214:  1215 I/zn-daemon64     ] [zn-zygisk-loader32,0,1357,1357]preload zygisk modules
[ 2026-06-07T16:42:29.719        0:  1214:  1215 I/zn-daemon64     ] [zn-zygisk-loader32,0,1357,1357]preloaded 1/1 modules
[ 2026-06-07T16:42:31.007     1000:  2512:  2512 I/LSPosed-Bridge  ] NoActive-Log [õ┐Īµü»] ń│╗ń╗¤ÕÉ»ÕŖ©Õ«īµłÉ
[ 2026-06-07T16:42:31.007     1000:  2512:  2512 I/LSPosed-Bridge  ] NoActive-Log [õ┐Īµü»] µ│©ÕåīÕ▒ÅÕ╣ĢńŖČµĆüÕ╣┐µÆŁ
[ 2026-06-07T16:42:31.009     1000:  2512:  2512 I/LSPosed-Bridge  ] NoActive-Log [õ┐Īµü»] µ│©ÕåīUIDń¦╗ķÖżÕ╣┐µÆŁ
[ 2026-06-07T16:42:31.046     1000:  2512:  2512 I/LSPosed-Bridge  ] NoActive-Log [õ┐Īµü»] µ│©ÕåīÕ║öńö©Õ«ēĶŻģÕŹĖĶĮĮÕ╣┐µÆŁ
[ 2026-06-07T16:42:31.046     1000:  2512:  2512 I/LSPosed-Bridge  ] NoActive-Log [õ┐Īµü»] ńøæÕÉ¼AppOpsõĮ┐ńö©
[ 2026-06-07T16:42:31.322    10139:  6734:  6734 I/LSPosed-Bridge  ] [I/MaxFreeForm] Inited package: Home
[ 2026-06-07T16:42:31.684     1000:  6698:  6698 I/LSPosed-Bridge  ] [I/MaxFreeForm] Inited hook: CanNotificationSlide
[ 2026-06-07T16:42:31.700     1000:  6698:  6698 I/LSPosed-Bridge  ] [I/MaxFreeForm] Inited hook: RemoveFreeformBottomBar
[ 2026-06-07T16:42:31.704     1000:  6698:  6698 I/LSPosed-Bridge  ] [I/MaxFreeForm] Inited hook: RemoveFreeformTopBar
[ 2026-06-07T16:42:31.706     1000:  6698:  6698 I/LSPosed-Bridge  ] [I/MaxFreeForm] Inited hook: RemoveFreeformTopBarForList
[ 2026-06-07T16:42:31.712     1000:  6698:  6698 I/LSPosed-Bridge  ] [I/MaxFreeForm] Inited hook: UnlockMultipleTask
[ 2026-06-07T16:42:31.712     1000:  6698:  6698 I/LSPosed-Bridge  ] [I/MaxFreeForm] Inited package: SystemUI
[ 2026-06-07T16:42:31.718     1000:  6698:  6698 I/LSPosed-Bridge  ] [I/MaxFreeForm] Inited hook: RemoveConversationBubbleSettingsRestriction in: com.android.systemui
[ 2026-06-07T16:42:31.718     1000:  6698:  6698 I/LSPosedContext  ] cn.buffcow.hyper5g: onPackageLoaded: com.android.systemui
[ 2026-06-07T16:42:31.738     1000:  2512:  6884 I/LSPosed-Bridge  ] NoActive-Log [õ┐Īµü»] Õ╝ĆÕ¦ŗHook ń│╗ń╗¤ńĢīķØó
[ 2026-06-07T16:42:31.749     1000:  2512:  6881 I/LSPosed-Bridge  ] NoActive-Log [õ┐Īµü»] ńøæÕÉ¼ķĆÜń¤źµĀÅõĖŗµŗēńŻüĶ┤┤ńé╣Õć╗
[ 2026-06-07T16:42:31.750     1000:  2512:  6881 I/LSPosed-Bridge  ] NoActive-Log [õ┐Īµü»] ń│╗ń╗¤ńĢīķØó Hookń╗ōµØ¤
[ 2026-06-07T16:42:36.525    10164:  7825:  7825 I/LSPosed-Bridge  ] [HyperCeiler][W][com.miui.misound][IncreaseSamplingRate]: hook com.miui.misound.mihearingassist.h.a failed by , by: java.lang.ClassNotFoundException: com.miui.misound.mihearingassist.h
[ 2026-06-07T16:42:36.526    10164:  7825:  7825 I/LSPosed-Bridge  ] [HyperCeiler][W][com.miui.misound][IncreaseSamplingRate]: hook com.miui.misound.mihearingassist.h.b failed by , by: java.lang.ClassNotFoundException: com.miui.misound.mihearingassist.h
[ 2026-06-07T16:42:36.532    10164:  7825:  7825 I/LSPosed-Bridge  ] [HyperCeiler][W][com.miui.misound][IncreaseSamplingRate]: hook com.miui.misound.mihearingassist.h.b failed by , by: java.lang.ClassNotFoundException: com.miui.misound.mihearingassist.h
[ 2026-06-07T16:42:37.342     1000:  2512:  5276 I/LSPosed-Bridge  ] NoActive-Log [õ┐Īµü»] Õ▒ÅĶöĮMilletĶ┐£ń©ŗĶ░āńö©µłÉÕŖ¤
[ 2026-06-07T16:42:37.683        0:  8281:  8281 I/KernelSU        ] ksud::cli: command: BootCompleted
[ 2026-06-07T16:42:37.726        0:  8281:  8281 I/KernelSU        ] ksud::init_event: on_boot_completed triggered!
[ 2026-06-07T16:42:37.726        0:  8281:  8281 I/KernelSU        ] ksud::utils: safemode: false
[ 2026-06-07T16:42:37.726        0:  8281:  8281 I/KernelSU        ] ksud::utils: kernel_safemode: false
[ 2026-06-07T16:42:37.726        0:  8281:  8281 I/KernelSU        ] ksud::module: /data/adb/boot-completed.d not exists, skip
[ 2026-06-07T16:42:37.730        0:  8281:  8281 I/KernelSU        ] ksud::metamodule: Found metamodule in modules directory: /data/adb/modules/meta-overlayfs
[ 2026-06-07T16:42:37.738        0:  8281:  8281 I/KernelSU        ] ksud::metamodule: Found metamodule in modules directory: /data/adb/modules/meta-overlayfs
[ 2026-06-07T16:42:38.120        0:  1229:  1326 I/lspd            ] This is sticky GC, maxfree is 33554432 minfree is 8388608
[ 2026-06-07T16:42:38.120        0:  1229:  1326 I/lspd            ] Background young concurrent copying GC freed 19MB AllocSpace bytes, 115(15MB) LOS objects, 0% free, 75MB/75MB, paused 3.285ms,2.347ms total 276.369ms
[ 2026-06-07T16:42:38.481        0:  1229:  1326 I/lspd            ] This is non sticky GC, maxfree is 33554432 minfree is 8388608
[ 2026-06-07T16:42:38.481        0:  1229:  1326 I/lspd            ] Background concurrent copying GC freed 45MB AllocSpace bytes, 248(38MB) LOS objects, 48% free, 101MB/197MB, paused 7.014ms,525us total 360.789ms
[ 2026-06-07T16:42:41.428    10269:  9079:  9079 E/AndroidRuntime  ] FATAL EXCEPTION: main
Process: com.accessibilitymanager, PID: 9079
java.lang.RuntimeException: Unable to start receiver com.accessibilitymanager.StartReceiver: java.lang.IllegalStateException: SharedPreferences in credential encrypted storage are not available until after user (id 0) is unlocked
	at android.app.ActivityThread.handleReceiver(ActivityThread.java:5535)
	at android.app.ActivityThread.-$$Nest$mhandleReceiver(Unknown Source:0)
	at android.app.ActivityThread$H.handleMessage(ActivityThread.java:2857)
	at android.os.Handler.dispatchMessage(Handler.java:114)
	at android.os.Looper.loopOnce(Looper.java:274)
	at android.os.Looper.loop(Looper.java:369)
	at android.app.ActivityThread.main(ActivityThread.java:10090)
	at java.lang.reflect.Method.invoke(Native Method)
	at com.android.internal.os.RuntimeInit$MethodAndArgsCaller.run(RuntimeInit.java:616)
	at com.android.internal.os.ZygoteInit.main(ZygoteInit.java:1137)
Caused by: java.lang.IllegalStateException: SharedPreferences in credential encrypted storage are not available until after user (id 0) is unlocked
	at android.app.ContextImpl.getSharedPreferences(ContextImpl.java:642)
	at android.app.ContextImpl.getSharedPreferences(ContextImpl.java:620)
	at android.content.ContextWrapper.getSharedPreferences(ContextWrapper.java:239)
	at android.content.ContextWrapper.getSharedPreferences(ContextWrapper.java:239)
	at com.accessibilitymanager.StartReceiver.onReceive(StartReceiver.java:19)
	at android.app.ActivityThread.handleReceiver(ActivityThread.java:5519)
	... 9 more
[ 2026-06-07T16:42:41.456     1000:  2512:  6890 I/LSPosed-Bridge  ] [HyperCeiler][E][CrashHook]: context: android.window.SystemUiContext@8ee8251 pkg: android proc: ProcessRecord{f68e939 9079:com.accessibilitymanager/u0a269} crash: android.app.ApplicationErrorReport$ParcelableCrashInfo@90d363e short: java.lang.IllegalStateException long: java.lang.IllegalStateException: SharedPreferences in credential encrypted storage are not available until after user (id 0) is unlocked stack: java.lang.RuntimeException: Unable to start receiver com.accessibilitymanager.StartReceiver: java.lang.IllegalStateException: SharedPreferences in credential encrypted storage are not available until after user (id 0) is unlocked
	at android.app.ActivityThread.handleReceiver(ActivityThread.java:5535)
	at android.app.ActivityThread.-$$Nest$mhandleReceiver(Unknown Source:0)
	at android.app.ActivityThread$H.handleMessage(ActivityThread.java:2857)
	at android.os.Handler.dispatchMessage(Handler.java:114)
	at android.os.Looper.loopOnce(Looper.java:274)
	at android.os.Looper.loop(Looper.java:369)
	at android.app.ActivityThread.main(ActivityThread.java:10090)
	at java.lang.reflect.Method.invoke(Native Method)
	at com.android.internal.os.RuntimeInit$MethodAndArgsCaller.run(RuntimeInit.java:616)
	at com.android.internal.os.ZygoteInit.main(ZygoteInit.java:1137)
Caused by: java.lang.IllegalStateException: SharedPreferences in credential encrypted storage are not available until after user (id 0) is unlocked
	at android.app.ContextImpl.getSharedPreferences(ContextImpl.java:642)
	at android.app.ContextImpl.getSharedPreferences(ContextImpl.java:620)
	at android.content.ContextWrapper.getSharedPreferences(ContextWrapper.java:239)
	at android.content.ContextWrapper.getSharedPreferences(ContextWrapper.java:239)
	at com.accessibilitymanager.StartReceiver.onReceive(StartReceiver.java:19)
	at android.app.ActivityThread.handleReceiver(ActivityThread.java:5519)
	... 9 more
 time: 1780821761441 pid: 9079 uid: 10269
[ 2026-06-07T16:42:43.155     1000:  6698:  6698 I/LSPosedContext  ] cn.buffcow.hyper5g: [Hyper5G] Plugin for systemui control center created.
[ 2026-06-07T16:42:43.344     1000:  6698:  6698 I/LSPosedContext  ] cn.buffcow.hyper5g: [Hyper5G] onCreate, ctrl=miui.systemui.controlcenter.panel.secondary.detail.DetailPanelDelegate@5f366d5
[ 2026-06-07T16:42:43.347     1000:  6698:  6698 I/LSPosedContext  ] cn.buffcow.hyper5g: [Hyper5G] created moduleResources: android.content.res.MiuiResources@8affb6
[ 2026-06-07T16:42:53.032     1000:  2512:  4472 I/LSPosed-Bridge  ] NoActive-Log [õ┐Īµü»] Õ▒ÅĶöĮÕŖĀĶĮĮńö©µłĘµ£ĆĶ┐æõ╗╗ÕŖĪµłÉÕŖ¤
[ 2026-06-07T16:42:54.699     1027: 10262: 10262 I/LSPosed-Bridge  ] [HyperCeiler][E][getPackageVersionName]: kM.mXD.PMKQBaR.BBacRyT.XposedHelpers$InvocationTargetError: android.content.pm.PackageParser$PackageParserException: Failed to read manifest from /system/app/NQNfcNci/NQNfcNci.apk
[ 2026-06-07T16:42:54.708     1027: 10262: 10262 I/LSPosed-Bridge  ] [HyperCeiler][E][getPackageVersionCode]: kM.mXD.PMKQBaR.BBacRyT.XposedHelpers$InvocationTargetError: android.content.pm.PackageParser$PackageParserException: Failed to read manifest from /system/app/NQNfcNci/NQNfcNci.apk
[ 2026-06-07T16:42:56.914     1000:  2512:  4452 I/LSPosed-Bridge  ] NoActive-Log [õ┐Īµü»] MilletķĆÜń¤źµŁŻÕĖĖ
[ 2026-06-07T16:42:56.915     1000:  2512:  4625 I/LSPosed-Bridge  ] NoActive-Log [õ┐Īµü»] ReKernelķĆÜń¤źµŁŻÕĖĖ
[ 2026-06-07T16:42:56.915     1000:  2512:  4625 I/LSPosed-Bridge  ] NoActive-Log [õ┐Īµü»] ÕÅ¢µČłńøæÕÉ¼MilletµłÉÕŖ¤
[ 2026-06-07T16:42:56.915     1000:  2512:  4625 I/LSPosed-Bridge  ] NoActive-Log [õ┐Īµü»] ÕÅ¢µČłĶÄĘÕÅ¢Milletµ£ŹÕŖĪµłÉÕŖ¤
[ 2026-06-07T16:42:56.916     1000:  2512:  4625 I/LSPosed-Bridge  ] NoActive-Log [õ┐Īµü»] ÕÅ¢µČłńøæÕÉ¼MilletńĮæń╗£µłÉÕŖ¤
[ 2026-06-07T16:43:27.446     1000:  2512:  4625 I/LSPosed-Bridge  ] NoActive-Log [õ┐Īµü»] ReKernelķĆÜń¤źńĮæń╗£ õĖ┤µŚČĶ¦ŻÕå╗ com.tencent.mm
[ 2026-06-07T16:43:32.130    10122: 19424: 19424 I/LSPosed-Bridge  ] [HyperCeiler][E][com.miui.mishare.connectivity][UnlockTurboMode]: Hook Failed: org.luckypray.dexkit.exceptions.NoResultException: No result found for query
	at org.luckypray.dexkit.result.BaseDataList.single(r8-map-id-6e239032b7679d01e4aa27b3359d05322c667ce1afd591077bfc26939379a12d:6)
	at r.d.b(r8-map-id-6e239032b7679d01e4aa27b3359d05322c667ce1afd591077bfc26939379a12d:8)
	at com.sevtinge.hyperceiler.hook.module.hook.mishare.UnlockTurboMode.turboModeMethod_delegate$lambda$3$lambda$2(r8-map-id-6e239032b7679d01e4aa27b3359d05322c667ce1afd591077bfc26939379a12d:36)
	at com.sevtinge.hyperceiler.hook.module.hook.mishare.UnlockTurboMode.b(r8-map-id-6e239032b7679d01e4aa27b3359d05322c667ce1afd591077bfc26939379a12d:1)
	at com.sevtinge.hyperceiler.hook.module.hook.mediaeditor.d.dexkit(r8-map-id-6e239032b7679d01e4aa27b3359d05322c667ce1afd591077bfc26939379a12d:2)
	at com.sevtinge.hyperceiler.hook.module.base.dexkit.DexKit.findMember(r8-map-id-6e239032b7679d01e4aa27b3359d05322c667ce1afd591077bfc26939379a12d:5)
	at com.sevtinge.hyperceiler.hook.module.base.dexkit.DexKit.findMember(r8-map-id-6e239032b7679d01e4aa27b3359d05322c667ce1afd591077bfc26939379a12d:1)
	at com.sevtinge.hyperceiler.hook.module.hook.mishare.UnlockTurboMode.turboModeMethod_delegate$lambda$3(r8-map-id-6e239032b7679d01e4aa27b3359d05322c667ce1afd591077bfc26939379a12d:17)
	at com.sevtinge.hyperceiler.hook.module.hook.mishare.UnlockTurboMode.c(r8-map-id-6e239032b7679d01e4aa27b3359d05322c667ce1afd591077bfc26939379a12d:1)
	at com.sevtinge.hyperceiler.hook.module.hook.mediaeditor.a.invoke(r8-map-id-6e239032b7679d01e4aa27b3359d05322c667ce1afd591077bfc26939379a12d:6)
	at I1.i.getValue(r8-map-id-6e239032b7679d01e4aa27b3359d05322c667ce1afd591077bfc26939379a12d:18)
	at com.sevtinge.hyperceiler.hook.module.hook.mishare.UnlockTurboMode.getTurboModeMethod(r8-map-id-6e239032b7679d01e4aa27b3359d05322c667ce1afd591077bfc26939379a12d:3)
	at com.sevtinge.hyperceiler.hook.module.hook.mishare.UnlockTurboMode.init(r8-map-id-6e239032b7679d01e4aa27b3359d05322c667ce1afd591077bfc26939379a12d:3)
	at com.sevtinge.hyperceiler.hook.module.base.BaseHook.onCreate(r8-map-id-6e239032b7679d01e4aa27b3359d05322c667ce1afd591077bfc26939379a12d:4)
	at com.sevtinge.hyperceiler.hook.module.base.BaseModule.onCreate(r8-map-id-6e239032b7679d01e4aa27b3359d05322c667ce1afd591077bfc26939379a12d:9)
	at com.sevtinge.hyperceiler.hook.module.base.BaseModule.initHook(r8-map-id-6e239032b7679d01e4aa27b3359d05322c667ce1afd591077bfc26939379a12d:8)
	at com.sevtinge.hyperceiler.hook.module.base.BaseModule.initHook(r8-map-id-6e239032b7679d01e4aa27b3359d05322c667ce1afd591077bfc26939379a12d:2)
	at com.sevtinge.hyperceiler.hook.module.app.MiShare.handleLoadPackage(r8-map-id-6e239032b7679d01e4aa27b3359d05322c667ce1afd591077bfc26939379a12d:58)
	at com.sevtinge.hyperceiler.hook.module.base.BaseModule.init(r8-map-id-6e239032b7679d01e4aa27b3359d05322c667ce1afd591077bfc26939379a12d:118)
	at com.sevtinge.hyperceiler.hook.f.accept(r8-map-id-6e239032b7679d01e4aa27b3359d05322c667ce1afd591077bfc26939379a12d:75)
	at java.util.HashMap.forEach(HashMap.java:1432)
	at com.sevtinge.hyperceiler.hook.XposedInit.invokeInit(r8-map-id-6e239032b7679d01e4aa27b3359d05322c667ce1afd591077bfc26939379a12d:90)
	at com.sevtinge.hyperceiler.hook.XposedInit.handleLoadPackage(r8-map-id-6e239032b7679d01e4aa27b3359d05322c667ce1afd591077bfc26939379a12d:198)
	at kM.mXD.PMKQBaR.BBacRyT.IXposedHookLoadPackage$Wrapper.handleLoadPackage(r8-map-id-1b503ce2d1eb437266e175dc68a023819023d9852a09899d29d782d634f0016f:3)
	at kM.mXD.PMKQBaR.BBacRyT.callbacks.XC_LoadPackage.call(r8-map-id-1b503ce2d1eb437266e175dc68a023819023d9852a09899d29d782d634f0016f:7)
	at kM.mXD.PMKQBaR.BBacRyT.callbacks.XCallback.callAll(r8-map-id-1b503ce2d1eb437266e175dc68a023819023d9852a09899d29d782d634f0016f:27)
	at g1.after(r8-map-id-1b503ce2d1eb437266e175dc68a023819023d9852a09899d29d782d634f0016f:402)
	at java.lang.reflect.Method.invoke(Native Method)
[ 2026-06-07T16:43:32.130    10122: 19424: 19424 I/LSPosed-Bridge  ] 	at j0.callback(r8-map-id-1b503ce2d1eb437266e175dc68a023819023d9852a09899d29d782d634f0016f:291)
	at LSPHooker_.createOrUpdateClassLoaderLocked(LSP)
	at android.app.LoadedApk.getClassLoader(LoadedApk.java:1221)
	at android.app.LoadedApk.getResources(LoadedApk.java:1480)
	at android.app.ContextImpl.createAppContext(ContextImpl.java:3509)
	at android.app.ContextImpl.createAppContext(ContextImpl.java:3500)
	at android.app.ActivityThread.handleBindApplication(ActivityThread.java:8536)
	at android.app.ActivityThread.-$$Nest$mhandleBindApplication(Unknown Source:0)
	at android.app.ActivityThread$H.handleMessage(ActivityThread.java:2826)
	at android.os.Handler.dispatchMessage(Handler.java:114)
	at android.os.Looper.loopOnce(Looper.java:274)
	at android.os.Looper.loop(Looper.java:369)
	at android.app.ActivityThread.main(ActivityThread.java:10090)
	at java.lang.reflect.Method.invoke(Native Method)
	at com.android.internal.os.RuntimeInit$MethodAndArgsCaller.run(RuntimeInit.java:616)
	at com.android.internal.os.ZygoteInit.main(ZygoteInit.java:1137)
[ 2026-06-07T16:43:38.188        0:  1214:  1246 E/zn-daemon64     ] denylist policy is only supported in Magisk
[ 2026-06-07T16:43:38.206        0:  1214:  1361 I/zn-daemon64     ] denylist enforce mode set to 2
[ 2026-06-07T16:43:38.207        0:  1214:  1361 I/zn-daemon64     ] ** write prop
[ 2026-06-07T16:43:41.991     2000: 21430: 21430 I/LSPosed         ] Loaded manager, skipping next steps
[ 2026-06-07T16:43:42.707        0:  1229:  3892 W/BpBinder        ] Large outgoing transaction of 136 bytes, interface descriptor android.content.pm.IPackageManager, code 3 was sent
[ 2026-06-07T16:43:42.707        0:  1229:  3892 E/JavaBinder      ] !!! FAILED BINDER TRANSACTION !!!  (parcel size = 136)
[ 2026-06-07T16:43:42.714        0:  1229:  3886 W/BpBinder        ] Large outgoing transaction of 128 bytes, interface descriptor android.content.pm.IPackageManager, code 3 was sent
[ 2026-06-07T16:43:42.714        0:  1229:  3886 E/JavaBinder      ] !!! FAILED BINDER TRANSACTION !!!  (parcel size = 128)
[ 2026-06-07T16:43:42.717        0:  1229:  3886 W/BpBinder        ] Large outgoing transaction of 128 bytes, interface descriptor android.content.pm.IPackageManager, code 3 was sent
[ 2026-06-07T16:43:42.717        0:  1229:  3886 E/JavaBinder      ] !!! FAILED BINDER TRANSACTION !!!  (parcel size = 128)
[ 2026-06-07T16:43:42.718        0:  1229: 17617 W/BpBinder        ] Large outgoing transaction of 132 bytes, interface descriptor android.content.pm.IPackageManager, code 3 was sent
[ 2026-06-07T16:43:42.718        0:  1229: 17617 E/JavaBinder      ] !!! FAILED BINDER TRANSACTION !!!  (parcel size = 132)
[ 2026-06-07T16:43:42.720        0:  1229: 17617 W/BpBinder        ] Large outgoing transaction of 132 bytes, interface descriptor android.content.pm.IPackageManager, code 3 was sent
[ 2026-06-07T16:43:42.720        0:  1229: 17617 E/JavaBinder      ] !!! FAILED BINDER TRANSACTION !!!  (parcel size = 132)
[ 2026-06-07T16:43:43.629     2000: 21430: 21629 E/LSPosedManager  ] Failed to load repo from https://modules.lsposed.org/
java.io.IOException: Response not successful: 403
	at t1.run(r8-map-id-88e69a504bdff5bf0aa5c35a9f574ee0aa56e77ace16a690868e60a6f31336d4:467)
	at java.util.concurrent.ThreadPoolExecutor.runWorker(ThreadPoolExecutor.java:1302)
	at java.util.concurrent.ThreadPoolExecutor$Worker.run(ThreadPoolExecutor.java:677)
	at java.lang.Thread.run(Thread.java:1119)
[ 2026-06-07T16:43:43.679     2000: 21430: 21629 E/LSPosedManager  ] Failed to load repo from https://modules-edgeone.lsposed.org/
[ 2026-06-07T16:43:43.679     2000: 21430: 21629 E/LSPosedManager  ] load repo failed
[ 2026-06-07T16:43:47.318     1000:  2512:  4625 I/LSPosed-Bridge  ] NoActive-Log [õ┐Īµü»] ReKernelķĆÜń¤źńĮæń╗£ õĖ┤µŚČĶ¦ŻÕå╗ com.tencent.mm
[ 2026-06-07T16:44:14.531     1000:  2512:  5490 I/LSPosed-Bridge  ] NoActive-Log [õ┐Īµü»] ńĮæń╗£µ¢ŁÕ╝Ć õĖ┤µŚČĶ¦ŻÕå╗ com.tencent.mm
[ 2026-06-07T16:44:17.278     1041:  1446: 18074 F/libc            ] Fatal signal 6 (SIGABRT), code -1 (SI_QUEUE) in tid 18074 (HwBinder:1446_5), pid 1446 (audio.service_6)
[ 2026-06-07T16:44:17.459        0:  1214:  1361 I/zn-daemon64     ] zygote (64bit) (1354) died, 0xf signaled with TERM(15)
[ 2026-06-07T16:44:17.459        0:  1214:  1361 I/zn-daemon64     ] restart detected, reset launch count
[ 2026-06-07T16:44:17.459        0:  1214:  1361 I/zn-daemon64     ] ** write prop
[ 2026-06-07T16:44:17.462        0:  1214:  1351 I/zn-daemon64     ] zygote_secondary (32bit) (1357) died, 0xf signaled with TERM(15)
[ 2026-06-07T16:44:17.462        0:  1214:  1351 I/zn-daemon64     ] restart detected, reset launch count
[ 2026-06-07T16:44:17.463        0:  1214:  1351 I/zn-daemon64     ] ** write prop
[ 2026-06-07T16:44:18.134        0:  1229: 10388 W/LSPosedService  ] um is dead
[ 2026-06-07T16:44:18.134        0:  1229: 10388 W/LSPosedService  ] am is dead
[ 2026-06-07T16:44:18.134        0:  1229: 10388 I/LSPosedService  ] service activity is dead. 
[ 2026-06-07T16:44:18.134        0:  1229: 10388 I/LSPosedService  ] clear ServiceManager
[ 2026-06-07T16:44:18.134        0:  1229: 10388 I/LSPosedService  ] clear ActivityManager
[ 2026-06-07T16:44:18.134        0:  1229: 10388 W/LSPosedService  ] system server died
[ 2026-06-07T16:44:18.157        0:  1229: 10388 E/LSPosed         ] ņ╦├ŲŽ╬Ŗ▌├▐┬ŖčūéčūāÉŖ┘▐╦▐Ŗčū
[ 2026-06-07T16:44:18.157        0:  1229: 10388 E/LSPosed         ] ņ╦├ŲŽ╬Ŗ▌├▐┬ŖčūéčūāÉŖ┘▐╦▐Ŗčū
[ 2026-06-07T16:44:18.157        0:  1229: 10388 E/LSPosed         ] ņ╦├ŲŽ╬Ŗ▌├▐┬ŖčūéčūāÉŖ┘▐╦▐Ŗčū
[ 2026-06-07T16:44:18.157        0:  1229: 10388 E/LSPosed         ] ņ╦├ŲŽ╬Ŗ▌├▐┬ŖčūéčūāÉŖ┘▐╦▐Ŗčū
[ 2026-06-07T16:44:18.157        0:  1229:  1229 I/LSPosedService  ] service activity is not started, wait 1s.
[ 2026-06-07T16:44:19.159        0:  1229:  1229 I/LSPosedService  ] service activity is not started, wait 1s.
[ 2026-06-07T16:44:20.161        0:  1229:  1229 I/LSPosedService  ] service activity is not started, wait 1s.
[ 2026-06-07T16:44:21.165        0:  1229:  1229 I/LSPosedService  ] service activity is not started, wait 1s.
[ 2026-06-07T16:44:22.167        0:  1229:  1229 I/LSPosedService  ] service activity is not started, wait 1s.

Logd maybe crashed (err=Success), retrying in 1s...
